[ 2016-09-07T14:27:56+08:00 ] 127.0.0.1 /admin/Public/Admin/js/plugins/dataTables/dataTables.responsive.js
INFO: [ app_init ] --START--
INFO: Run Behavior\BuildLiteBehavior [ RunTime:0.000000s ]
INFO: [ app_init ] --END-- [ RunTime:0.001000s ]
ERR: 无法加载模块:Public

[ 2016-09-07T14:27:56+08:00 ] 127.0.0.1 /admin/Public/Admin/js/plugins/dataTables/dataTables.bootstrap.js
INFO: [ app_init ] --START--
INFO: Run Behavior\BuildLiteBehavior [ RunTime:0.001000s ]
INFO: [ app_init ] --END-- [ RunTime:0.002000s ]
ERR: 无法加载模块:Public

[ 2016-09-07T14:27:56+08:00 ] 127.0.0.1 /admin/Public/Admin/js/plugins/dataTables/jquery.dataTables.js
INFO: [ app_init ] --START--
INFO: Run Behavior\BuildLiteBehavior [ RunTime:0.000000s ]
INFO: [ app_init ] --END-- [ RunTime:0.001000s ]
ERR: 无法加载模块:Public

[ 2016-09-07T14:27:56+08:00 ] 127.0.0.1 /admin/Public/Admin/js/plugins/dataTables/dataTables.tableTools.min.js
INFO: [ app_init ] --START--
INFO: Run Behavior\BuildLiteBehavior [ RunTime:0.000000s ]
INFO: [ app_init ] --END-- [ RunTime:0.000000s ]
ERR: 无法加载模块:Public

[ 2016-09-07T14:27:56+08:00 ] 127.0.0.1 /admin/Public/Admin/js/plugins/dataTables/dataTables.responsive.js
INFO: [ app_init ] --START--
INFO: Run Behavior\BuildLiteBehavior [ RunTime:0.000000s ]
INFO: [ app_init ] --END-- [ RunTime:0.001000s ]
ERR: 无法加载模块:Public

[ 2016-09-07T14:27:56+08:00 ] 127.0.0.1 /admin/Public/Admin/js/plugins/dataTables/dataTables.tableTools.min.js
INFO: [ app_init ] --START--
INFO: Run Behavior\BuildLiteBehavior [ RunTime:0.001000s ]
INFO: [ app_init ] --END-- [ RunTime:0.001000s ]
ERR: 无法加载模块:Public

[ 2016-09-07T14:28:09+08:00 ] 127.0.0.1 /admin/Public/Admin/js/plugins/dataTables/dataTables.tableTools.min.js
INFO: [ app_init ] --START--
INFO: Run Behavior\BuildLiteBehavior [ RunTime:0.000000s ]
INFO: [ app_init ] --END-- [ RunTime:0.001000s ]
ERR: 无法加载模块:Public

[ 2016-09-07T14:28:10+08:00 ] 127.0.0.1 /admin/Public/Admin/js/plugins/dataTables/jquery.dataTables.js
INFO: [ app_init ] --START--
INFO: Run Behavior\BuildLiteBehavior [ RunTime:0.000000s ]
INFO: [ app_init ] --END-- [ RunTime:0.001000s ]
ERR: 无法加载模块:Public

[ 2016-09-07T14:28:10+08:00 ] 127.0.0.1 /admin/Public/Admin/js/plugins/dataTables/dataTables.responsive.js
INFO: [ app_init ] --START--
INFO: Run Behavior\BuildLiteBehavior [ RunTime:0.000000s ]
INFO: [ app_init ] --END-- [ RunTime:0.001000s ]
ERR: 无法加载模块:Public

[ 2016-09-07T14:28:10+08:00 ] 127.0.0.1 /admin/Public/Admin/js/plugins/dataTables/dataTables.bootstrap.js
INFO: [ app_init ] --START--
INFO: Run Behavior\BuildLiteBehavior [ RunTime:0.000000s ]
INFO: [ app_init ] --END-- [ RunTime:0.000000s ]
ERR: 无法加载模块:Public

[ 2016-09-07T14:28:10+08:00 ] 127.0.0.1 /admin/Public/Admin/js/plugins/dataTables/jquery.dataTables.js
INFO: [ app_init ] --START--
INFO: Run Behavior\BuildLiteBehavior [ RunTime:0.000000s ]
INFO: [ app_init ] --END-- [ RunTime:0.001000s ]
ERR: 无法加载模块:Public

[ 2016-09-07T14:28:10+08:00 ] 127.0.0.1 /admin/Public/Admin/js/plugins/dataTables/dataTables.bootstrap.js
INFO: [ app_init ] --START--
INFO: Run Behavior\BuildLiteBehavior [ RunTime:0.000000s ]
INFO: [ app_init ] --END-- [ RunTime:0.000000s ]
ERR: 无法加载模块:Public

[ 2016-09-07T14:28:10+08:00 ] 127.0.0.1 /admin/Public/Admin/js/plugins/dataTables/dataTables.responsive.js
INFO: [ app_init ] --START--
INFO: Run Behavior\BuildLiteBehavior [ RunTime:0.001000s ]
INFO: [ app_init ] --END-- [ RunTime:0.001000s ]
ERR: 无法加载模块:Public

[ 2016-09-07T14:28:10+08:00 ] 127.0.0.1 /admin/Public/Admin/js/plugins/dataTables/dataTables.tableTools.min.js
INFO: [ app_init ] --START--
INFO: Run Behavior\BuildLiteBehavior [ RunTime:0.000000s ]
INFO: [ app_init ] --END-- [ RunTime:0.000000s ]
ERR: 无法加载模块:Public

[ 2016-09-07T14:28:24+08:00 ] 127.0.0.1 /admin/Public/Admin/js/plugins/dataTables/dataTables.bootstrap.js
INFO: [ app_init ] --START--
INFO: Run Behavior\BuildLiteBehavior [ RunTime:0.000000s ]
INFO: [ app_init ] --END-- [ RunTime:0.001000s ]
ERR: 无法加载模块:Public

[ 2016-09-07T14:28:24+08:00 ] 127.0.0.1 /admin/Public/Admin/js/plugins/dataTables/dataTables.tableTools.min.js
INFO: [ app_init ] --START--
INFO: Run Behavior\BuildLiteBehavior [ RunTime:0.000000s ]
INFO: [ app_init ] --END-- [ RunTime:0.001000s ]
ERR: 无法加载模块:Public

[ 2016-09-07T14:28:24+08:00 ] 127.0.0.1 /admin/Public/Admin/js/plugins/dataTables/dataTables.responsive.js
INFO: [ app_init ] --START--
INFO: Run Behavior\BuildLiteBehavior [ RunTime:0.000000s ]
INFO: [ app_init ] --END-- [ RunTime:0.001000s ]
ERR: 无法加载模块:Public

[ 2016-09-07T14:28:24+08:00 ] 127.0.0.1 /admin/Public/Admin/js/plugins/dataTables/jquery.dataTables.js
INFO: [ app_init ] --START--
INFO: Run Behavior\BuildLiteBehavior [ RunTime:0.000000s ]
INFO: [ app_init ] --END-- [ RunTime:0.001000s ]
ERR: 无法加载模块:Public

[ 2016-09-07T14:28:25+08:00 ] 127.0.0.1 /admin/Public/Admin/js/plugins/dataTables/dataTables.bootstrap.js
INFO: [ app_init ] --START--
INFO: Run Behavior\BuildLiteBehavior [ RunTime:0.000000s ]
INFO: [ app_init ] --END-- [ RunTime:0.001000s ]
ERR: 无法加载模块:Public

[ 2016-09-07T14:28:25+08:00 ] 127.0.0.1 /admin/Public/Admin/js/plugins/dataTables/dataTables.responsive.js
INFO: [ app_init ] --START--
INFO: Run Behavior\BuildLiteBehavior [ RunTime:0.000000s ]
INFO: [ app_init ] --END-- [ RunTime:0.001000s ]
ERR: 无法加载模块:Public

[ 2016-09-07T14:28:25+08:00 ] 127.0.0.1 /admin/Public/Admin/js/plugins/dataTables/dataTables.tableTools.min.js
INFO: [ app_init ] --START--
INFO: Run Behavior\BuildLiteBehavior [ RunTime:0.000000s ]
INFO: [ app_init ] --END-- [ RunTime:0.000000s ]
ERR: 无法加载模块:Public

[ 2016-09-07T14:28:43+08:00 ] 127.0.0.1 /admin/Public/Admin/js/plugins/dataTables/dataTables.responsive.js
INFO: [ app_init ] --START--
INFO: Run Behavior\BuildLiteBehavior [ RunTime:0.000000s ]
INFO: [ app_init ] --END-- [ RunTime:0.002000s ]
ERR: 无法加载模块:Public

[ 2016-09-07T14:28:43+08:00 ] 127.0.0.1 /admin/Public/Admin/js/plugins/dataTables/dataTables.tableTools.min.js
INFO: [ app_init ] --START--
INFO: Run Behavior\BuildLiteBehavior [ RunTime:0.000000s ]
INFO: [ app_init ] --END-- [ RunTime:0.004000s ]
ERR: 无法加载模块:Public

[ 2016-09-07T14:28:43+08:00 ] 127.0.0.1 /admin/Public/Admin/js/plugins/dataTables/dataTables.bootstrap.js
INFO: [ app_init ] --START--
INFO: Run Behavior\BuildLiteBehavior [ RunTime:0.000000s ]
INFO: [ app_init ] --END-- [ RunTime:0.001000s ]
ERR: 无法加载模块:Public

[ 2016-09-07T14:28:43+08:00 ] 127.0.0.1 /admin/Public/Admin/js/plugins/dataTables/jquery.dataTables.js
INFO: [ app_init ] --START--
INFO: Run Behavior\BuildLiteBehavior [ RunTime:0.000000s ]
INFO: [ app_init ] --END-- [ RunTime:0.015001s ]
ERR: 无法加载模块:Public

[ 2016-09-07T14:28:43+08:00 ] 127.0.0.1 /admin/Public/Admin/js/plugins/dataTables/dataTables.bootstrap.js
INFO: [ app_init ] --START--
INFO: Run Behavior\BuildLiteBehavior [ RunTime:0.000000s ]
INFO: [ app_init ] --END-- [ RunTime:0.000000s ]
ERR: 无法加载模块:Public

[ 2016-09-07T14:28:43+08:00 ] 127.0.0.1 /admin/Public/Admin/js/plugins/dataTables/dataTables.responsive.js
INFO: [ app_init ] --START--
INFO: Run Behavior\BuildLiteBehavior [ RunTime:0.000000s ]
INFO: [ app_init ] --END-- [ RunTime:0.001001s ]
ERR: 无法加载模块:Public

[ 2016-09-07T14:28:43+08:00 ] 127.0.0.1 /admin/Public/Admin/js/plugins/dataTables/dataTables.tableTools.min.js
INFO: [ app_init ] --START--
INFO: Run Behavior\BuildLiteBehavior [ RunTime:0.000000s ]
INFO: [ app_init ] --END-- [ RunTime:0.001000s ]
ERR: 无法加载模块:Public

[ 2016-09-07T14:29:04+08:00 ] 127.0.0.1 /admin/Public/Admin/js/plugins/dataTables/dataTables.tableTools.min.js
INFO: [ app_init ] --START--
INFO: Run Behavior\BuildLiteBehavior [ RunTime:0.000000s ]
INFO: [ app_init ] --END-- [ RunTime:0.000000s ]
ERR: 无法加载模块:Public

[ 2016-09-07T14:29:04+08:00 ] 127.0.0.1 /admin/Public/Admin/js/plugins/dataTables/dataTables.responsive.js
INFO: [ app_init ] --START--
INFO: Run Behavior\BuildLiteBehavior [ RunTime:0.000000s ]
INFO: [ app_init ] --END-- [ RunTime:0.001000s ]
ERR: 无法加载模块:Public

[ 2016-09-07T14:29:04+08:00 ] 127.0.0.1 /admin/Public/Admin/js/plugins/dataTables/dataTables.bootstrap.js
INFO: [ app_init ] --START--
INFO: Run Behavior\BuildLiteBehavior [ RunTime:0.000000s ]
INFO: [ app_init ] --END-- [ RunTime:0.001000s ]
ERR: 无法加载模块:Public

[ 2016-09-07T14:29:04+08:00 ] 127.0.0.1 /admin/Public/Admin/js/plugins/dataTables/jquery.dataTables.js
INFO: [ app_init ] --START--
INFO: Run Behavior\BuildLiteBehavior [ RunTime:0.000000s ]
INFO: [ app_init ] --END-- [ RunTime:0.001000s ]
ERR: 无法加载模块:Public

[ 2016-09-07T14:29:04+08:00 ] 127.0.0.1 /admin/Public/Admin/js/plugins/dataTables/jquery.dataTables.js
INFO: [ app_init ] --START--
INFO: Run Behavior\BuildLiteBehavior [ RunTime:0.000000s ]
INFO: [ app_init ] --END-- [ RunTime:0.001000s ]
ERR: 无法加载模块:Public

[ 2016-09-07T14:29:04+08:00 ] 127.0.0.1 /admin/Public/Admin/js/plugins/dataTables/dataTables.bootstrap.js
INFO: [ app_init ] --START--
INFO: Run Behavior\BuildLiteBehavior [ RunTime:0.000000s ]
INFO: [ app_init ] --END-- [ RunTime:0.000000s ]
ERR: 无法加载模块:Public

[ 2016-09-07T14:29:04+08:00 ] 127.0.0.1 /admin/Public/Admin/js/plugins/dataTables/dataTables.responsive.js
INFO: [ app_init ] --START--
INFO: Run Behavior\BuildLiteBehavior [ RunTime:0.000000s ]
INFO: [ app_init ] --END-- [ RunTime:0.000000s ]
ERR: 无法加载模块:Public

[ 2016-09-07T14:29:04+08:00 ] 127.0.0.1 /admin/Public/Admin/js/plugins/dataTables/dataTables.tableTools.min.js
INFO: [ app_init ] --START--
INFO: Run Behavior\BuildLiteBehavior [ RunTime:0.000000s ]
INFO: [ app_init ] --END-- [ RunTime:0.001000s ]
ERR: 无法加载模块:Public

[ 2016-09-07T14:31:52+08:00 ] 127.0.0.1 /admin/Public/Admin/js/plugins/dataTables/dataTables.responsive.js
INFO: [ app_init ] --START--
INFO: Run Behavior\BuildLiteBehavior [ RunTime:0.000000s ]
INFO: [ app_init ] --END-- [ RunTime:0.001000s ]
ERR: 无法加载模块:Public

[ 2016-09-07T14:31:52+08:00 ] 127.0.0.1 /admin/Public/Admin/js/plugins/dataTables/dataTables.tableTools.min.js
INFO: [ app_init ] --START--
INFO: Run Behavior\BuildLiteBehavior [ RunTime:0.000000s ]
INFO: [ app_init ] --END-- [ RunTime:0.001000s ]
ERR: 无法加载模块:Public

[ 2016-09-07T14:31:52+08:00 ] 127.0.0.1 /admin/Public/Admin/js/plugins/dataTables/jquery.dataTables.js
INFO: [ app_init ] --START--
INFO: Run Behavior\BuildLiteBehavior [ RunTime:0.000000s ]
INFO: [ app_init ] --END-- [ RunTime:0.001000s ]
ERR: 无法加载模块:Public

[ 2016-09-07T14:31:52+08:00 ] 127.0.0.1 /admin/Public/Admin/js/plugins/dataTables/dataTables.bootstrap.js
INFO: [ app_init ] --START--
INFO: Run Behavior\BuildLiteBehavior [ RunTime:0.000000s ]
INFO: [ app_init ] --END-- [ RunTime:0.001000s ]
ERR: 无法加载模块:Public

[ 2016-09-07T14:31:52+08:00 ] 127.0.0.1 /admin/Public/Admin/js/plugins/dataTables/jquery.dataTables.js
INFO: [ app_init ] --START--
INFO: Run Behavior\BuildLiteBehavior [ RunTime:0.000000s ]
INFO: [ app_init ] --END-- [ RunTime:0.000000s ]
ERR: 无法加载模块:Public

[ 2016-09-07T14:31:52+08:00 ] 127.0.0.1 /admin/Public/Admin/js/plugins/dataTables/dataTables.bootstrap.js
INFO: [ app_init ] --START--
INFO: Run Behavior\BuildLiteBehavior [ RunTime:0.000000s ]
INFO: [ app_init ] --END-- [ RunTime:0.001000s ]
ERR: 无法加载模块:Public

[ 2016-09-07T14:31:52+08:00 ] 127.0.0.1 /admin/Public/Admin/js/plugins/dataTables/dataTables.responsive.js
INFO: [ app_init ] --START--
INFO: Run Behavior\BuildLiteBehavior [ RunTime:0.000000s ]
INFO: [ app_init ] --END-- [ RunTime:0.001000s ]
ERR: 无法加载模块:Public

[ 2016-09-07T14:31:52+08:00 ] 127.0.0.1 /admin/Public/Admin/js/plugins/dataTables/dataTables.tableTools.min.js
INFO: [ app_init ] --START--
INFO: Run Behavior\BuildLiteBehavior [ RunTime:0.000000s ]
INFO: [ app_init ] --END-- [ RunTime:0.001000s ]
ERR: 无法加载模块:Public

[ 2016-09-07T14:34:53+08:00 ] 127.0.0.1 /admin/Public/Admin/js/plugins/dataTables/dataTables.tableTools.min.js
INFO: [ app_init ] --START--
INFO: Run Behavior\BuildLiteBehavior [ RunTime:0.001000s ]
INFO: [ app_init ] --END-- [ RunTime:0.003000s ]
ERR: 无法加载模块:Public

[ 2016-09-07T14:34:53+08:00 ] 127.0.0.1 /admin/Public/Admin/js/plugins/dataTables/dataTables.bootstrap.js
INFO: [ app_init ] --START--
INFO: Run Behavior\BuildLiteBehavior [ RunTime:0.000000s ]
INFO: [ app_init ] --END-- [ RunTime:0.000000s ]
ERR: 无法加载模块:Public

[ 2016-09-07T14:34:53+08:00 ] 127.0.0.1 /admin/Public/Admin/js/plugins/dataTables/jquery.dataTables.js
INFO: [ app_init ] --START--
INFO: Run Behavior\BuildLiteBehavior [ RunTime:0.000000s ]
INFO: [ app_init ] --END-- [ RunTime:0.001000s ]
ERR: 无法加载模块:Public

[ 2016-09-07T14:34:53+08:00 ] 127.0.0.1 /admin/Public/Admin/js/plugins/dataTables/dataTables.responsive.js
INFO: [ app_init ] --START--
INFO: Run Behavior\BuildLiteBehavior [ RunTime:0.000000s ]
INFO: [ app_init ] --END-- [ RunTime:0.001000s ]
ERR: 无法加载模块:Public

[ 2016-09-07T14:34:53+08:00 ] 127.0.0.1 /admin/Public/Admin/js/plugins/dataTables/jquery.dataTables.js
INFO: [ app_init ] --START--
INFO: Run Behavior\BuildLiteBehavior [ RunTime:0.000000s ]
INFO: [ app_init ] --END-- [ RunTime:0.000000s ]
ERR: 无法加载模块:Public

[ 2016-09-07T14:34:53+08:00 ] 127.0.0.1 /admin/Public/Admin/js/plugins/dataTables/dataTables.bootstrap.js
INFO: [ app_init ] --START--
INFO: Run Behavior\BuildLiteBehavior [ RunTime:0.000000s ]
INFO: [ app_init ] --END-- [ RunTime:0.001000s ]
ERR: 无法加载模块:Public

[ 2016-09-07T14:34:53+08:00 ] 127.0.0.1 /admin/Public/Admin/js/plugins/dataTables/dataTables.responsive.js
INFO: [ app_init ] --START--
INFO: Run Behavior\BuildLiteBehavior [ RunTime:0.000000s ]
INFO: [ app_init ] --END-- [ RunTime:0.001000s ]
ERR: 无法加载模块:Public

[ 2016-09-07T14:34:53+08:00 ] 127.0.0.1 /admin/Public/Admin/js/plugins/dataTables/dataTables.tableTools.min.js
INFO: [ app_init ] --START--
INFO: Run Behavior\BuildLiteBehavior [ RunTime:0.000000s ]
INFO: [ app_init ] --END-- [ RunTime:0.001000s ]
ERR: 无法加载模块:Public

[ 2016-09-07T14:34:54+08:00 ] 127.0.0.1 /admin/Public/Admin/js/plugins/dataTables/jquery.dataTables.js
INFO: [ app_init ] --START--
INFO: Run Behavior\BuildLiteBehavior [ RunTime:0.001000s ]
INFO: [ app_init ] --END-- [ RunTime:0.001000s ]
ERR: 无法加载模块:Public

[ 2016-09-07T14:34:54+08:00 ] 127.0.0.1 /admin/Public/Admin/js/plugins/dataTables/dataTables.tableTools.min.js
INFO: [ app_init ] --START--
INFO: Run Behavior\BuildLiteBehavior [ RunTime:0.000000s ]
INFO: [ app_init ] --END-- [ RunTime:0.001001s ]
ERR: 无法加载模块:Public

[ 2016-09-07T14:34:54+08:00 ] 127.0.0.1 /admin/Public/Admin/js/plugins/dataTables/dataTables.bootstrap.js
INFO: [ app_init ] --START--
INFO: Run Behavior\BuildLiteBehavior [ RunTime:0.001000s ]
INFO: [ app_init ] --END-- [ RunTime:0.002000s ]
ERR: 无法加载模块:Public

[ 2016-09-07T14:34:54+08:00 ] 127.0.0.1 /admin/Public/Admin/js/plugins/dataTables/dataTables.responsive.js
INFO: [ app_init ] --START--
INFO: Run Behavior\BuildLiteBehavior [ RunTime:0.000000s ]
INFO: [ app_init ] --END-- [ RunTime:0.001000s ]
ERR: 无法加载模块:Public

[ 2016-09-07T14:34:54+08:00 ] 127.0.0.1 /admin/Public/Admin/js/plugins/dataTables/dataTables.tableTools.min.js
INFO: [ app_init ] --START--
INFO: Run Behavior\BuildLiteBehavior [ RunTime:0.000000s ]
INFO: [ app_init ] --END-- [ RunTime:0.001000s ]
ERR: 无法加载模块:Public

[ 2016-09-07T14:35:36+08:00 ] 127.0.0.1 /admin/Public/Admin/js/plugins/dataTables/jquery.dataTables.js
INFO: [ app_init ] --START--
INFO: Run Behavior\BuildLiteBehavior [ RunTime:0.000000s ]
INFO: [ app_init ] --END-- [ RunTime:0.001000s ]
ERR: 无法加载模块:Public

[ 2016-09-07T14:35:36+08:00 ] 127.0.0.1 /admin/Public/Admin/js/plugins/dataTables/dataTables.responsive.js
INFO: [ app_init ] --START--
INFO: Run Behavior\BuildLiteBehavior [ RunTime:0.000000s ]
INFO: [ app_init ] --END-- [ RunTime:0.002000s ]
ERR: 无法加载模块:Public

[ 2016-09-07T14:35:36+08:00 ] 127.0.0.1 /admin/Public/Admin/js/plugins/dataTables/dataTables.tableTools.min.js
INFO: [ app_init ] --START--
INFO: Run Behavior\BuildLiteBehavior [ RunTime:0.000000s ]
INFO: [ app_init ] --END-- [ RunTime:0.001000s ]
ERR: 无法加载模块:Public

[ 2016-09-07T14:35:36+08:00 ] 127.0.0.1 /admin/Public/Admin/js/plugins/dataTables/dataTables.bootstrap.js
INFO: [ app_init ] --START--
INFO: Run Behavior\BuildLiteBehavior [ RunTime:0.000000s ]
INFO: [ app_init ] --END-- [ RunTime:0.001000s ]
ERR: 无法加载模块:Public

[ 2016-09-07T14:35:36+08:00 ] 127.0.0.1 /admin/Public/Admin/js/plugins/dataTables/jquery.dataTables.js
INFO: [ app_init ] --START--
INFO: Run Behavior\BuildLiteBehavior [ RunTime:0.000000s ]
INFO: [ app_init ] --END-- [ RunTime:0.000000s ]
ERR: 无法加载模块:Public

[ 2016-09-07T14:35:36+08:00 ] 127.0.0.1 /admin/Public/Admin/js/plugins/dataTables/dataTables.bootstrap.js
INFO: [ app_init ] --START--
INFO: Run Behavior\BuildLiteBehavior [ RunTime:0.000000s ]
INFO: [ app_init ] --END-- [ RunTime:0.000000s ]
ERR: 无法加载模块:Public

[ 2016-09-07T14:35:36+08:00 ] 127.0.0.1 /admin/Public/Admin/js/plugins/dataTables/dataTables.responsive.js
INFO: [ app_init ] --START--
INFO: Run Behavior\BuildLiteBehavior [ RunTime:0.000000s ]
INFO: [ app_init ] --END-- [ RunTime:0.001000s ]
ERR: 无法加载模块:Public

[ 2016-09-07T14:35:36+08:00 ] 127.0.0.1 /admin/Public/Admin/js/plugins/dataTables/dataTables.tableTools.min.js
INFO: [ app_init ] --START--
INFO: Run Behavior\BuildLiteBehavior [ RunTime:0.000000s ]
INFO: [ app_init ] --END-- [ RunTime:0.000000s ]
ERR: 无法加载模块:Public

[ 2016-09-07T14:37:00+08:00 ] 127.0.0.1 /admin/Public/Admin/js/plugins/dataTables/jquery.dataTables.js
INFO: [ app_init ] --START--
INFO: Run Behavior\BuildLiteBehavior [ RunTime:0.000000s ]
INFO: [ app_init ] --END-- [ RunTime:0.001000s ]
ERR: 无法加载模块:Public

[ 2016-09-07T14:37:00+08:00 ] 127.0.0.1 /admin/Public/Admin/js/plugins/dataTables/dataTables.bootstrap.js
INFO: [ app_init ] --START--
INFO: Run Behavior\BuildLiteBehavior [ RunTime:0.001000s ]
INFO: [ app_init ] --END-- [ RunTime:0.001000s ]
ERR: 无法加载模块:Public

[ 2016-09-07T14:37:00+08:00 ] 127.0.0.1 /admin/Public/Admin/js/plugins/dataTables/dataTables.responsive.js
INFO: [ app_init ] --START--
INFO: Run Behavior\BuildLiteBehavior [ RunTime:0.000000s ]
INFO: [ app_init ] --END-- [ RunTime:0.000000s ]
ERR: 无法加载模块:Public

[ 2016-09-07T14:37:00+08:00 ] 127.0.0.1 /admin/Public/Admin/js/plugins/dataTables/dataTables.tableTools.min.js
INFO: [ app_init ] --START--
INFO: Run Behavior\BuildLiteBehavior [ RunTime:0.001000s ]
INFO: [ app_init ] --END-- [ RunTime:0.002000s ]
ERR: 无法加载模块:Public

[ 2016-09-07T14:37:00+08:00 ] 127.0.0.1 /admin/Public/Admin/js/plugins/dataTables/jquery.dataTables.js
INFO: [ app_init ] --START--
INFO: Run Behavior\BuildLiteBehavior [ RunTime:0.000000s ]
INFO: [ app_init ] --END-- [ RunTime:0.000000s ]
ERR: 无法加载模块:Public

[ 2016-09-07T14:37:01+08:00 ] 127.0.0.1 /admin/Public/Admin/js/plugins/dataTables/dataTables.bootstrap.js
INFO: [ app_init ] --START--
INFO: Run Behavior\BuildLiteBehavior [ RunTime:0.000000s ]
INFO: [ app_init ] --END-- [ RunTime:0.000000s ]
ERR: 无法加载模块:Public

[ 2016-09-07T14:37:01+08:00 ] 127.0.0.1 /admin/Public/Admin/js/plugins/dataTables/dataTables.responsive.js
INFO: [ app_init ] --START--
INFO: Run Behavior\BuildLiteBehavior [ RunTime:0.000000s ]
INFO: [ app_init ] --END-- [ RunTime:0.000000s ]
ERR: 无法加载模块:Public

[ 2016-09-07T14:37:01+08:00 ] 127.0.0.1 /admin/Public/Admin/js/plugins/dataTables/dataTables.tableTools.min.js
INFO: [ app_init ] --START--
INFO: Run Behavior\BuildLiteBehavior [ RunTime:0.000000s ]
INFO: [ app_init ] --END-- [ RunTime:0.000000s ]
ERR: 无法加载模块:Public

[ 2016-09-07T14:37:32+08:00 ] 127.0.0.1 /admin/Public/Admin/js/plugins/dataTables/jquery.dataTables.js
INFO: [ app_init ] --START--
INFO: Run Behavior\BuildLiteBehavior [ RunTime:0.000000s ]
INFO: [ app_init ] --END-- [ RunTime:0.001000s ]
ERR: 无法加载模块:Public

[ 2016-09-07T14:37:32+08:00 ] 127.0.0.1 /admin/Public/Admin/js/plugins/dataTables/dataTables.responsive.js
INFO: [ app_init ] --START--
INFO: Run Behavior\BuildLiteBehavior [ RunTime:0.001000s ]
INFO: [ app_init ] --END-- [ RunTime:0.002000s ]
ERR: 无法加载模块:Public

[ 2016-09-07T14:37:32+08:00 ] 127.0.0.1 /admin/Public/Admin/js/plugins/dataTables/dataTables.tableTools.min.js
INFO: [ app_init ] --START--
INFO: Run Behavior\BuildLiteBehavior [ RunTime:0.000000s ]
INFO: [ app_init ] --END-- [ RunTime:0.001000s ]
ERR: 无法加载模块:Public

[ 2016-09-07T14:37:32+08:00 ] 127.0.0.1 /admin/Public/Admin/js/plugins/dataTables/dataTables.bootstrap.js
INFO: [ app_init ] --START--
INFO: Run Behavior\BuildLiteBehavior [ RunTime:0.001000s ]
INFO: [ app_init ] --END-- [ RunTime:0.003000s ]
ERR: 无法加载模块:Public

[ 2016-09-07T14:37:33+08:00 ] 127.0.0.1 /admin/Public/Admin/js/plugins/dataTables/jquery.dataTables.js
INFO: [ app_init ] --START--
INFO: Run Behavior\BuildLiteBehavior [ RunTime:0.000000s ]
INFO: [ app_init ] --END-- [ RunTime:0.000000s ]
ERR: 无法加载模块:Public

[ 2016-09-07T14:37:33+08:00 ] 127.0.0.1 /admin/Public/Admin/js/plugins/dataTables/dataTables.bootstrap.js
INFO: [ app_init ] --START--
INFO: Run Behavior\BuildLiteBehavior [ RunTime:0.000000s ]
INFO: [ app_init ] --END-- [ RunTime:0.000000s ]
ERR: 无法加载模块:Public

[ 2016-09-07T14:37:33+08:00 ] 127.0.0.1 /admin/Public/Admin/js/plugins/dataTables/dataTables.responsive.js
INFO: [ app_init ] --START--
INFO: Run Behavior\BuildLiteBehavior [ RunTime:0.000000s ]
INFO: [ app_init ] --END-- [ RunTime:0.000000s ]
ERR: 无法加载模块:Public

[ 2016-09-07T14:37:33+08:00 ] 127.0.0.1 /admin/Public/Admin/js/plugins/dataTables/dataTables.tableTools.min.js
INFO: [ app_init ] --START--
INFO: Run Behavior\BuildLiteBehavior [ RunTime:0.000000s ]
INFO: [ app_init ] --END-- [ RunTime:0.000000s ]
ERR: 无法加载模块:Public

[ 2016-09-07T14:38:21+08:00 ] 127.0.0.1 /admin/Public/Admin/js/plugins/dataTables/dataTables.bootstrap.js
INFO: [ app_init ] --START--
INFO: Run Behavior\BuildLiteBehavior [ RunTime:0.000000s ]
INFO: [ app_init ] --END-- [ RunTime:0.000000s ]
ERR: 无法加载模块:Public

[ 2016-09-07T14:38:21+08:00 ] 127.0.0.1 /admin/Public/Admin/js/plugins/dataTables/dataTables.responsive.js
INFO: [ app_init ] --START--
INFO: Run Behavior\BuildLiteBehavior [ RunTime:0.000000s ]
INFO: [ app_init ] --END-- [ RunTime:0.001000s ]
ERR: 无法加载模块:Public

[ 2016-09-07T14:38:21+08:00 ] 127.0.0.1 /admin/Public/Admin/js/plugins/dataTables/dataTables.tableTools.min.js
INFO: [ app_init ] --START--
INFO: Run Behavior\BuildLiteBehavior [ RunTime:0.000000s ]
INFO: [ app_init ] --END-- [ RunTime:0.001000s ]
ERR: 无法加载模块:Public

[ 2016-09-07T14:38:21+08:00 ] 127.0.0.1 /admin/Public/Admin/js/plugins/dataTables/jquery.dataTables.js
INFO: [ app_init ] --START--
INFO: Run Behavior\BuildLiteBehavior [ RunTime:0.000000s ]
INFO: [ app_init ] --END-- [ RunTime:0.000000s ]
ERR: 无法加载模块:Public

[ 2016-09-07T14:38:21+08:00 ] 127.0.0.1 /admin/Public/Admin/js/plugins/dataTables/dataTables.bootstrap.js
INFO: [ app_init ] --START--
INFO: Run Behavior\BuildLiteBehavior [ RunTime:0.000000s ]
INFO: [ app_init ] --END-- [ RunTime:0.001000s ]
ERR: 无法加载模块:Public

[ 2016-09-07T14:38:21+08:00 ] 127.0.0.1 /admin/Public/Admin/js/plugins/dataTables/dataTables.responsive.js
INFO: [ app_init ] --START--
INFO: Run Behavior\BuildLiteBehavior [ RunTime:0.000000s ]
INFO: [ app_init ] --END-- [ RunTime:0.001000s ]
ERR: 无法加载模块:Public

[ 2016-09-07T14:38:21+08:00 ] 127.0.0.1 /admin/Public/Admin/js/plugins/dataTables/dataTables.tableTools.min.js
INFO: [ app_init ] --START--
INFO: Run Behavior\BuildLiteBehavior [ RunTime:0.000000s ]
INFO: [ app_init ] --END-- [ RunTime:0.000000s ]
ERR: 无法加载模块:Public

[ 2016-09-07T14:38:33+08:00 ] 127.0.0.1 /admin/Public/Admin/js/plugins/dataTables/dataTables.responsive.js
INFO: [ app_init ] --START--
INFO: Run Behavior\BuildLiteBehavior [ RunTime:0.000000s ]
INFO: [ app_init ] --END-- [ RunTime:0.001000s ]
ERR: 无法加载模块:Public

[ 2016-09-07T14:38:49+08:00 ] 127.0.0.1 /admin/Public/Admin/js/plugins/dataTables/dataTables.responsive.js
INFO: [ app_init ] --START--
INFO: Run Behavior\BuildLiteBehavior [ RunTime:0.000000s ]
INFO: [ app_init ] --END-- [ RunTime:0.001000s ]
ERR: 无法加载模块:Public

[ 2016-09-07T14:38:49+08:00 ] 127.0.0.1 /admin/Public/Admin/js/plugins/dataTables/dataTables.bootstrap.js
INFO: [ app_init ] --START--
INFO: Run Behavior\BuildLiteBehavior [ RunTime:0.001000s ]
INFO: [ app_init ] --END-- [ RunTime:0.001000s ]
ERR: 无法加载模块:Public

[ 2016-09-07T14:38:49+08:00 ] 127.0.0.1 /admin/Public/Admin/js/plugins/dataTables/jquery.dataTables.js
INFO: [ app_init ] --START--
INFO: Run Behavior\BuildLiteBehavior [ RunTime:0.000000s ]
INFO: [ app_init ] --END-- [ RunTime:0.000000s ]
ERR: 无法加载模块:Public

[ 2016-09-07T14:38:49+08:00 ] 127.0.0.1 /admin/Public/Admin/js/plugins/dataTables/dataTables.tableTools.min.js
INFO: [ app_init ] --START--
INFO: Run Behavior\BuildLiteBehavior [ RunTime:0.000000s ]
INFO: [ app_init ] --END-- [ RunTime:0.000000s ]
ERR: 无法加载模块:Public

[ 2016-09-07T14:38:49+08:00 ] 127.0.0.1 /admin/Public/Admin/js/plugins/dataTables/jquery.dataTables.js
INFO: [ app_init ] --START--
INFO: Run Behavior\BuildLiteBehavior [ RunTime:0.000000s ]
INFO: [ app_init ] --END-- [ RunTime:0.001000s ]
ERR: 无法加载模块:Public

[ 2016-09-07T14:38:49+08:00 ] 127.0.0.1 /admin/Public/Admin/js/plugins/dataTables/dataTables.bootstrap.js
INFO: [ app_init ] --START--
INFO: Run Behavior\BuildLiteBehavior [ RunTime:0.000000s ]
INFO: [ app_init ] --END-- [ RunTime:0.000000s ]
ERR: 无法加载模块:Public

[ 2016-09-07T14:38:49+08:00 ] 127.0.0.1 /admin/Public/Admin/js/plugins/dataTables/dataTables.responsive.js
INFO: [ app_init ] --START--
INFO: Run Behavior\BuildLiteBehavior [ RunTime:0.000000s ]
INFO: [ app_init ] --END-- [ RunTime:0.001000s ]
ERR: 无法加载模块:Public

[ 2016-09-07T14:38:49+08:00 ] 127.0.0.1 /admin/Public/Admin/js/plugins/dataTables/dataTables.tableTools.min.js
INFO: [ app_init ] --START--
INFO: Run Behavior\BuildLiteBehavior [ RunTime:0.000000s ]
INFO: [ app_init ] --END-- [ RunTime:0.000000s ]
ERR: 无法加载模块:Public

[ 2016-09-07T14:38:50+08:00 ] 127.0.0.1 /admin/Public/Admin/js/plugins/dataTables/dataTables.bootstrap.js
INFO: [ app_init ] --START--
INFO: Run Behavior\BuildLiteBehavior [ RunTime:0.000000s ]
INFO: [ app_init ] --END-- [ RunTime:0.001001s ]
ERR: 无法加载模块:Public

[ 2016-09-07T14:38:50+08:00 ] 127.0.0.1 /admin/Public/Admin/js/plugins/dataTables/dataTables.responsive.js
INFO: [ app_init ] --START--
INFO: Run Behavior\BuildLiteBehavior [ RunTime:0.000000s ]
INFO: [ app_init ] --END-- [ RunTime:0.000000s ]
ERR: 无法加载模块:Public

[ 2016-09-07T14:38:50+08:00 ] 127.0.0.1 /admin/Public/Admin/js/plugins/dataTables/jquery.dataTables.js
INFO: [ app_init ] --START--
INFO: Run Behavior\BuildLiteBehavior [ RunTime:0.000000s ]
INFO: [ app_init ] --END-- [ RunTime:0.001000s ]
ERR: 无法加载模块:Public

[ 2016-09-07T14:38:50+08:00 ] 127.0.0.1 /admin/Public/Admin/js/plugins/dataTables/dataTables.tableTools.min.js
INFO: [ app_init ] --START--
INFO: Run Behavior\BuildLiteBehavior [ RunTime:0.000000s ]
INFO: [ app_init ] --END-- [ RunTime:0.002000s ]
ERR: 无法加载模块:Public

[ 2016-09-07T14:38:51+08:00 ] 127.0.0.1 /admin/Public/Admin/js/plugins/dataTables/dataTables.bootstrap.js
INFO: [ app_init ] --START--
INFO: Run Behavior\BuildLiteBehavior [ RunTime:0.000000s ]
INFO: [ app_init ] --END-- [ RunTime:0.001000s ]
ERR: 无法加载模块:Public

[ 2016-09-07T14:38:51+08:00 ] 127.0.0.1 /admin/Public/Admin/js/plugins/dataTables/dataTables.responsive.js
INFO: [ app_init ] --START--
INFO: Run Behavior\BuildLiteBehavior [ RunTime:0.000000s ]
INFO: [ app_init ] --END-- [ RunTime:0.001000s ]
ERR: 无法加载模块:Public

[ 2016-09-07T14:38:51+08:00 ] 127.0.0.1 /admin/Public/Admin/js/plugins/dataTables/dataTables.tableTools.min.js
INFO: [ app_init ] --START--
INFO: Run Behavior\BuildLiteBehavior [ RunTime:0.000000s ]
INFO: [ app_init ] --END-- [ RunTime:0.001000s ]
ERR: 无法加载模块:Public

[ 2016-09-07T14:39:04+08:00 ] 127.0.0.1 /admin/Public/Admin/js/plugins/dataTables/jquery.dataTables.js
INFO: [ app_init ] --START--
INFO: Run Behavior\BuildLiteBehavior [ RunTime:0.000000s ]
INFO: [ app_init ] --END-- [ RunTime:0.001000s ]
ERR: 无法加载模块:Public

[ 2016-09-07T14:39:04+08:00 ] 127.0.0.1 /admin/Public/Admin/js/plugins/dataTables/dataTables.tableTools.min.js
INFO: [ app_init ] --START--
INFO: Run Behavior\BuildLiteBehavior [ RunTime:0.000000s ]
INFO: [ app_init ] --END-- [ RunTime:0.001001s ]
ERR: 无法加载模块:Public

[ 2016-09-07T14:39:04+08:00 ] 127.0.0.1 /admin/Public/Admin/js/plugins/dataTables/dataTables.responsive.js
INFO: [ app_init ] --START--
INFO: Run Behavior\BuildLiteBehavior [ RunTime:0.001000s ]
INFO: [ app_init ] --END-- [ RunTime:0.001000s ]
ERR: 无法加载模块:Public

[ 2016-09-07T14:39:04+08:00 ] 127.0.0.1 /admin/Public/Admin/js/plugins/dataTables/dataTables.bootstrap.js
INFO: [ app_init ] --START--
INFO: Run Behavior\BuildLiteBehavior [ RunTime:0.000000s ]
INFO: [ app_init ] --END-- [ RunTime:0.001000s ]
ERR: 无法加载模块:Public

[ 2016-09-07T14:39:04+08:00 ] 127.0.0.1 /admin/Public/Admin/js/plugins/dataTables/jquery.dataTables.js
INFO: [ app_init ] --START--
INFO: Run Behavior\BuildLiteBehavior [ RunTime:0.000000s ]
INFO: [ app_init ] --END-- [ RunTime:0.001000s ]
ERR: 无法加载模块:Public

[ 2016-09-07T14:39:04+08:00 ] 127.0.0.1 /admin/Public/Admin/js/plugins/dataTables/dataTables.bootstrap.js
INFO: [ app_init ] --START--
INFO: Run Behavior\BuildLiteBehavior [ RunTime:0.000000s ]
INFO: [ app_init ] --END-- [ RunTime:0.001000s ]
ERR: 无法加载模块:Public

[ 2016-09-07T14:39:04+08:00 ] 127.0.0.1 /admin/Public/Admin/js/plugins/dataTables/dataTables.responsive.js
INFO: [ app_init ] --START--
INFO: Run Behavior\BuildLiteBehavior [ RunTime:0.000000s ]
INFO: [ app_init ] --END-- [ RunTime:0.001000s ]
ERR: 无法加载模块:Public

[ 2016-09-07T14:39:04+08:00 ] 127.0.0.1 /admin/Public/Admin/js/plugins/dataTables/dataTables.tableTools.min.js
INFO: [ app_init ] --START--
INFO: Run Behavior\BuildLiteBehavior [ RunTime:0.000000s ]
INFO: [ app_init ] --END-- [ RunTime:0.000000s ]
ERR: 无法加载模块:Public

[ 2016-09-07T14:39:39+08:00 ] 127.0.0.1 /admin/Public/Admin/js/plugins/dataTables/dataTables.bootstrap.js
INFO: [ app_init ] --START--
INFO: Run Behavior\BuildLiteBehavior [ RunTime:0.000000s ]
INFO: [ app_init ] --END-- [ RunTime:0.001000s ]
ERR: 无法加载模块:Public

[ 2016-09-07T14:39:39+08:00 ] 127.0.0.1 /admin/Public/Admin/js/plugins/dataTables/dataTables.responsive.js
INFO: [ app_init ] --START--
INFO: Run Behavior\BuildLiteBehavior [ RunTime:0.000000s ]
INFO: [ app_init ] --END-- [ RunTime:0.002000s ]
ERR: 无法加载模块:Public

[ 2016-09-07T14:39:39+08:00 ] 127.0.0.1 /admin/Public/Admin/js/plugins/dataTables/jquery.dataTables.js
INFO: [ app_init ] --START--
INFO: Run Behavior\BuildLiteBehavior [ RunTime:0.000000s ]
INFO: [ app_init ] --END-- [ RunTime:0.001000s ]
ERR: 无法加载模块:Public

[ 2016-09-07T14:39:39+08:00 ] 127.0.0.1 /admin/Public/Admin/js/plugins/dataTables/dataTables.tableTools.min.js
INFO: [ app_init ] --START--
INFO: Run Behavior\BuildLiteBehavior [ RunTime:0.000000s ]
INFO: [ app_init ] --END-- [ RunTime:0.000000s ]
ERR: 无法加载模块:Public

[ 2016-09-07T14:39:39+08:00 ] 127.0.0.1 /admin/Public/Admin/js/plugins/dataTables/jquery.dataTables.js
INFO: [ app_init ] --START--
INFO: Run Behavior\BuildLiteBehavior [ RunTime:0.000000s ]
INFO: [ app_init ] --END-- [ RunTime:0.000000s ]
ERR: 无法加载模块:Public

[ 2016-09-07T14:39:39+08:00 ] 127.0.0.1 /admin/Public/Admin/js/plugins/dataTables/dataTables.bootstrap.js
INFO: [ app_init ] --START--
INFO: Run Behavior\BuildLiteBehavior [ RunTime:0.000000s ]
INFO: [ app_init ] --END-- [ RunTime:0.001000s ]
ERR: 无法加载模块:Public

[ 2016-09-07T14:39:39+08:00 ] 127.0.0.1 /admin/Public/Admin/js/plugins/dataTables/dataTables.responsive.js
INFO: [ app_init ] --START--
INFO: Run Behavior\BuildLiteBehavior [ RunTime:0.000000s ]
INFO: [ app_init ] --END-- [ RunTime:0.001000s ]
ERR: 无法加载模块:Public

[ 2016-09-07T14:39:39+08:00 ] 127.0.0.1 /admin/Public/Admin/js/plugins/dataTables/dataTables.tableTools.min.js
INFO: [ app_init ] --START--
INFO: Run Behavior\BuildLiteBehavior [ RunTime:0.000000s ]
INFO: [ app_init ] --END-- [ RunTime:0.001000s ]
ERR: 无法加载模块:Public

[ 2016-09-07T14:39:40+08:00 ] 127.0.0.1 /admin/Public/Admin/js/plugins/dataTables/dataTables.bootstrap.js
INFO: [ app_init ] --START--
INFO: Run Behavior\BuildLiteBehavior [ RunTime:0.000000s ]
INFO: [ app_init ] --END-- [ RunTime:0.001000s ]
ERR: 无法加载模块:Public

[ 2016-09-07T14:39:40+08:00 ] 127.0.0.1 /admin/Public/Admin/js/plugins/dataTables/jquery.dataTables.js
INFO: [ app_init ] --START--
INFO: Run Behavior\BuildLiteBehavior [ RunTime:0.000000s ]
INFO: [ app_init ] --END-- [ RunTime:0.001000s ]
ERR: 无法加载模块:Public

[ 2016-09-07T14:39:40+08:00 ] 127.0.0.1 /admin/Public/Admin/js/plugins/dataTables/dataTables.responsive.js
INFO: [ app_init ] --START--
INFO: Run Behavior\BuildLiteBehavior [ RunTime:0.000000s ]
INFO: [ app_init ] --END-- [ RunTime:0.001000s ]
ERR: 无法加载模块:Public

[ 2016-09-07T14:39:40+08:00 ] 127.0.0.1 /admin/Public/Admin/js/plugins/dataTables/dataTables.tableTools.min.js
INFO: [ app_init ] --START--
INFO: Run Behavior\BuildLiteBehavior [ RunTime:0.000000s ]
INFO: [ app_init ] --END-- [ RunTime:0.001000s ]
ERR: 无法加载模块:Public

[ 2016-09-07T14:39:40+08:00 ] 127.0.0.1 /admin/Public/Admin/js/plugins/dataTables/dataTables.bootstrap.js
INFO: [ app_init ] --START--
INFO: Run Behavior\BuildLiteBehavior [ RunTime:0.000000s ]
INFO: [ app_init ] --END-- [ RunTime:0.000000s ]
ERR: 无法加载模块:Public

[ 2016-09-07T14:39:40+08:00 ] 127.0.0.1 /admin/Public/Admin/js/plugins/dataTables/dataTables.responsive.js
INFO: [ app_init ] --START--
INFO: Run Behavior\BuildLiteBehavior [ RunTime:0.000000s ]
INFO: [ app_init ] --END-- [ RunTime:0.001000s ]
ERR: 无法加载模块:Public

[ 2016-09-07T14:39:41+08:00 ] 127.0.0.1 /admin/Public/Admin/js/plugins/dataTables/dataTables.tableTools.min.js
INFO: [ app_init ] --START--
INFO: Run Behavior\BuildLiteBehavior [ RunTime:0.000000s ]
INFO: [ app_init ] --END-- [ RunTime:0.000000s ]
ERR: 无法加载模块:Public

[ 2016-09-07T14:39:46+08:00 ] 127.0.0.1 /admin/Public/Admin/js/plugins/dataTables/jquery.dataTables.js
INFO: [ app_init ] --START--
INFO: Run Behavior\BuildLiteBehavior [ RunTime:0.000000s ]
INFO: [ app_init ] --END-- [ RunTime:0.000000s ]
ERR: 无法加载模块:Public

[ 2016-09-07T14:39:46+08:00 ] 127.0.0.1 /admin/Public/Admin/js/plugins/dataTables/dataTables.responsive.js
INFO: [ app_init ] --START--
INFO: Run Behavior\BuildLiteBehavior [ RunTime:0.000000s ]
INFO: [ app_init ] --END-- [ RunTime:0.001000s ]
ERR: 无法加载模块:Public

[ 2016-09-07T14:39:46+08:00 ] 127.0.0.1 /admin/Public/Admin/js/plugins/dataTables/dataTables.tableTools.min.js
INFO: [ app_init ] --START--
INFO: Run Behavior\BuildLiteBehavior [ RunTime:0.000000s ]
INFO: [ app_init ] --END-- [ RunTime:0.001000s ]
ERR: 无法加载模块:Public

[ 2016-09-07T14:39:46+08:00 ] 127.0.0.1 /admin/Public/Admin/js/plugins/dataTables/dataTables.bootstrap.js
INFO: [ app_init ] --START--
INFO: Run Behavior\BuildLiteBehavior [ RunTime:0.000000s ]
INFO: [ app_init ] --END-- [ RunTime:0.000000s ]
ERR: 无法加载模块:Public

[ 2016-09-07T14:39:46+08:00 ] 127.0.0.1 /admin/Public/Admin/js/plugins/dataTables/dataTables.responsive.js
INFO: [ app_init ] --START--
INFO: Run Behavior\BuildLiteBehavior [ RunTime:0.000000s ]
INFO: [ app_init ] --END-- [ RunTime:0.000000s ]
ERR: 无法加载模块:Public

[ 2016-09-07T14:39:46+08:00 ] 127.0.0.1 /admin/Public/Admin/js/plugins/dataTables/dataTables.tableTools.min.js
INFO: [ app_init ] --START--
INFO: Run Behavior\BuildLiteBehavior [ RunTime:0.000000s ]
INFO: [ app_init ] --END-- [ RunTime:0.001000s ]
ERR: 无法加载模块:Public

[ 2016-09-07T14:41:23+08:00 ] 127.0.0.1 /admin/Public/Admin/js/plugins/dataTables/dataTables.bootstrap.js
INFO: [ app_init ] --START--
INFO: Run Behavior\BuildLiteBehavior [ RunTime:0.000000s ]
INFO: [ app_init ] --END-- [ RunTime:0.000000s ]
ERR: 无法加载模块:Public

[ 2016-09-07T14:41:23+08:00 ] 127.0.0.1 /admin/Public/Admin/js/plugins/dataTables/jquery.dataTables.js
INFO: [ app_init ] --START--
INFO: Run Behavior\BuildLiteBehavior [ RunTime:0.000000s ]
INFO: [ app_init ] --END-- [ RunTime:0.001000s ]
ERR: 无法加载模块:Public

[ 2016-09-07T14:41:23+08:00 ] 127.0.0.1 /admin/Public/Admin/js/plugins/dataTables/dataTables.responsive.js
INFO: [ app_init ] --START--
INFO: Run Behavior\BuildLiteBehavior [ RunTime:0.000000s ]
INFO: [ app_init ] --END-- [ RunTime:0.000000s ]
ERR: 无法加载模块:Public

[ 2016-09-07T14:41:23+08:00 ] 127.0.0.1 /admin/Public/Admin/js/plugins/dataTables/dataTables.tableTools.min.js
INFO: [ app_init ] --START--
INFO: Run Behavior\BuildLiteBehavior [ RunTime:0.000000s ]
INFO: [ app_init ] --END-- [ RunTime:0.001000s ]
ERR: 无法加载模块:Public

[ 2016-09-07T14:41:23+08:00 ] 127.0.0.1 /admin/Public/Admin/js/plugins/dataTables/dataTables.bootstrap.js
INFO: [ app_init ] --START--
INFO: Run Behavior\BuildLiteBehavior [ RunTime:0.000000s ]
INFO: [ app_init ] --END-- [ RunTime:0.002000s ]
ERR: 无法加载模块:Public

[ 2016-09-07T14:41:23+08:00 ] 127.0.0.1 /admin/Public/Admin/js/plugins/dataTables/dataTables.responsive.js
INFO: [ app_init ] --START--
INFO: Run Behavior\BuildLiteBehavior [ RunTime:0.000000s ]
INFO: [ app_init ] --END-- [ RunTime:0.000000s ]
ERR: 无法加载模块:Public

[ 2016-09-07T14:41:23+08:00 ] 127.0.0.1 /admin/Public/Admin/js/plugins/dataTables/dataTables.tableTools.min.js
INFO: [ app_init ] --START--
INFO: Run Behavior\BuildLiteBehavior [ RunTime:0.000000s ]
INFO: [ app_init ] --END-- [ RunTime:0.000000s ]
ERR: 无法加载模块:Public

[ 2016-09-07T14:41:28+08:00 ] 127.0.0.1 /admin/Public/Admin/js/plugins/dataTables/dataTables.bootstrap.js
INFO: [ app_init ] --START--
INFO: Run Behavior\BuildLiteBehavior [ RunTime:0.000000s ]
INFO: [ app_init ] --END-- [ RunTime:0.000000s ]
ERR: 无法加载模块:Public

[ 2016-09-07T14:41:28+08:00 ] 127.0.0.1 /admin/Public/Admin/js/plugins/dataTables/jquery.dataTables.js
INFO: [ app_init ] --START--
INFO: Run Behavior\BuildLiteBehavior [ RunTime:0.000000s ]
INFO: [ app_init ] --END-- [ RunTime:0.001000s ]
ERR: 无法加载模块:Public

[ 2016-09-07T14:41:28+08:00 ] 127.0.0.1 /admin/Public/Admin/js/plugins/dataTables/dataTables.responsive.js
INFO: [ app_init ] --START--
INFO: Run Behavior\BuildLiteBehavior [ RunTime:0.000000s ]
INFO: [ app_init ] --END-- [ RunTime:0.000000s ]
ERR: 无法加载模块:Public

[ 2016-09-07T14:41:28+08:00 ] 127.0.0.1 /admin/Public/Admin/js/plugins/dataTables/dataTables.tableTools.min.js
INFO: [ app_init ] --START--
INFO: Run Behavior\BuildLiteBehavior [ RunTime:0.000000s ]
INFO: [ app_init ] --END-- [ RunTime:0.001000s ]
ERR: 无法加载模块:Public

[ 2016-09-07T14:41:28+08:00 ] 127.0.0.1 /admin/Public/Admin/js/plugins/dataTables/dataTables.bootstrap.js
INFO: [ app_init ] --START--
INFO: Run Behavior\BuildLiteBehavior [ RunTime:0.000000s ]
INFO: [ app_init ] --END-- [ RunTime:0.001000s ]
ERR: 无法加载模块:Public

[ 2016-09-07T14:41:28+08:00 ] 127.0.0.1 /admin/Public/Admin/js/plugins/dataTables/dataTables.responsive.js
INFO: [ app_init ] --START--
INFO: Run Behavior\BuildLiteBehavior [ RunTime:0.001000s ]
INFO: [ app_init ] --END-- [ RunTime:0.001000s ]
ERR: 无法加载模块:Public

[ 2016-09-07T14:41:28+08:00 ] 127.0.0.1 /admin/Public/Admin/js/plugins/dataTables/dataTables.tableTools.min.js
INFO: [ app_init ] --START--
INFO: Run Behavior\BuildLiteBehavior [ RunTime:0.000000s ]
INFO: [ app_init ] --END-- [ RunTime:0.001001s ]
ERR: 无法加载模块:Public

[ 2016-09-07T14:41:29+08:00 ] 127.0.0.1 /admin/Public/Admin/js/plugins/dataTables/jquery.dataTables.js
INFO: [ app_init ] --START--
INFO: Run Behavior\BuildLiteBehavior [ RunTime:0.000000s ]
INFO: [ app_init ] --END-- [ RunTime:0.000000s ]
ERR: 无法加载模块:Public

[ 2016-09-07T14:41:29+08:00 ] 127.0.0.1 /admin/Public/Admin/js/plugins/dataTables/dataTables.bootstrap.js
INFO: [ app_init ] --START--
INFO: Run Behavior\BuildLiteBehavior [ RunTime:0.000000s ]
INFO: [ app_init ] --END-- [ RunTime:0.004000s ]
ERR: 无法加载模块:Public

[ 2016-09-07T14:41:29+08:00 ] 127.0.0.1 /admin/Public/Admin/js/plugins/dataTables/dataTables.responsive.js
INFO: [ app_init ] --START--
INFO: Run Behavior\BuildLiteBehavior [ RunTime:0.000000s ]
INFO: [ app_init ] --END-- [ RunTime:0.000000s ]
ERR: 无法加载模块:Public

[ 2016-09-07T14:41:29+08:00 ] 127.0.0.1 /admin/Public/Admin/js/plugins/dataTables/dataTables.tableTools.min.js
INFO: [ app_init ] --START--
INFO: Run Behavior\BuildLiteBehavior [ RunTime:0.000000s ]
INFO: [ app_init ] --END-- [ RunTime:0.000000s ]
ERR: 无法加载模块:Public

[ 2016-09-07T14:41:29+08:00 ] 127.0.0.1 /admin/Public/Admin/js/plugins/dataTables/jquery.dataTables.js
INFO: [ app_init ] --START--
INFO: Run Behavior\BuildLiteBehavior [ RunTime:0.000000s ]
INFO: [ app_init ] --END-- [ RunTime:0.000000s ]
ERR: 无法加载模块:Public

[ 2016-09-07T14:41:29+08:00 ] 127.0.0.1 /admin/Public/Admin/js/plugins/dataTables/dataTables.bootstrap.js
INFO: [ app_init ] --START--
INFO: Run Behavior\BuildLiteBehavior [ RunTime:0.000000s ]
INFO: [ app_init ] --END-- [ RunTime:0.000000s ]
ERR: 无法加载模块:Public

[ 2016-09-07T14:41:29+08:00 ] 127.0.0.1 /admin/Public/Admin/js/plugins/dataTables/dataTables.responsive.js
INFO: [ app_init ] --START--
INFO: Run Behavior\BuildLiteBehavior [ RunTime:0.000000s ]
INFO: [ app_init ] --END-- [ RunTime:0.001000s ]
ERR: 无法加载模块:Public

[ 2016-09-07T14:41:29+08:00 ] 127.0.0.1 /admin/Public/Admin/js/plugins/dataTables/dataTables.tableTools.min.js
INFO: [ app_init ] --START--
INFO: Run Behavior\BuildLiteBehavior [ RunTime:0.000000s ]
INFO: [ app_init ] --END-- [ RunTime:0.001000s ]
ERR: 无法加载模块:Public

[ 2016-09-07T14:41:59+08:00 ] 127.0.0.1 /admin/Public/Admin/js/plugins/dataTables/dataTables.responsive.js
INFO: [ app_init ] --START--
INFO: Run Behavior\BuildLiteBehavior [ RunTime:0.000000s ]
INFO: [ app_init ] --END-- [ RunTime:0.001000s ]
ERR: 无法加载模块:Public

[ 2016-09-07T14:41:59+08:00 ] 127.0.0.1 /admin/Public/Admin/js/plugins/dataTables/jquery.dataTables.js
INFO: [ app_init ] --START--
INFO: Run Behavior\BuildLiteBehavior [ RunTime:0.000000s ]
INFO: [ app_init ] --END-- [ RunTime:0.001000s ]
ERR: 无法加载模块:Public

[ 2016-09-07T14:41:59+08:00 ] 127.0.0.1 /admin/Public/Admin/js/plugins/dataTables/dataTables.tableTools.min.js
INFO: [ app_init ] --START--
INFO: Run Behavior\BuildLiteBehavior [ RunTime:0.000000s ]
INFO: [ app_init ] --END-- [ RunTime:0.001000s ]
ERR: 无法加载模块:Public

[ 2016-09-07T14:41:59+08:00 ] 127.0.0.1 /admin/Public/Admin/js/plugins/dataTables/dataTables.bootstrap.js
INFO: [ app_init ] --START--
INFO: Run Behavior\BuildLiteBehavior [ RunTime:0.000000s ]
INFO: [ app_init ] --END-- [ RunTime:0.001000s ]
ERR: 无法加载模块:Public

[ 2016-09-07T14:42:00+08:00 ] 127.0.0.1 /admin/Public/Admin/js/plugins/dataTables/jquery.dataTables.js
INFO: [ app_init ] --START--
INFO: Run Behavior\BuildLiteBehavior [ RunTime:0.000000s ]
INFO: [ app_init ] --END-- [ RunTime:0.001000s ]
ERR: 无法加载模块:Public

[ 2016-09-07T14:42:00+08:00 ] 127.0.0.1 /admin/Public/Admin/js/plugins/dataTables/dataTables.bootstrap.js
INFO: [ app_init ] --START--
INFO: Run Behavior\BuildLiteBehavior [ RunTime:0.000000s ]
INFO: [ app_init ] --END-- [ RunTime:0.000000s ]
ERR: 无法加载模块:Public

[ 2016-09-07T14:42:00+08:00 ] 127.0.0.1 /admin/Public/Admin/js/plugins/dataTables/dataTables.responsive.js
INFO: [ app_init ] --START--
INFO: Run Behavior\BuildLiteBehavior [ RunTime:0.000000s ]
INFO: [ app_init ] --END-- [ RunTime:0.000000s ]
ERR: 无法加载模块:Public

[ 2016-09-07T14:42:00+08:00 ] 127.0.0.1 /admin/Public/Admin/js/plugins/dataTables/dataTables.tableTools.min.js
INFO: [ app_init ] --START--
INFO: Run Behavior\BuildLiteBehavior [ RunTime:0.000000s ]
INFO: [ app_init ] --END-- [ RunTime:0.001000s ]
ERR: 无法加载模块:Public

[ 2016-09-07T14:42:01+08:00 ] 127.0.0.1 /admin/Public/Admin/js/plugins/dataTables/jquery.dataTables.js
INFO: [ app_init ] --START--
INFO: Run Behavior\BuildLiteBehavior [ RunTime:0.000000s ]
INFO: [ app_init ] --END-- [ RunTime:0.001000s ]
ERR: 无法加载模块:Public

[ 2016-09-07T14:42:01+08:00 ] 127.0.0.1 /admin/Public/Admin/js/plugins/dataTables/dataTables.bootstrap.js
INFO: [ app_init ] --START--
INFO: Run Behavior\BuildLiteBehavior [ RunTime:0.000000s ]
INFO: [ app_init ] --END-- [ RunTime:0.001000s ]
ERR: 无法加载模块:Public

[ 2016-09-07T14:42:01+08:00 ] 127.0.0.1 /admin/Public/Admin/js/plugins/dataTables/dataTables.tableTools.min.js
INFO: [ app_init ] --START--
INFO: Run Behavior\BuildLiteBehavior [ RunTime:0.000000s ]
INFO: [ app_init ] --END-- [ RunTime:0.001000s ]
ERR: 无法加载模块:Public

[ 2016-09-07T14:42:01+08:00 ] 127.0.0.1 /admin/Public/Admin/js/plugins/dataTables/dataTables.responsive.js
INFO: [ app_init ] --START--
INFO: Run Behavior\BuildLiteBehavior [ RunTime:0.001000s ]
INFO: [ app_init ] --END-- [ RunTime:0.001000s ]
ERR: 无法加载模块:Public

[ 2016-09-07T14:42:01+08:00 ] 127.0.0.1 /admin/Public/Admin/js/plugins/dataTables/dataTables.tableTools.min.js
INFO: [ app_init ] --START--
INFO: Run Behavior\BuildLiteBehavior [ RunTime:0.000000s ]
INFO: [ app_init ] --END-- [ RunTime:0.000000s ]
ERR: 无法加载模块:Public

[ 2016-09-07T14:42:31+08:00 ] 127.0.0.1 /admin/Public/Admin/js/plugins/dataTables/jquery.dataTables.js
INFO: [ app_init ] --START--
INFO: Run Behavior\BuildLiteBehavior [ RunTime:0.000000s ]
INFO: [ app_init ] --END-- [ RunTime:0.001000s ]
ERR: 无法加载模块:Public

[ 2016-09-07T14:42:31+08:00 ] 127.0.0.1 /admin/Public/Admin/js/plugins/dataTables/dataTables.responsive.js
INFO: [ app_init ] --START--
INFO: Run Behavior\BuildLiteBehavior [ RunTime:0.000000s ]
INFO: [ app_init ] --END-- [ RunTime:0.001000s ]
ERR: 无法加载模块:Public

[ 2016-09-07T14:42:31+08:00 ] 127.0.0.1 /admin/Public/Admin/js/plugins/dataTables/dataTables.bootstrap.js
INFO: [ app_init ] --START--
INFO: Run Behavior\BuildLiteBehavior [ RunTime:0.000000s ]
INFO: [ app_init ] --END-- [ RunTime:0.000000s ]
ERR: 无法加载模块:Public

[ 2016-09-07T14:42:31+08:00 ] 127.0.0.1 /admin/Public/Admin/js/plugins/dataTables/dataTables.tableTools.min.js
INFO: [ app_init ] --START--
INFO: Run Behavior\BuildLiteBehavior [ RunTime:0.000000s ]
INFO: [ app_init ] --END-- [ RunTime:0.000000s ]
ERR: 无法加载模块:Public

[ 2016-09-07T14:42:31+08:00 ] 127.0.0.1 /admin/Public/Admin/js/plugins/dataTables/dataTables.responsive.js
INFO: [ app_init ] --START--
INFO: Run Behavior\BuildLiteBehavior [ RunTime:0.000000s ]
INFO: [ app_init ] --END-- [ RunTime:0.001000s ]
ERR: 无法加载模块:Public

[ 2016-09-07T14:42:31+08:00 ] 127.0.0.1 /admin/Public/Admin/js/plugins/dataTables/dataTables.tableTools.min.js
INFO: [ app_init ] --START--
INFO: Run Behavior\BuildLiteBehavior [ RunTime:0.001000s ]
INFO: [ app_init ] --END-- [ RunTime:0.001000s ]
ERR: 无法加载模块:Public

[ 2016-09-07T14:42:34+08:00 ] 127.0.0.1 /admin/Public/Admin/js/plugins/dataTables/dataTables.bootstrap.js
INFO: [ app_init ] --START--
INFO: Run Behavior\BuildLiteBehavior [ RunTime:0.000000s ]
INFO: [ app_init ] --END-- [ RunTime:0.001000s ]
ERR: 无法加载模块:Public

[ 2016-09-07T14:42:34+08:00 ] 127.0.0.1 /admin/Public/Admin/js/plugins/dataTables/jquery.dataTables.js
INFO: [ app_init ] --START--
INFO: Run Behavior\BuildLiteBehavior [ RunTime:0.000000s ]
INFO: [ app_init ] --END-- [ RunTime:0.001000s ]
ERR: 无法加载模块:Public

[ 2016-09-07T14:42:34+08:00 ] 127.0.0.1 /admin/Public/Admin/js/plugins/dataTables/dataTables.tableTools.min.js
INFO: [ app_init ] --START--
INFO: Run Behavior\BuildLiteBehavior [ RunTime:0.000000s ]
INFO: [ app_init ] --END-- [ RunTime:0.018001s ]
ERR: 无法加载模块:Public

[ 2016-09-07T14:42:34+08:00 ] 127.0.0.1 /admin/Public/Admin/js/plugins/dataTables/dataTables.responsive.js
INFO: [ app_init ] --START--
INFO: Run Behavior\BuildLiteBehavior [ RunTime:0.000000s ]
INFO: [ app_init ] --END-- [ RunTime:0.003001s ]
ERR: 无法加载模块:Public

[ 2016-09-07T14:42:34+08:00 ] 127.0.0.1 /admin/Public/Admin/js/plugins/dataTables/dataTables.bootstrap.js
INFO: [ app_init ] --START--
INFO: Run Behavior\BuildLiteBehavior [ RunTime:0.000000s ]
INFO: [ app_init ] --END-- [ RunTime:0.001000s ]
ERR: 无法加载模块:Public

[ 2016-09-07T14:42:34+08:00 ] 127.0.0.1 /admin/Public/Admin/js/plugins/dataTables/dataTables.responsive.js
INFO: [ app_init ] --START--
INFO: Run Behavior\BuildLiteBehavior [ RunTime:0.000000s ]
INFO: [ app_init ] --END-- [ RunTime:0.001000s ]
ERR: 无法加载模块:Public

[ 2016-09-07T14:42:34+08:00 ] 127.0.0.1 /admin/Public/Admin/js/plugins/dataTables/dataTables.tableTools.min.js
INFO: [ app_init ] --START--
INFO: Run Behavior\BuildLiteBehavior [ RunTime:0.000000s ]
INFO: [ app_init ] --END-- [ RunTime:0.000000s ]
ERR: 无法加载模块:Public

[ 2016-09-07T14:42:49+08:00 ] 127.0.0.1 /admin/Public/Admin/js/plugins/dataTables/jquery.dataTables.js
INFO: [ app_init ] --START--
INFO: Run Behavior\BuildLiteBehavior [ RunTime:0.000000s ]
INFO: [ app_init ] --END-- [ RunTime:0.001000s ]
ERR: 无法加载模块:Public

[ 2016-09-07T14:42:49+08:00 ] 127.0.0.1 /admin/Public/Admin/js/plugins/dataTables/dataTables.bootstrap.js
INFO: [ app_init ] --START--
INFO: Run Behavior\BuildLiteBehavior [ RunTime:0.000000s ]
INFO: [ app_init ] --END-- [ RunTime:0.001000s ]
ERR: 无法加载模块:Public

[ 2016-09-07T14:42:49+08:00 ] 127.0.0.1 /admin/Public/Admin/js/plugins/dataTables/dataTables.responsive.js
INFO: [ app_init ] --START--
INFO: Run Behavior\BuildLiteBehavior [ RunTime:0.000000s ]
INFO: [ app_init ] --END-- [ RunTime:0.000000s ]
ERR: 无法加载模块:Public

[ 2016-09-07T14:42:49+08:00 ] 127.0.0.1 /admin/Public/Admin/js/plugins/dataTables/dataTables.tableTools.min.js
INFO: [ app_init ] --START--
INFO: Run Behavior\BuildLiteBehavior [ RunTime:0.000000s ]
INFO: [ app_init ] --END-- [ RunTime:0.001000s ]
ERR: 无法加载模块:Public

[ 2016-09-07T14:42:49+08:00 ] 127.0.0.1 /admin/Public/Admin/js/plugins/dataTables/jquery.dataTables.js
INFO: [ app_init ] --START--
INFO: Run Behavior\BuildLiteBehavior [ RunTime:0.000000s ]
INFO: [ app_init ] --END-- [ RunTime:0.000000s ]
ERR: 无法加载模块:Public

[ 2016-09-07T14:42:49+08:00 ] 127.0.0.1 /admin/Public/Admin/js/plugins/dataTables/dataTables.bootstrap.js
INFO: [ app_init ] --START--
INFO: Run Behavior\BuildLiteBehavior [ RunTime:0.000000s ]
INFO: [ app_init ] --END-- [ RunTime:0.000000s ]
ERR: 无法加载模块:Public

[ 2016-09-07T14:42:49+08:00 ] 127.0.0.1 /admin/Public/Admin/js/plugins/dataTables/dataTables.responsive.js
INFO: [ app_init ] --START--
INFO: Run Behavior\BuildLiteBehavior [ RunTime:0.001000s ]
INFO: [ app_init ] --END-- [ RunTime:0.001000s ]
ERR: 无法加载模块:Public

[ 2016-09-07T14:42:49+08:00 ] 127.0.0.1 /admin/Public/Admin/js/plugins/dataTables/dataTables.tableTools.min.js
INFO: [ app_init ] --START--
INFO: Run Behavior\BuildLiteBehavior [ RunTime:0.000000s ]
INFO: [ app_init ] --END-- [ RunTime:0.001000s ]
ERR: 无法加载模块:Public

[ 2016-09-07T14:43:23+08:00 ] 127.0.0.1 /admin/Public/Admin/js/plugins/dataTables/dataTables.bootstrap.js
INFO: [ app_init ] --START--
INFO: Run Behavior\BuildLiteBehavior [ RunTime:0.000000s ]
INFO: [ app_init ] --END-- [ RunTime:0.000000s ]
ERR: 无法加载模块:Public

[ 2016-09-07T14:43:23+08:00 ] 127.0.0.1 /admin/Public/Admin/js/plugins/dataTables/jquery.dataTables.js
INFO: [ app_init ] --START--
INFO: Run Behavior\BuildLiteBehavior [ RunTime:0.000000s ]
INFO: [ app_init ] --END-- [ RunTime:0.001000s ]
ERR: 无法加载模块:Public

[ 2016-09-07T14:43:23+08:00 ] 127.0.0.1 /admin/Public/Admin/js/plugins/dataTables/dataTables.tableTools.min.js
INFO: [ app_init ] --START--
INFO: Run Behavior\BuildLiteBehavior [ RunTime:0.000000s ]
INFO: [ app_init ] --END-- [ RunTime:0.002000s ]
ERR: 无法加载模块:Public

[ 2016-09-07T14:43:23+08:00 ] 127.0.0.1 /admin/Public/Admin/js/plugins/dataTables/dataTables.responsive.js
INFO: [ app_init ] --START--
INFO: Run Behavior\BuildLiteBehavior [ RunTime:0.000000s ]
INFO: [ app_init ] --END-- [ RunTime:0.001000s ]
ERR: 无法加载模块:Public

[ 2016-09-07T14:43:23+08:00 ] 127.0.0.1 /admin/Public/Admin/js/plugins/dataTables/jquery.dataTables.js
INFO: [ app_init ] --START--
INFO: Run Behavior\BuildLiteBehavior [ RunTime:0.000000s ]
INFO: [ app_init ] --END-- [ RunTime:0.001000s ]
ERR: 无法加载模块:Public

[ 2016-09-07T14:43:23+08:00 ] 127.0.0.1 /admin/Public/Admin/js/plugins/dataTables/dataTables.bootstrap.js
INFO: [ app_init ] --START--
INFO: Run Behavior\BuildLiteBehavior [ RunTime:0.000000s ]
INFO: [ app_init ] --END-- [ RunTime:0.001000s ]
ERR: 无法加载模块:Public

[ 2016-09-07T14:43:23+08:00 ] 127.0.0.1 /admin/Public/Admin/js/plugins/dataTables/dataTables.responsive.js
INFO: [ app_init ] --START--
INFO: Run Behavior\BuildLiteBehavior [ RunTime:0.000000s ]
INFO: [ app_init ] --END-- [ RunTime:0.000000s ]
ERR: 无法加载模块:Public

[ 2016-09-07T14:43:23+08:00 ] 127.0.0.1 /admin/Public/Admin/js/plugins/dataTables/dataTables.tableTools.min.js
INFO: [ app_init ] --START--
INFO: Run Behavior\BuildLiteBehavior [ RunTime:0.000000s ]
INFO: [ app_init ] --END-- [ RunTime:0.001000s ]
ERR: 无法加载模块:Public

[ 2016-09-07T14:43:35+08:00 ] 127.0.0.1 /admin/Public/Admin/js/plugins/dataTables/dataTables.bootstrap.js
INFO: [ app_init ] --START--
INFO: Run Behavior\BuildLiteBehavior [ RunTime:0.000000s ]
INFO: [ app_init ] --END-- [ RunTime:0.001000s ]
ERR: 无法加载模块:Public

[ 2016-09-07T14:43:35+08:00 ] 127.0.0.1 /admin/Public/Admin/js/plugins/dataTables/dataTables.responsive.js
INFO: [ app_init ] --START--
INFO: Run Behavior\BuildLiteBehavior [ RunTime:0.000000s ]
INFO: [ app_init ] --END-- [ RunTime:0.001000s ]
ERR: 无法加载模块:Public

[ 2016-09-07T14:43:35+08:00 ] 127.0.0.1 /admin/Public/Admin/js/plugins/dataTables/jquery.dataTables.js
INFO: [ app_init ] --START--
INFO: Run Behavior\BuildLiteBehavior [ RunTime:0.000000s ]
INFO: [ app_init ] --END-- [ RunTime:0.001000s ]
ERR: 无法加载模块:Public

[ 2016-09-07T14:43:35+08:00 ] 127.0.0.1 /admin/Public/Admin/js/plugins/dataTables/dataTables.tableTools.min.js
INFO: [ app_init ] --START--
INFO: Run Behavior\BuildLiteBehavior [ RunTime:0.000000s ]
INFO: [ app_init ] --END-- [ RunTime:0.000000s ]
ERR: 无法加载模块:Public

[ 2016-09-07T14:43:35+08:00 ] 127.0.0.1 /admin/Public/Admin/js/plugins/dataTables/jquery.dataTables.js
INFO: [ app_init ] --START--
INFO: Run Behavior\BuildLiteBehavior [ RunTime:0.000000s ]
INFO: [ app_init ] --END-- [ RunTime:0.001000s ]
ERR: 无法加载模块:Public

[ 2016-09-07T14:43:35+08:00 ] 127.0.0.1 /admin/Public/Admin/js/plugins/dataTables/dataTables.bootstrap.js
INFO: [ app_init ] --START--
INFO: Run Behavior\BuildLiteBehavior [ RunTime:0.000000s ]
INFO: [ app_init ] --END-- [ RunTime:0.002000s ]
ERR: 无法加载模块:Public

[ 2016-09-07T14:43:35+08:00 ] 127.0.0.1 /admin/Public/Admin/js/plugins/dataTables/dataTables.responsive.js
INFO: [ app_init ] --START--
INFO: Run Behavior\BuildLiteBehavior [ RunTime:0.000000s ]
INFO: [ app_init ] --END-- [ RunTime:0.001000s ]
ERR: 无法加载模块:Public

[ 2016-09-07T14:43:35+08:00 ] 127.0.0.1 /admin/Public/Admin/js/plugins/dataTables/dataTables.tableTools.min.js
INFO: [ app_init ] --START--
INFO: Run Behavior\BuildLiteBehavior [ RunTime:0.000000s ]
INFO: [ app_init ] --END-- [ RunTime:0.000000s ]
ERR: 无法加载模块:Public

[ 2016-09-07T14:43:36+08:00 ] 127.0.0.1 /admin/Public/Admin/js/plugins/dataTables/dataTables.tableTools.min.js
INFO: [ app_init ] --START--
INFO: Run Behavior\BuildLiteBehavior [ RunTime:0.000000s ]
INFO: [ app_init ] --END-- [ RunTime:0.000000s ]
ERR: 无法加载模块:Public

[ 2016-09-07T14:43:36+08:00 ] 127.0.0.1 /admin/Public/Admin/js/plugins/dataTables/dataTables.responsive.js
INFO: [ app_init ] --START--
INFO: Run Behavior\BuildLiteBehavior [ RunTime:0.000000s ]
INFO: [ app_init ] --END-- [ RunTime:0.001000s ]
ERR: 无法加载模块:Public

[ 2016-09-07T14:43:36+08:00 ] 127.0.0.1 /admin/Public/Admin/js/plugins/dataTables/jquery.dataTables.js
INFO: [ app_init ] --START--
INFO: Run Behavior\BuildLiteBehavior [ RunTime:0.000000s ]
INFO: [ app_init ] --END-- [ RunTime:0.001000s ]
ERR: 无法加载模块:Public

[ 2016-09-07T14:43:36+08:00 ] 127.0.0.1 /admin/Public/Admin/js/plugins/dataTables/dataTables.bootstrap.js
INFO: [ app_init ] --START--
INFO: Run Behavior\BuildLiteBehavior [ RunTime:0.000000s ]
INFO: [ app_init ] --END-- [ RunTime:0.003001s ]
ERR: 无法加载模块:Public

[ 2016-09-07T14:43:36+08:00 ] 127.0.0.1 /admin/Public/Admin/js/plugins/dataTables/jquery.dataTables.js
INFO: [ app_init ] --START--
INFO: Run Behavior\BuildLiteBehavior [ RunTime:0.000000s ]
INFO: [ app_init ] --END-- [ RunTime:0.004000s ]
ERR: 无法加载模块:Public

[ 2016-09-07T14:43:36+08:00 ] 127.0.0.1 /admin/Public/Admin/js/plugins/dataTables/dataTables.bootstrap.js
INFO: [ app_init ] --START--
INFO: Run Behavior\BuildLiteBehavior [ RunTime:0.000000s ]
INFO: [ app_init ] --END-- [ RunTime:0.001000s ]
ERR: 无法加载模块:Public

[ 2016-09-07T14:43:36+08:00 ] 127.0.0.1 /admin/Public/Admin/js/plugins/dataTables/dataTables.responsive.js
INFO: [ app_init ] --START--
INFO: Run Behavior\BuildLiteBehavior [ RunTime:0.000000s ]
INFO: [ app_init ] --END-- [ RunTime:0.001000s ]
ERR: 无法加载模块:Public

[ 2016-09-07T14:43:36+08:00 ] 127.0.0.1 /admin/Public/Admin/js/plugins/dataTables/dataTables.tableTools.min.js
INFO: [ app_init ] --START--
INFO: Run Behavior\BuildLiteBehavior [ RunTime:0.000000s ]
INFO: [ app_init ] --END-- [ RunTime:0.000000s ]
ERR: 无法加载模块:Public

[ 2016-09-07T14:43:37+08:00 ] 127.0.0.1 /admin/Public/Admin/js/plugins/dataTables/jquery.dataTables.js
INFO: [ app_init ] --START--
INFO: Run Behavior\BuildLiteBehavior [ RunTime:0.000000s ]
INFO: [ app_init ] --END-- [ RunTime:0.001000s ]
ERR: 无法加载模块:Public

[ 2016-09-07T14:43:37+08:00 ] 127.0.0.1 /admin/Public/Admin/js/plugins/dataTables/dataTables.responsive.js
INFO: [ app_init ] --START--
INFO: Run Behavior\BuildLiteBehavior [ RunTime:0.001000s ]
INFO: [ app_init ] --END-- [ RunTime:0.001000s ]
ERR: 无法加载模块:Public

[ 2016-09-07T14:43:37+08:00 ] 127.0.0.1 /admin/Public/Admin/js/plugins/dataTables/dataTables.tableTools.min.js
INFO: [ app_init ] --START--
INFO: Run Behavior\BuildLiteBehavior [ RunTime:0.000000s ]
INFO: [ app_init ] --END-- [ RunTime:0.001000s ]
ERR: 无法加载模块:Public

[ 2016-09-07T14:43:37+08:00 ] 127.0.0.1 /admin/Public/Admin/js/plugins/dataTables/dataTables.bootstrap.js
INFO: [ app_init ] --START--
INFO: Run Behavior\BuildLiteBehavior [ RunTime:0.000000s ]
INFO: [ app_init ] --END-- [ RunTime:0.001000s ]
ERR: 无法加载模块:Public

[ 2016-09-07T14:43:37+08:00 ] 127.0.0.1 /admin/Public/Admin/js/plugins/dataTables/jquery.dataTables.js
INFO: [ app_init ] --START--
INFO: Run Behavior\BuildLiteBehavior [ RunTime:0.000000s ]
INFO: [ app_init ] --END-- [ RunTime:0.001000s ]
ERR: 无法加载模块:Public

[ 2016-09-07T14:43:37+08:00 ] 127.0.0.1 /admin/Public/Admin/js/plugins/dataTables/dataTables.bootstrap.js
INFO: [ app_init ] --START--
INFO: Run Behavior\BuildLiteBehavior [ RunTime:0.001000s ]
INFO: [ app_init ] --END-- [ RunTime:0.001000s ]
ERR: 无法加载模块:Public

[ 2016-09-07T14:43:37+08:00 ] 127.0.0.1 /admin/Public/Admin/js/plugins/dataTables/dataTables.responsive.js
INFO: [ app_init ] --START--
INFO: Run Behavior\BuildLiteBehavior [ RunTime:0.000000s ]
INFO: [ app_init ] --END-- [ RunTime:0.001000s ]
ERR: 无法加载模块:Public

[ 2016-09-07T14:43:37+08:00 ] 127.0.0.1 /admin/Public/Admin/js/plugins/dataTables/dataTables.tableTools.min.js
INFO: [ app_init ] --START--
INFO: Run Behavior\BuildLiteBehavior [ RunTime:0.001000s ]
INFO: [ app_init ] --END-- [ RunTime:0.001000s ]
ERR: 无法加载模块:Public

[ 2016-09-07T14:44:06+08:00 ] 127.0.0.1 /admin/Public/Admin/js/plugins/dataTables/jquery.dataTables.js
INFO: [ app_init ] --START--
INFO: Run Behavior\BuildLiteBehavior [ RunTime:0.000000s ]
INFO: [ app_init ] --END-- [ RunTime:0.001000s ]
ERR: 无法加载模块:Public

[ 2016-09-07T14:44:06+08:00 ] 127.0.0.1 /admin/Public/Admin/js/plugins/dataTables/dataTables.tableTools.min.js
INFO: [ app_init ] --START--
INFO: Run Behavior\BuildLiteBehavior [ RunTime:0.000000s ]
INFO: [ app_init ] --END-- [ RunTime:0.002000s ]
ERR: 无法加载模块:Public

[ 2016-09-07T14:44:06+08:00 ] 127.0.0.1 /admin/Public/Admin/js/plugins/dataTables/dataTables.responsive.js
INFO: [ app_init ] --START--
INFO: Run Behavior\BuildLiteBehavior [ RunTime:0.000000s ]
INFO: [ app_init ] --END-- [ RunTime:0.001000s ]
ERR: 无法加载模块:Public

[ 2016-09-07T14:44:06+08:00 ] 127.0.0.1 /admin/Public/Admin/js/plugins/dataTables/dataTables.bootstrap.js
INFO: [ app_init ] --START--
INFO: Run Behavior\BuildLiteBehavior [ RunTime:0.000000s ]
INFO: [ app_init ] --END-- [ RunTime:0.000000s ]
ERR: 无法加载模块:Public

[ 2016-09-07T14:44:06+08:00 ] 127.0.0.1 /admin/Public/Admin/js/plugins/dataTables/jquery.dataTables.js
INFO: [ app_init ] --START--
INFO: Run Behavior\BuildLiteBehavior [ RunTime:0.000000s ]
INFO: [ app_init ] --END-- [ RunTime:0.001000s ]
ERR: 无法加载模块:Public

[ 2016-09-07T14:44:06+08:00 ] 127.0.0.1 /admin/Public/Admin/js/plugins/dataTables/dataTables.bootstrap.js
INFO: [ app_init ] --START--
INFO: Run Behavior\BuildLiteBehavior [ RunTime:0.000000s ]
INFO: [ app_init ] --END-- [ RunTime:0.000000s ]
ERR: 无法加载模块:Public

[ 2016-09-07T14:44:06+08:00 ] 127.0.0.1 /admin/Public/Admin/js/plugins/dataTables/dataTables.responsive.js
INFO: [ app_init ] --START--
INFO: Run Behavior\BuildLiteBehavior [ RunTime:0.000000s ]
INFO: [ app_init ] --END-- [ RunTime:0.001000s ]
ERR: 无法加载模块:Public

[ 2016-09-07T14:44:06+08:00 ] 127.0.0.1 /admin/Public/Admin/js/plugins/dataTables/dataTables.tableTools.min.js
INFO: [ app_init ] --START--
INFO: Run Behavior\BuildLiteBehavior [ RunTime:0.000000s ]
INFO: [ app_init ] --END-- [ RunTime:0.000000s ]
ERR: 无法加载模块:Public

[ 2016-09-07T14:44:21+08:00 ] 127.0.0.1 /admin/Public/Admin/js/plugins/dataTables/dataTables.bootstrap.js
INFO: [ app_init ] --START--
INFO: Run Behavior\BuildLiteBehavior [ RunTime:0.000000s ]
INFO: [ app_init ] --END-- [ RunTime:0.000000s ]
ERR: 无法加载模块:Public

[ 2016-09-07T14:44:21+08:00 ] 127.0.0.1 /admin/Public/Admin/js/plugins/dataTables/dataTables.tableTools.min.js
INFO: [ app_init ] --START--
INFO: Run Behavior\BuildLiteBehavior [ RunTime:0.000000s ]
INFO: [ app_init ] --END-- [ RunTime:0.002000s ]
ERR: 无法加载模块:Public

[ 2016-09-07T14:44:21+08:00 ] 127.0.0.1 /admin/Public/Admin/js/plugins/dataTables/dataTables.responsive.js
INFO: [ app_init ] --START--
INFO: Run Behavior\BuildLiteBehavior [ RunTime:0.000000s ]
INFO: [ app_init ] --END-- [ RunTime:0.010001s ]
ERR: 无法加载模块:Public

[ 2016-09-07T14:44:21+08:00 ] 127.0.0.1 /admin/Public/Admin/js/plugins/dataTables/jquery.dataTables.js
INFO: [ app_init ] --START--
INFO: Run Behavior\BuildLiteBehavior [ RunTime:0.001000s ]
INFO: [ app_init ] --END-- [ RunTime:0.001000s ]
ERR: 无法加载模块:Public

[ 2016-09-07T14:44:22+08:00 ] 127.0.0.1 /admin/Public/Admin/js/plugins/dataTables/dataTables.bootstrap.js
INFO: [ app_init ] --START--
INFO: Run Behavior\BuildLiteBehavior [ RunTime:0.000000s ]
INFO: [ app_init ] --END-- [ RunTime:0.000000s ]
ERR: 无法加载模块:Public

[ 2016-09-07T14:44:22+08:00 ] 127.0.0.1 /admin/Public/Admin/js/plugins/dataTables/dataTables.responsive.js
INFO: [ app_init ] --START--
INFO: Run Behavior\BuildLiteBehavior [ RunTime:0.000000s ]
INFO: [ app_init ] --END-- [ RunTime:0.001000s ]
ERR: 无法加载模块:Public

[ 2016-09-07T14:44:22+08:00 ] 127.0.0.1 /admin/Public/Admin/js/plugins/dataTables/dataTables.tableTools.min.js
INFO: [ app_init ] --START--
INFO: Run Behavior\BuildLiteBehavior [ RunTime:0.000000s ]
INFO: [ app_init ] --END-- [ RunTime:0.000000s ]
ERR: 无法加载模块:Public

[ 2016-09-07T14:44:50+08:00 ] 127.0.0.1 /admin/Public/Admin/js/plugins/dataTables/jquery.dataTables.js
INFO: [ app_init ] --START--
INFO: Run Behavior\BuildLiteBehavior [ RunTime:0.000000s ]
INFO: [ app_init ] --END-- [ RunTime:0.001000s ]
ERR: 无法加载模块:Public

[ 2016-09-07T14:44:50+08:00 ] 127.0.0.1 /admin/Public/Admin/js/plugins/dataTables/dataTables.bootstrap.js
INFO: [ app_init ] --START--
INFO: Run Behavior\BuildLiteBehavior [ RunTime:0.000000s ]
INFO: [ app_init ] --END-- [ RunTime:0.000000s ]
ERR: 无法加载模块:Public

[ 2016-09-07T14:44:50+08:00 ] 127.0.0.1 /admin/Public/Admin/js/plugins/dataTables/dataTables.responsive.js
INFO: [ app_init ] --START--
INFO: Run Behavior\BuildLiteBehavior [ RunTime:0.000000s ]
INFO: [ app_init ] --END-- [ RunTime:0.001000s ]
ERR: 无法加载模块:Public

[ 2016-09-07T14:44:50+08:00 ] 127.0.0.1 /admin/Public/Admin/js/plugins/dataTables/dataTables.tableTools.min.js
INFO: [ app_init ] --START--
INFO: Run Behavior\BuildLiteBehavior [ RunTime:0.000000s ]
INFO: [ app_init ] --END-- [ RunTime:0.001000s ]
ERR: 无法加载模块:Public

[ 2016-09-07T14:44:50+08:00 ] 127.0.0.1 /admin/Public/Admin/js/plugins/dataTables/jquery.dataTables.js
INFO: [ app_init ] --START--
INFO: Run Behavior\BuildLiteBehavior [ RunTime:0.000000s ]
INFO: [ app_init ] --END-- [ RunTime:0.001000s ]
ERR: 无法加载模块:Public

[ 2016-09-07T14:44:50+08:00 ] 127.0.0.1 /admin/Public/Admin/js/plugins/dataTables/dataTables.bootstrap.js
INFO: [ app_init ] --START--
INFO: Run Behavior\BuildLiteBehavior [ RunTime:0.000000s ]
INFO: [ app_init ] --END-- [ RunTime:0.001000s ]
ERR: 无法加载模块:Public

[ 2016-09-07T14:44:50+08:00 ] 127.0.0.1 /admin/Public/Admin/js/plugins/dataTables/dataTables.responsive.js
INFO: [ app_init ] --START--
INFO: Run Behavior\BuildLiteBehavior [ RunTime:0.000000s ]
INFO: [ app_init ] --END-- [ RunTime:0.001000s ]
ERR: 无法加载模块:Public

[ 2016-09-07T14:44:50+08:00 ] 127.0.0.1 /admin/Public/Admin/js/plugins/dataTables/dataTables.tableTools.min.js
INFO: [ app_init ] --START--
INFO: Run Behavior\BuildLiteBehavior [ RunTime:0.000000s ]
INFO: [ app_init ] --END-- [ RunTime:0.001000s ]
ERR: 无法加载模块:Public

[ 2016-09-07T14:46:37+08:00 ] 127.0.0.1 /admin/Public/Admin/js/plugins/dataTables/dataTables.responsive.js
INFO: [ app_init ] --START--
INFO: Run Behavior\BuildLiteBehavior [ RunTime:0.000000s ]
INFO: [ app_init ] --END-- [ RunTime:0.001000s ]
ERR: 无法加载模块:Public

[ 2016-09-07T14:46:37+08:00 ] 127.0.0.1 /admin/Public/Admin/js/plugins/dataTables/jquery.dataTables.js
INFO: [ app_init ] --START--
INFO: Run Behavior\BuildLiteBehavior [ RunTime:0.000000s ]
INFO: [ app_init ] --END-- [ RunTime:0.001000s ]
ERR: 无法加载模块:Public

[ 2016-09-07T14:46:37+08:00 ] 127.0.0.1 /admin/Public/Admin/js/plugins/dataTables/dataTables.bootstrap.js
INFO: [ app_init ] --START--
INFO: Run Behavior\BuildLiteBehavior [ RunTime:0.000000s ]
INFO: [ app_init ] --END-- [ RunTime:0.001000s ]
ERR: 无法加载模块:Public

[ 2016-09-07T14:46:37+08:00 ] 127.0.0.1 /admin/Public/Admin/js/plugins/dataTables/dataTables.tableTools.min.js
INFO: [ app_init ] --START--
INFO: Run Behavior\BuildLiteBehavior [ RunTime:0.000000s ]
INFO: [ app_init ] --END-- [ RunTime:0.000000s ]
ERR: 无法加载模块:Public

[ 2016-09-07T14:46:37+08:00 ] 127.0.0.1 /admin/Public/Admin/js/plugins/dataTables/jquery.dataTables.js
INFO: [ app_init ] --START--
INFO: Run Behavior\BuildLiteBehavior [ RunTime:0.000000s ]
INFO: [ app_init ] --END-- [ RunTime:0.000000s ]
ERR: 无法加载模块:Public

[ 2016-09-07T14:46:37+08:00 ] 127.0.0.1 /admin/Public/Admin/js/plugins/dataTables/dataTables.bootstrap.js
INFO: [ app_init ] --START--
INFO: Run Behavior\BuildLiteBehavior [ RunTime:0.000000s ]
INFO: [ app_init ] --END-- [ RunTime:0.001000s ]
ERR: 无法加载模块:Public

[ 2016-09-07T14:46:37+08:00 ] 127.0.0.1 /admin/Public/Admin/js/plugins/dataTables/dataTables.responsive.js
INFO: [ app_init ] --START--
INFO: Run Behavior\BuildLiteBehavior [ RunTime:0.000000s ]
INFO: [ app_init ] --END-- [ RunTime:0.000000s ]
ERR: 无法加载模块:Public

[ 2016-09-07T14:46:37+08:00 ] 127.0.0.1 /admin/Public/Admin/js/plugins/dataTables/dataTables.tableTools.min.js
INFO: [ app_init ] --START--
INFO: Run Behavior\BuildLiteBehavior [ RunTime:0.000000s ]
INFO: [ app_init ] --END-- [ RunTime:0.001000s ]
ERR: 无法加载模块:Public

[ 2016-09-07T14:47:01+08:00 ] 127.0.0.1 /admin/Public/Admin/js/plugins/dataTables/jquery.dataTables.js
INFO: [ app_init ] --START--
INFO: Run Behavior\BuildLiteBehavior [ RunTime:0.000000s ]
INFO: [ app_init ] --END-- [ RunTime:0.001000s ]
ERR: 无法加载模块:Public

[ 2016-09-07T14:47:01+08:00 ] 127.0.0.1 /admin/Public/Admin/js/plugins/dataTables/dataTables.responsive.js
INFO: [ app_init ] --START--
INFO: Run Behavior\BuildLiteBehavior [ RunTime:0.000000s ]
INFO: [ app_init ] --END-- [ RunTime:0.001000s ]
ERR: 无法加载模块:Public

[ 2016-09-07T14:47:01+08:00 ] 127.0.0.1 /admin/Public/Admin/js/plugins/dataTables/dataTables.bootstrap.js
INFO: [ app_init ] --START--
INFO: Run Behavior\BuildLiteBehavior [ RunTime:0.001000s ]
INFO: [ app_init ] --END-- [ RunTime:0.001000s ]
ERR: 无法加载模块:Public

[ 2016-09-07T14:47:01+08:00 ] 127.0.0.1 /admin/Public/Admin/js/plugins/dataTables/dataTables.tableTools.min.js
INFO: [ app_init ] --START--
INFO: Run Behavior\BuildLiteBehavior [ RunTime:0.000000s ]
INFO: [ app_init ] --END-- [ RunTime:0.001000s ]
ERR: 无法加载模块:Public

[ 2016-09-07T14:47:01+08:00 ] 127.0.0.1 /admin/Public/Admin/js/plugins/dataTables/jquery.dataTables.js
INFO: [ app_init ] --START--
INFO: Run Behavior\BuildLiteBehavior [ RunTime:0.000000s ]
INFO: [ app_init ] --END-- [ RunTime:0.001000s ]
ERR: 无法加载模块:Public

[ 2016-09-07T14:47:01+08:00 ] 127.0.0.1 /admin/Public/Admin/js/plugins/dataTables/dataTables.bootstrap.js
INFO: [ app_init ] --START--
INFO: Run Behavior\BuildLiteBehavior [ RunTime:0.000000s ]
INFO: [ app_init ] --END-- [ RunTime:0.000000s ]
ERR: 无法加载模块:Public

[ 2016-09-07T14:47:01+08:00 ] 127.0.0.1 /admin/Public/Admin/js/plugins/dataTables/dataTables.responsive.js
INFO: [ app_init ] --START--
INFO: Run Behavior\BuildLiteBehavior [ RunTime:0.000000s ]
INFO: [ app_init ] --END-- [ RunTime:0.000000s ]
ERR: 无法加载模块:Public

[ 2016-09-07T14:47:01+08:00 ] 127.0.0.1 /admin/Public/Admin/js/plugins/dataTables/dataTables.tableTools.min.js
INFO: [ app_init ] --START--
INFO: Run Behavior\BuildLiteBehavior [ RunTime:0.000000s ]
INFO: [ app_init ] --END-- [ RunTime:0.000000s ]
ERR: 无法加载模块:Public

[ 2016-09-07T14:47:27+08:00 ] 127.0.0.1 /admin/Public/Admin/js/plugins/dataTables/dataTables.responsive.js
INFO: [ app_init ] --START--
INFO: Run Behavior\BuildLiteBehavior [ RunTime:0.000000s ]
INFO: [ app_init ] --END-- [ RunTime:0.001000s ]
ERR: 无法加载模块:Public

[ 2016-09-07T14:47:27+08:00 ] 127.0.0.1 /admin/Public/Admin/js/plugins/dataTables/dataTables.bootstrap.js
INFO: [ app_init ] --START--
INFO: Run Behavior\BuildLiteBehavior [ RunTime:0.000000s ]
INFO: [ app_init ] --END-- [ RunTime:0.001000s ]
ERR: 无法加载模块:Public

[ 2016-09-07T14:47:27+08:00 ] 127.0.0.1 /admin/Public/Admin/js/plugins/dataTables/dataTables.tableTools.min.js
INFO: [ app_init ] --START--
INFO: Run Behavior\BuildLiteBehavior [ RunTime:0.000000s ]
INFO: [ app_init ] --END-- [ RunTime:0.002000s ]
ERR: 无法加载模块:Public

[ 2016-09-07T14:47:27+08:00 ] 127.0.0.1 /admin/Public/Admin/js/plugins/dataTables/jquery.dataTables.js
INFO: [ app_init ] --START--
INFO: Run Behavior\BuildLiteBehavior [ RunTime:0.000000s ]
INFO: [ app_init ] --END-- [ RunTime:0.001000s ]
ERR: 无法加载模块:Public

[ 2016-09-07T14:47:27+08:00 ] 127.0.0.1 /admin/Public/Admin/js/plugins/dataTables/dataTables.bootstrap.js
INFO: [ app_init ] --START--
INFO: Run Behavior\BuildLiteBehavior [ RunTime:0.000000s ]
INFO: [ app_init ] --END-- [ RunTime:0.001000s ]
ERR: 无法加载模块:Public

[ 2016-09-07T14:47:27+08:00 ] 127.0.0.1 /admin/Public/Admin/js/plugins/dataTables/dataTables.responsive.js
INFO: [ app_init ] --START--
INFO: Run Behavior\BuildLiteBehavior [ RunTime:0.000000s ]
INFO: [ app_init ] --END-- [ RunTime:0.000000s ]
ERR: 无法加载模块:Public

[ 2016-09-07T14:47:27+08:00 ] 127.0.0.1 /admin/Public/Admin/js/plugins/dataTables/dataTables.tableTools.min.js
INFO: [ app_init ] --START--
INFO: Run Behavior\BuildLiteBehavior [ RunTime:0.000000s ]
INFO: [ app_init ] --END-- [ RunTime:0.001000s ]
ERR: 无法加载模块:Public

[ 2016-09-07T14:48:03+08:00 ] 127.0.0.1 /admin/Public/Admin/js/plugins/dataTables/jquery.dataTables.js
INFO: [ app_init ] --START--
INFO: Run Behavior\BuildLiteBehavior [ RunTime:0.001000s ]
INFO: [ app_init ] --END-- [ RunTime:0.001000s ]
ERR: 无法加载模块:Public

[ 2016-09-07T14:48:03+08:00 ] 127.0.0.1 /admin/Public/Admin/js/plugins/dataTables/dataTables.responsive.js
INFO: [ app_init ] --START--
INFO: Run Behavior\BuildLiteBehavior [ RunTime:0.001000s ]
INFO: [ app_init ] --END-- [ RunTime:0.001000s ]
ERR: 无法加载模块:Public

[ 2016-09-07T14:48:03+08:00 ] 127.0.0.1 /admin/Public/Admin/js/plugins/dataTables/dataTables.tableTools.min.js
INFO: [ app_init ] --START--
INFO: Run Behavior\BuildLiteBehavior [ RunTime:0.000000s ]
INFO: [ app_init ] --END-- [ RunTime:0.001000s ]
ERR: 无法加载模块:Public

[ 2016-09-07T14:48:03+08:00 ] 127.0.0.1 /admin/Public/Admin/js/plugins/dataTables/dataTables.bootstrap.js
INFO: [ app_init ] --START--
INFO: Run Behavior\BuildLiteBehavior [ RunTime:0.000000s ]
INFO: [ app_init ] --END-- [ RunTime:0.001000s ]
ERR: 无法加载模块:Public

[ 2016-09-07T14:48:03+08:00 ] 127.0.0.1 /admin/Public/Admin/js/plugins/dataTables/jquery.dataTables.js
INFO: [ app_init ] --START--
INFO: Run Behavior\BuildLiteBehavior [ RunTime:0.000000s ]
INFO: [ app_init ] --END-- [ RunTime:0.001000s ]
ERR: 无法加载模块:Public

[ 2016-09-07T14:48:03+08:00 ] 127.0.0.1 /admin/Public/Admin/js/plugins/dataTables/dataTables.bootstrap.js
INFO: [ app_init ] --START--
INFO: Run Behavior\BuildLiteBehavior [ RunTime:0.001000s ]
INFO: [ app_init ] --END-- [ RunTime:0.003000s ]
ERR: 无法加载模块:Public

[ 2016-09-07T14:48:03+08:00 ] 127.0.0.1 /admin/Public/Admin/js/plugins/dataTables/dataTables.responsive.js
INFO: [ app_init ] --START--
INFO: Run Behavior\BuildLiteBehavior [ RunTime:0.000000s ]
INFO: [ app_init ] --END-- [ RunTime:0.000000s ]
ERR: 无法加载模块:Public

[ 2016-09-07T14:48:03+08:00 ] 127.0.0.1 /admin/Public/Admin/js/plugins/dataTables/dataTables.bootstrap.js
INFO: [ app_init ] --START--
INFO: Run Behavior\BuildLiteBehavior [ RunTime:0.000000s ]
INFO: [ app_init ] --END-- [ RunTime:0.001000s ]
ERR: 无法加载模块:Public

[ 2016-09-07T14:48:03+08:00 ] 127.0.0.1 /admin/Public/Admin/js/plugins/dataTables/jquery.dataTables.js
INFO: [ app_init ] --START--
INFO: Run Behavior\BuildLiteBehavior [ RunTime:0.000000s ]
INFO: [ app_init ] --END-- [ RunTime:0.001000s ]
ERR: 无法加载模块:Public

[ 2016-09-07T14:48:03+08:00 ] 127.0.0.1 /admin/Public/Admin/js/plugins/dataTables/dataTables.tableTools.min.js
INFO: [ app_init ] --START--
INFO: Run Behavior\BuildLiteBehavior [ RunTime:0.000000s ]
INFO: [ app_init ] --END-- [ RunTime:0.001000s ]
ERR: 无法加载模块:Public

[ 2016-09-07T14:48:03+08:00 ] 127.0.0.1 /admin/Public/Admin/js/plugins/dataTables/jquery.dataTables.js
INFO: [ app_init ] --START--
INFO: Run Behavior\BuildLiteBehavior [ RunTime:0.000000s ]
INFO: [ app_init ] --END-- [ RunTime:0.001000s ]
ERR: 无法加载模块:Public

[ 2016-09-07T14:48:03+08:00 ] 127.0.0.1 /admin/Public/Admin/js/plugins/dataTables/dataTables.bootstrap.js
INFO: [ app_init ] --START--
INFO: Run Behavior\BuildLiteBehavior [ RunTime:0.000000s ]
INFO: [ app_init ] --END-- [ RunTime:0.000000s ]
ERR: 无法加载模块:Public

[ 2016-09-07T14:48:04+08:00 ] 127.0.0.1 /admin/Public/Admin/js/plugins/dataTables/dataTables.responsive.js
INFO: [ app_init ] --START--
INFO: Run Behavior\BuildLiteBehavior [ RunTime:0.000000s ]
INFO: [ app_init ] --END-- [ RunTime:0.001000s ]
ERR: 无法加载模块:Public

[ 2016-09-07T14:48:04+08:00 ] 127.0.0.1 /admin/Public/Admin/js/plugins/dataTables/dataTables.tableTools.min.js
INFO: [ app_init ] --START--
INFO: Run Behavior\BuildLiteBehavior [ RunTime:0.000000s ]
INFO: [ app_init ] --END-- [ RunTime:0.003000s ]
ERR: 无法加载模块:Public

[ 2016-09-07T14:48:37+08:00 ] 127.0.0.1 /admin/Public/Admin/js/plugins/dataTables/dataTables.tableTools.min.js
INFO: [ app_init ] --START--
INFO: Run Behavior\BuildLiteBehavior [ RunTime:0.000000s ]
INFO: [ app_init ] --END-- [ RunTime:0.001000s ]
ERR: 无法加载模块:Public

[ 2016-09-07T14:48:37+08:00 ] 127.0.0.1 /admin/Public/Admin/js/plugins/dataTables/jquery.dataTables.js
INFO: [ app_init ] --START--
INFO: Run Behavior\BuildLiteBehavior [ RunTime:0.000000s ]
INFO: [ app_init ] --END-- [ RunTime:0.001000s ]
ERR: 无法加载模块:Public

[ 2016-09-07T14:48:37+08:00 ] 127.0.0.1 /admin/Public/Admin/js/plugins/dataTables/dataTables.bootstrap.js
INFO: [ app_init ] --START--
INFO: Run Behavior\BuildLiteBehavior [ RunTime:0.000000s ]
INFO: [ app_init ] --END-- [ RunTime:0.000000s ]
ERR: 无法加载模块:Public

[ 2016-09-07T14:48:37+08:00 ] 127.0.0.1 /admin/Public/Admin/js/plugins/dataTables/dataTables.responsive.js
INFO: [ app_init ] --START--
INFO: Run Behavior\BuildLiteBehavior [ RunTime:0.000000s ]
INFO: [ app_init ] --END-- [ RunTime:0.001000s ]
ERR: 无法加载模块:Public

[ 2016-09-07T14:48:37+08:00 ] 127.0.0.1 /admin/Public/Admin/js/plugins/dataTables/dataTables.tableTools.min.js
INFO: [ app_init ] --START--
INFO: Run Behavior\BuildLiteBehavior [ RunTime:0.000000s ]
INFO: [ app_init ] --END-- [ RunTime:0.001000s ]
ERR: 无法加载模块:Public

[ 2016-09-07T14:48:38+08:00 ] 127.0.0.1 /admin/Public/Admin/js/plugins/dataTables/jquery.dataTables.js
INFO: [ app_init ] --START--
INFO: Run Behavior\BuildLiteBehavior [ RunTime:0.000000s ]
INFO: [ app_init ] --END-- [ RunTime:0.003000s ]
ERR: 无法加载模块:Public

[ 2016-09-07T14:48:38+08:00 ] 127.0.0.1 /admin/Public/Admin/js/plugins/dataTables/dataTables.bootstrap.js
INFO: [ app_init ] --START--
INFO: Run Behavior\BuildLiteBehavior [ RunTime:0.000000s ]
INFO: [ app_init ] --END-- [ RunTime:0.001000s ]
ERR: 无法加载模块:Public

[ 2016-09-07T14:48:38+08:00 ] 127.0.0.1 /admin/Public/Admin/js/plugins/dataTables/dataTables.responsive.js
INFO: [ app_init ] --START--
INFO: Run Behavior\BuildLiteBehavior [ RunTime:0.000000s ]
INFO: [ app_init ] --END-- [ RunTime:0.001000s ]
ERR: 无法加载模块:Public

[ 2016-09-07T14:48:38+08:00 ] 127.0.0.1 /admin/Public/Admin/js/plugins/dataTables/dataTables.tableTools.min.js
INFO: [ app_init ] --START--
INFO: Run Behavior\BuildLiteBehavior [ RunTime:0.000000s ]
INFO: [ app_init ] --END-- [ RunTime:0.001001s ]
ERR: 无法加载模块:Public

[ 2016-09-07T14:53:07+08:00 ] 127.0.0.1 /admin/Public/Admin/js/plugins/dataTables/jquery.dataTables.js
INFO: [ app_init ] --START--
INFO: Run Behavior\BuildLiteBehavior [ RunTime:0.001000s ]
INFO: [ app_init ] --END-- [ RunTime:0.001000s ]
ERR: 无法加载模块:Public

[ 2016-09-07T14:53:07+08:00 ] 127.0.0.1 /admin/Public/Admin/js/plugins/dataTables/dataTables.bootstrap.js
INFO: [ app_init ] --START--
INFO: Run Behavior\BuildLiteBehavior [ RunTime:0.000000s ]
INFO: [ app_init ] --END-- [ RunTime:0.001000s ]
ERR: 无法加载模块:Public

[ 2016-09-07T14:53:07+08:00 ] 127.0.0.1 /admin/Public/Admin/js/plugins/dataTables/dataTables.responsive.js
INFO: [ app_init ] --START--
INFO: Run Behavior\BuildLiteBehavior [ RunTime:0.000000s ]
INFO: [ app_init ] --END-- [ RunTime:0.004001s ]
ERR: 无法加载模块:Public

[ 2016-09-07T14:53:07+08:00 ] 127.0.0.1 /admin/Public/Admin/js/plugins/dataTables/dataTables.tableTools.min.js
INFO: [ app_init ] --START--
INFO: Run Behavior\BuildLiteBehavior [ RunTime:0.000000s ]
INFO: [ app_init ] --END-- [ RunTime:0.001000s ]
ERR: 无法加载模块:Public

[ 2016-09-07T14:53:07+08:00 ] 127.0.0.1 /admin/Public/Admin/js/plugins/dataTables/jquery.dataTables.js
INFO: [ app_init ] --START--
INFO: Run Behavior\BuildLiteBehavior [ RunTime:0.000000s ]
INFO: [ app_init ] --END-- [ RunTime:0.001000s ]
ERR: 无法加载模块:Public

[ 2016-09-07T14:53:07+08:00 ] 127.0.0.1 /admin/Public/Admin/js/plugins/dataTables/dataTables.bootstrap.js
INFO: [ app_init ] --START--
INFO: Run Behavior\BuildLiteBehavior [ RunTime:0.000000s ]
INFO: [ app_init ] --END-- [ RunTime:0.001000s ]
ERR: 无法加载模块:Public

[ 2016-09-07T14:53:07+08:00 ] 127.0.0.1 /admin/Public/Admin/js/plugins/dataTables/dataTables.responsive.js
INFO: [ app_init ] --START--
INFO: Run Behavior\BuildLiteBehavior [ RunTime:0.000000s ]
INFO: [ app_init ] --END-- [ RunTime:0.001000s ]
ERR: 无法加载模块:Public

[ 2016-09-07T14:53:07+08:00 ] 127.0.0.1 /admin/Public/Admin/js/plugins/dataTables/dataTables.tableTools.min.js
INFO: [ app_init ] --START--
INFO: Run Behavior\BuildLiteBehavior [ RunTime:0.000000s ]
INFO: [ app_init ] --END-- [ RunTime:0.000000s ]
ERR: 无法加载模块:Public

