[ 2016-09-12T17:23:37+08:00 ] 127.0.0.1 /Find/Public/public/file/2016-09-11/57d51a97c02e4.png
INFO: [ app_init ] --START--
INFO: Run Behavior\BuildLiteBehavior [ RunTime:0.000000s ]
INFO: [ app_init ] --END-- [ RunTime:0.001000s ]
ERR: 无法加载模块:Public

[ 2016-09-12T17:23:37+08:00 ] 127.0.0.1 /Find/Public/public/file/2016-09-11/57d51a97c02e4.png
INFO: [ app_init ] --START--
INFO: Run Behavior\BuildLiteBehavior [ RunTime:0.000000s ]
INFO: [ app_init ] --END-- [ RunTime:0.001000s ]
ERR: 无法加载模块:Public

[ 2016-09-12T17:23:38+08:00 ] 127.0.0.1 /Find/Public/public/file/2016-09-11/57d51a97c02e4.png
INFO: [ app_init ] --START--
INFO: Run Behavior\BuildLiteBehavior [ RunTime:0.000000s ]
INFO: [ app_init ] --END-- [ RunTime:0.001000s ]
ERR: 无法加载模块:Public

[ 2016-09-12T17:23:38+08:00 ] 127.0.0.1 /Find/Public/public/file/2016-09-11/57d51a97c02e4.png
INFO: [ app_init ] --START--
INFO: Run Behavior\BuildLiteBehavior [ RunTime:0.001000s ]
INFO: [ app_init ] --END-- [ RunTime:0.001000s ]
ERR: 无法加载模块:Public

[ 2016-09-12T17:23:47+08:00 ] 127.0.0.1 /Find/Public/public/file/2016-09-11/57d51a97c02e4.png
INFO: [ app_init ] --START--
INFO: Run Behavior\BuildLiteBehavior [ RunTime:0.000000s ]
INFO: [ app_init ] --END-- [ RunTime:0.000000s ]
ERR: 无法加载模块:Public

[ 2016-09-12T17:36:36+08:00 ] 127.0.0.1 /Find/Public/Install/css/jquery-1.10.2.min.js
INFO: [ app_init ] --START--
INFO: Run Behavior\BuildLiteBehavior [ RunTime:0.000000s ]
INFO: [ app_init ] --END-- [ RunTime:0.001000s ]
ERR: 无法加载模块:Public

[ 2016-09-12T17:36:36+08:00 ] 127.0.0.1 /Find/Public/Install/css/bootstrap.js
INFO: [ app_init ] --START--
INFO: Run Behavior\BuildLiteBehavior [ RunTime:0.000000s ]
INFO: [ app_init ] --END-- [ RunTime:0.000000s ]
ERR: 无法加载模块:Public

[ 2016-09-12T17:36:36+08:00 ] 127.0.0.1 /Find/Public/Install/css/install.css
INFO: [ app_init ] --START--
INFO: Run Behavior\BuildLiteBehavior [ RunTime:0.000000s ]
INFO: [ app_init ] --END-- [ RunTime:0.003000s ]
ERR: 无法加载模块:Public

[ 2016-09-12T17:36:36+08:00 ] 127.0.0.1 /Find/Public/Install/css/bootstrap.css
INFO: [ app_init ] --START--
INFO: Run Behavior\BuildLiteBehavior [ RunTime:0.000000s ]
INFO: [ app_init ] --END-- [ RunTime:0.000000s ]
ERR: 无法加载模块:Public

[ 2016-09-12T17:36:36+08:00 ] 127.0.0.1 /Find/Public/Install/css/bootstrap-responsive.css
INFO: [ app_init ] --START--
INFO: Run Behavior\BuildLiteBehavior [ RunTime:0.000000s ]
INFO: [ app_init ] --END-- [ RunTime:0.000000s ]
ERR: 无法加载模块:Public

[ 2016-09-12T17:36:36+08:00 ] 127.0.0.1 /Find/Public/Install/css/bootstrap.js
INFO: [ app_init ] --START--
INFO: Run Behavior\BuildLiteBehavior [ RunTime:0.000000s ]
INFO: [ app_init ] --END-- [ RunTime:0.000000s ]
ERR: 无法加载模块:Public

[ 2016-09-12T17:36:49+08:00 ] 127.0.0.1 /Find/Public/Install/css/install.css
INFO: [ app_init ] --START--
INFO: Run Behavior\BuildLiteBehavior [ RunTime:0.000000s ]
INFO: [ app_init ] --END-- [ RunTime:0.000000s ]
ERR: 无法加载模块:Public

[ 2016-09-12T17:36:49+08:00 ] 127.0.0.1 /Find/Public/Install/css/bootstrap.js
INFO: [ app_init ] --START--
INFO: Run Behavior\BuildLiteBehavior [ RunTime:0.000000s ]
INFO: [ app_init ] --END-- [ RunTime:0.001000s ]
ERR: 无法加载模块:Public

[ 2016-09-12T17:36:49+08:00 ] 127.0.0.1 /Find/Public/Install/css/bootstrap.css
INFO: [ app_init ] --START--
INFO: Run Behavior\BuildLiteBehavior [ RunTime:0.000000s ]
INFO: [ app_init ] --END-- [ RunTime:0.000000s ]
ERR: 无法加载模块:Public

[ 2016-09-12T17:36:49+08:00 ] 127.0.0.1 /Find/Public/Install/css/bootstrap-responsive.css
INFO: [ app_init ] --START--
INFO: Run Behavior\BuildLiteBehavior [ RunTime:0.001000s ]
INFO: [ app_init ] --END-- [ RunTime:0.001000s ]
ERR: 无法加载模块:Public

[ 2016-09-12T17:36:49+08:00 ] 127.0.0.1 /Find/Public/Install/css/jquery-1.10.2.min.js
INFO: [ app_init ] --START--
INFO: Run Behavior\BuildLiteBehavior [ RunTime:0.000000s ]
INFO: [ app_init ] --END-- [ RunTime:0.000000s ]
ERR: 无法加载模块:Public

[ 2016-09-12T17:36:49+08:00 ] 127.0.0.1 /Find/Public/Install/css/bootstrap.js
INFO: [ app_init ] --START--
INFO: Run Behavior\BuildLiteBehavior [ RunTime:0.000000s ]
INFO: [ app_init ] --END-- [ RunTime:0.000000s ]
ERR: 无法加载模块:Public

[ 2016-09-12T17:36:49+08:00 ] 127.0.0.1 /Find/Public/Install/css/install.css
INFO: [ app_init ] --START--
INFO: Run Behavior\BuildLiteBehavior [ RunTime:0.000000s ]
INFO: [ app_init ] --END-- [ RunTime:0.000000s ]
ERR: 无法加载模块:Public

[ 2016-09-12T17:36:49+08:00 ] 127.0.0.1 /Find/Public/Install/css/bootstrap.js
INFO: [ app_init ] --START--
INFO: Run Behavior\BuildLiteBehavior [ RunTime:0.000000s ]
INFO: [ app_init ] --END-- [ RunTime:0.000000s ]
ERR: 无法加载模块:Public

[ 2016-09-12T17:36:49+08:00 ] 127.0.0.1 /Find/Public/Install/css/jquery-1.10.2.min.js
INFO: [ app_init ] --START--
INFO: Run Behavior\BuildLiteBehavior [ RunTime:0.003000s ]
INFO: [ app_init ] --END-- [ RunTime:0.003000s ]
ERR: 无法加载模块:Public

[ 2016-09-12T17:36:49+08:00 ] 127.0.0.1 /Find/Public/Install/css/bootstrap-responsive.css
INFO: [ app_init ] --START--
INFO: Run Behavior\BuildLiteBehavior [ RunTime:0.000000s ]
INFO: [ app_init ] --END-- [ RunTime:0.001000s ]
ERR: 无法加载模块:Public

[ 2016-09-12T17:36:49+08:00 ] 127.0.0.1 /Find/Public/Install/css/bootstrap.css
INFO: [ app_init ] --START--
INFO: Run Behavior\BuildLiteBehavior [ RunTime:0.000000s ]
INFO: [ app_init ] --END-- [ RunTime:0.011001s ]
ERR: 无法加载模块:Public

[ 2016-09-12T17:36:49+08:00 ] 127.0.0.1 /Find/Public/Install/css/bootstrap.js
INFO: [ app_init ] --START--
INFO: Run Behavior\BuildLiteBehavior [ RunTime:0.000000s ]
INFO: [ app_init ] --END-- [ RunTime:0.000000s ]
ERR: 无法加载模块:Public

[ 2016-09-12T17:36:50+08:00 ] 127.0.0.1 /Find/Public/Install/css/jquery-1.10.2.min.js
INFO: [ app_init ] --START--
INFO: Run Behavior\BuildLiteBehavior [ RunTime:0.000000s ]
INFO: [ app_init ] --END-- [ RunTime:0.001000s ]
ERR: 无法加载模块:Public

[ 2016-09-12T17:36:50+08:00 ] 127.0.0.1 /Find/Public/Install/css/bootstrap.css
INFO: [ app_init ] --START--
INFO: Run Behavior\BuildLiteBehavior [ RunTime:0.000000s ]
INFO: [ app_init ] --END-- [ RunTime:0.003000s ]
ERR: 无法加载模块:Public

[ 2016-09-12T17:36:50+08:00 ] 127.0.0.1 /Find/Public/Install/css/bootstrap-responsive.css
INFO: [ app_init ] --START--
INFO: Run Behavior\BuildLiteBehavior [ RunTime:0.000000s ]
INFO: [ app_init ] --END-- [ RunTime:0.001000s ]
ERR: 无法加载模块:Public

[ 2016-09-12T17:36:50+08:00 ] 127.0.0.1 /Find/Public/Install/css/install.css
INFO: [ app_init ] --START--
INFO: Run Behavior\BuildLiteBehavior [ RunTime:0.000000s ]
INFO: [ app_init ] --END-- [ RunTime:0.001000s ]
ERR: 无法加载模块:Public

[ 2016-09-12T17:36:50+08:00 ] 127.0.0.1 /Find/Public/Install/css/bootstrap.js
INFO: [ app_init ] --START--
INFO: Run Behavior\BuildLiteBehavior [ RunTime:0.000000s ]
INFO: [ app_init ] --END-- [ RunTime:0.001000s ]
ERR: 无法加载模块:Public

[ 2016-09-12T17:37:48+08:00 ] 127.0.0.1 /Find/Public/Install/css/jquery-1.10.2.min.js
INFO: [ app_init ] --START--
INFO: Run Behavior\BuildLiteBehavior [ RunTime:0.000000s ]
INFO: [ app_init ] --END-- [ RunTime:0.000000s ]
ERR: 无法加载模块:Public

[ 2016-09-12T17:37:48+08:00 ] 127.0.0.1 /Find/Public/Install/css/bootstrap.css
INFO: [ app_init ] --START--
INFO: Run Behavior\BuildLiteBehavior [ RunTime:0.000000s ]
INFO: [ app_init ] --END-- [ RunTime:0.000000s ]
ERR: 无法加载模块:Public

[ 2016-09-12T17:37:48+08:00 ] 127.0.0.1 /Find/Public/Install/css/bootstrap.js
INFO: [ app_init ] --START--
INFO: Run Behavior\BuildLiteBehavior [ RunTime:0.000000s ]
INFO: [ app_init ] --END-- [ RunTime:0.001000s ]
ERR: 无法加载模块:Public

[ 2016-09-12T17:37:48+08:00 ] 127.0.0.1 /Find/Public/Install/css/install.css
INFO: [ app_init ] --START--
INFO: Run Behavior\BuildLiteBehavior [ RunTime:0.000000s ]
INFO: [ app_init ] --END-- [ RunTime:0.001000s ]
ERR: 无法加载模块:Public

[ 2016-09-12T17:37:48+08:00 ] 127.0.0.1 /Find/Public/Install/css/bootstrap-responsive.css
INFO: [ app_init ] --START--
INFO: Run Behavior\BuildLiteBehavior [ RunTime:0.000000s ]
INFO: [ app_init ] --END-- [ RunTime:0.001000s ]
ERR: 无法加载模块:Public

[ 2016-09-12T17:37:48+08:00 ] 127.0.0.1 /Find/Public/Install/css/bootstrap.js
INFO: [ app_init ] --START--
INFO: Run Behavior\BuildLiteBehavior [ RunTime:0.000000s ]
INFO: [ app_init ] --END-- [ RunTime:0.000000s ]
ERR: 无法加载模块:Public

[ 2016-09-12T17:37:48+08:00 ] 127.0.0.1 /Find/Public/Install/css/install.css
INFO: [ app_init ] --START--
INFO: Run Behavior\BuildLiteBehavior [ RunTime:0.000000s ]
INFO: [ app_init ] --END-- [ RunTime:0.001000s ]
ERR: 无法加载模块:Public

[ 2016-09-12T17:37:48+08:00 ] 127.0.0.1 /Find/Public/Install/css/bootstrap.js
INFO: [ app_init ] --START--
INFO: Run Behavior\BuildLiteBehavior [ RunTime:0.000000s ]
INFO: [ app_init ] --END-- [ RunTime:0.001000s ]
ERR: 无法加载模块:Public

[ 2016-09-12T17:37:48+08:00 ] 127.0.0.1 /Find/Public/Install/css/bootstrap-responsive.css
INFO: [ app_init ] --START--
INFO: Run Behavior\BuildLiteBehavior [ RunTime:0.000000s ]
INFO: [ app_init ] --END-- [ RunTime:0.000000s ]
ERR: 无法加载模块:Public

[ 2016-09-12T17:37:48+08:00 ] 127.0.0.1 /Find/Public/Install/css/bootstrap.css
INFO: [ app_init ] --START--
INFO: Run Behavior\BuildLiteBehavior [ RunTime:0.000000s ]
INFO: [ app_init ] --END-- [ RunTime:0.004000s ]
ERR: 无法加载模块:Public

[ 2016-09-12T17:37:48+08:00 ] 127.0.0.1 /Find/Public/Install/css/jquery-1.10.2.min.js
INFO: [ app_init ] --START--
INFO: Run Behavior\BuildLiteBehavior [ RunTime:0.000000s ]
INFO: [ app_init ] --END-- [ RunTime:0.001000s ]
ERR: 无法加载模块:Public

[ 2016-09-12T17:37:48+08:00 ] 127.0.0.1 /Find/Public/Install/css/bootstrap.js
INFO: [ app_init ] --START--
INFO: Run Behavior\BuildLiteBehavior [ RunTime:0.000000s ]
INFO: [ app_init ] --END-- [ RunTime:0.000000s ]
ERR: 无法加载模块:Public

[ 2016-09-12T17:37:48+08:00 ] 127.0.0.1 /Find/Public/Install/css/bootstrap.css
INFO: [ app_init ] --START--
INFO: Run Behavior\BuildLiteBehavior [ RunTime:0.000000s ]
INFO: [ app_init ] --END-- [ RunTime:0.000000s ]
ERR: 无法加载模块:Public

[ 2016-09-12T17:37:48+08:00 ] 127.0.0.1 /Find/Public/Install/css/bootstrap-responsive.css
INFO: [ app_init ] --START--
INFO: Run Behavior\BuildLiteBehavior [ RunTime:0.001000s ]
INFO: [ app_init ] --END-- [ RunTime:0.001000s ]
ERR: 无法加载模块:Public

[ 2016-09-12T17:37:48+08:00 ] 127.0.0.1 /Find/Public/Install/css/bootstrap.js
INFO: [ app_init ] --START--
INFO: Run Behavior\BuildLiteBehavior [ RunTime:0.000000s ]
INFO: [ app_init ] --END-- [ RunTime:0.002000s ]
ERR: 无法加载模块:Public

[ 2016-09-12T17:37:48+08:00 ] 127.0.0.1 /Find/Public/Install/css/jquery-1.10.2.min.js
INFO: [ app_init ] --START--
INFO: Run Behavior\BuildLiteBehavior [ RunTime:0.001000s ]
INFO: [ app_init ] --END-- [ RunTime:0.002000s ]
ERR: 无法加载模块:Public

[ 2016-09-12T17:37:48+08:00 ] 127.0.0.1 /Find/Public/Install/css/install.css
INFO: [ app_init ] --START--
INFO: Run Behavior\BuildLiteBehavior [ RunTime:0.000000s ]
INFO: [ app_init ] --END-- [ RunTime:0.001000s ]
ERR: 无法加载模块:Public

[ 2016-09-12T17:37:48+08:00 ] 127.0.0.1 /Find/Public/Install/css/bootstrap.js
INFO: [ app_init ] --START--
INFO: Run Behavior\BuildLiteBehavior [ RunTime:0.000000s ]
INFO: [ app_init ] --END-- [ RunTime:0.000000s ]
ERR: 无法加载模块:Public

[ 2016-09-12T18:00:08+08:00 ] 127.0.0.1 /Find/js/jquery.js
INFO: [ app_init ] --START--
INFO: Run Behavior\BuildLiteBehavior [ RunTime:0.000000s ]
INFO: [ app_init ] --END-- [ RunTime:0.000000s ]
ERR: 无法加载模块:Js

[ 2016-09-12T18:00:08+08:00 ] 127.0.0.1 /Find/css/uikit.min.css
INFO: [ app_init ] --START--
INFO: Run Behavior\BuildLiteBehavior [ RunTime:0.000000s ]
INFO: [ app_init ] --END-- [ RunTime:0.000000s ]
ERR: 无法加载模块:Css

[ 2016-09-12T18:00:08+08:00 ] 127.0.0.1 /Find/js/uikit.min.js
INFO: [ app_init ] --START--
INFO: Run Behavior\BuildLiteBehavior [ RunTime:0.000000s ]
INFO: [ app_init ] --END-- [ RunTime:0.001000s ]
ERR: 无法加载模块:Js

[ 2016-09-12T18:00:08+08:00 ] 127.0.0.1 /Find/js/uikit.min.js
INFO: [ app_init ] --START--
INFO: Run Behavior\BuildLiteBehavior [ RunTime:0.000000s ]
INFO: [ app_init ] --END-- [ RunTime:0.000000s ]
ERR: 无法加载模块:Js

[ 2016-09-12T18:00:10+08:00 ] 127.0.0.1 /Find/js/uikit.min.js
INFO: [ app_init ] --START--
INFO: Run Behavior\BuildLiteBehavior [ RunTime:0.000000s ]
INFO: [ app_init ] --END-- [ RunTime:0.000000s ]
ERR: 无法加载模块:Js

[ 2016-09-12T18:00:10+08:00 ] 127.0.0.1 /Find/css/uikit.min.css
INFO: [ app_init ] --START--
INFO: Run Behavior\BuildLiteBehavior [ RunTime:0.000000s ]
INFO: [ app_init ] --END-- [ RunTime:0.001000s ]
ERR: 无法加载模块:Css

[ 2016-09-12T18:00:10+08:00 ] 127.0.0.1 /Find/js/jquery.js
INFO: [ app_init ] --START--
INFO: Run Behavior\BuildLiteBehavior [ RunTime:0.000000s ]
INFO: [ app_init ] --END-- [ RunTime:0.000000s ]
ERR: 无法加载模块:Js

[ 2016-09-12T18:00:10+08:00 ] 127.0.0.1 /Find/js/uikit.min.js
INFO: [ app_init ] --START--
INFO: Run Behavior\BuildLiteBehavior [ RunTime:0.000000s ]
INFO: [ app_init ] --END-- [ RunTime:0.000000s ]
ERR: 无法加载模块:Js

[ 2016-09-12T18:00:13+08:00 ] 127.0.0.1 /Find/js/uikit.min.js
INFO: [ app_init ] --START--
INFO: Run Behavior\BuildLiteBehavior [ RunTime:0.000000s ]
INFO: [ app_init ] --END-- [ RunTime:0.001000s ]
ERR: 无法加载模块:Js

[ 2016-09-12T18:00:13+08:00 ] 127.0.0.1 /Find/js/jquery.js
INFO: [ app_init ] --START--
INFO: Run Behavior\BuildLiteBehavior [ RunTime:0.000000s ]
INFO: [ app_init ] --END-- [ RunTime:0.001001s ]
ERR: 无法加载模块:Js

[ 2016-09-12T18:00:13+08:00 ] 127.0.0.1 /Find/css/uikit.min.css
INFO: [ app_init ] --START--
INFO: Run Behavior\BuildLiteBehavior [ RunTime:0.000000s ]
INFO: [ app_init ] --END-- [ RunTime:0.000000s ]
ERR: 无法加载模块:Css

[ 2016-09-12T18:00:13+08:00 ] 127.0.0.1 /Find/js/uikit.min.js
INFO: [ app_init ] --START--
INFO: Run Behavior\BuildLiteBehavior [ RunTime:0.000000s ]
INFO: [ app_init ] --END-- [ RunTime:0.001000s ]
ERR: 无法加载模块:Js

[ 2016-09-12T18:01:05+08:00 ] 127.0.0.1 /Find/js/uikit.min.js
INFO: [ app_init ] --START--
INFO: Run Behavior\BuildLiteBehavior [ RunTime:0.000000s ]
INFO: [ app_init ] --END-- [ RunTime:0.000000s ]
ERR: 无法加载模块:Js

[ 2016-09-12T18:01:05+08:00 ] 127.0.0.1 /Find/js/jquery.js
INFO: [ app_init ] --START--
INFO: Run Behavior\BuildLiteBehavior [ RunTime:0.000000s ]
INFO: [ app_init ] --END-- [ RunTime:0.001000s ]
ERR: 无法加载模块:Js

[ 2016-09-12T18:01:05+08:00 ] 127.0.0.1 /Find/css/uikit.min.css
INFO: [ app_init ] --START--
INFO: Run Behavior\BuildLiteBehavior [ RunTime:0.000000s ]
INFO: [ app_init ] --END-- [ RunTime:0.000000s ]
ERR: 无法加载模块:Css

[ 2016-09-12T18:01:05+08:00 ] 127.0.0.1 /Find/js/uikit.min.js
INFO: [ app_init ] --START--
INFO: Run Behavior\BuildLiteBehavior [ RunTime:0.000000s ]
INFO: [ app_init ] --END-- [ RunTime:0.001001s ]
ERR: 无法加载模块:Js

[ 2016-09-12T18:01:06+08:00 ] 127.0.0.1 /Find/js/uikit.min.js
INFO: [ app_init ] --START--
INFO: Run Behavior\BuildLiteBehavior [ RunTime:0.000000s ]
INFO: [ app_init ] --END-- [ RunTime:0.000000s ]
ERR: 无法加载模块:Js

[ 2016-09-12T18:01:06+08:00 ] 127.0.0.1 /Find/js/jquery.js
INFO: [ app_init ] --START--
INFO: Run Behavior\BuildLiteBehavior [ RunTime:0.000000s ]
INFO: [ app_init ] --END-- [ RunTime:0.001000s ]
ERR: 无法加载模块:Js

[ 2016-09-12T18:01:06+08:00 ] 127.0.0.1 /Find/css/uikit.min.css
INFO: [ app_init ] --START--
INFO: Run Behavior\BuildLiteBehavior [ RunTime:0.000000s ]
INFO: [ app_init ] --END-- [ RunTime:0.001000s ]
ERR: 无法加载模块:Css

[ 2016-09-12T18:01:06+08:00 ] 127.0.0.1 /Find/js/uikit.min.js
INFO: [ app_init ] --START--
INFO: Run Behavior\BuildLiteBehavior [ RunTime:0.000000s ]
INFO: [ app_init ] --END-- [ RunTime:0.001001s ]
ERR: 无法加载模块:Js

[ 2016-09-12T18:01:06+08:00 ] 127.0.0.1 /Find/js/uikit.min.js
INFO: [ app_init ] --START--
INFO: Run Behavior\BuildLiteBehavior [ RunTime:0.000000s ]
INFO: [ app_init ] --END-- [ RunTime:0.001000s ]
ERR: 无法加载模块:Js

[ 2016-09-12T18:01:06+08:00 ] 127.0.0.1 /Find/js/jquery.js
INFO: [ app_init ] --START--
INFO: Run Behavior\BuildLiteBehavior [ RunTime:0.000000s ]
INFO: [ app_init ] --END-- [ RunTime:0.001000s ]
ERR: 无法加载模块:Js

[ 2016-09-12T18:01:06+08:00 ] 127.0.0.1 /Find/css/uikit.min.css
INFO: [ app_init ] --START--
INFO: Run Behavior\BuildLiteBehavior [ RunTime:0.000000s ]
INFO: [ app_init ] --END-- [ RunTime:0.002001s ]
ERR: 无法加载模块:Css

[ 2016-09-12T18:01:06+08:00 ] 127.0.0.1 /Find/js/uikit.min.js
INFO: [ app_init ] --START--
INFO: Run Behavior\BuildLiteBehavior [ RunTime:0.000000s ]
INFO: [ app_init ] --END-- [ RunTime:0.001000s ]
ERR: 无法加载模块:Js

[ 2016-09-12T18:01:08+08:00 ] 127.0.0.1 /Find/css/uikit.min.css
INFO: [ app_init ] --START--
INFO: Run Behavior\BuildLiteBehavior [ RunTime:0.001000s ]
INFO: [ app_init ] --END-- [ RunTime:0.001000s ]
ERR: 无法加载模块:Css

[ 2016-09-12T18:02:27+08:00 ] 127.0.0.1 /Find/css/uikit.min.css
INFO: [ app_init ] --START--
INFO: Run Behavior\BuildLiteBehavior [ RunTime:0.000000s ]
INFO: [ app_init ] --END-- [ RunTime:0.001000s ]
ERR: 无法加载模块:Css

[ 2016-09-12T18:02:27+08:00 ] 127.0.0.1 /Find/js/uikit.min.js
INFO: [ app_init ] --START--
INFO: Run Behavior\BuildLiteBehavior [ RunTime:0.000000s ]
INFO: [ app_init ] --END-- [ RunTime:0.001000s ]
ERR: 无法加载模块:Js

[ 2016-09-12T18:02:27+08:00 ] 127.0.0.1 /Find/js/jquery.js
INFO: [ app_init ] --START--
INFO: Run Behavior\BuildLiteBehavior [ RunTime:0.000000s ]
INFO: [ app_init ] --END-- [ RunTime:0.001000s ]
ERR: 无法加载模块:Js

[ 2016-09-12T18:02:27+08:00 ] 127.0.0.1 /Find/js/uikit.min.js
INFO: [ app_init ] --START--
INFO: Run Behavior\BuildLiteBehavior [ RunTime:0.000000s ]
INFO: [ app_init ] --END-- [ RunTime:0.001000s ]
ERR: 无法加载模块:Js

[ 2016-09-12T18:02:33+08:00 ] 127.0.0.1 /Find/css/uikit.min.css
INFO: [ app_init ] --START--
INFO: Run Behavior\BuildLiteBehavior [ RunTime:0.000000s ]
INFO: [ app_init ] --END-- [ RunTime:0.000000s ]
ERR: 无法加载模块:Css

[ 2016-09-12T18:02:33+08:00 ] 127.0.0.1 /Find/js/uikit.min.js
INFO: [ app_init ] --START--
INFO: Run Behavior\BuildLiteBehavior [ RunTime:0.000000s ]
INFO: [ app_init ] --END-- [ RunTime:0.000000s ]
ERR: 无法加载模块:Js

[ 2016-09-12T18:02:33+08:00 ] 127.0.0.1 /Find/js/jquery.js
INFO: [ app_init ] --START--
INFO: Run Behavior\BuildLiteBehavior [ RunTime:0.000000s ]
INFO: [ app_init ] --END-- [ RunTime:0.001000s ]
ERR: 无法加载模块:Js

[ 2016-09-12T18:02:33+08:00 ] 127.0.0.1 /Find/js/uikit.min.js
INFO: [ app_init ] --START--
INFO: Run Behavior\BuildLiteBehavior [ RunTime:0.000000s ]
INFO: [ app_init ] --END-- [ RunTime:0.001000s ]
ERR: 无法加载模块:Js

[ 2016-09-12T18:02:34+08:00 ] 127.0.0.1 /Find/js/jquery.js
INFO: [ app_init ] --START--
INFO: Run Behavior\BuildLiteBehavior [ RunTime:0.000000s ]
INFO: [ app_init ] --END-- [ RunTime:0.001000s ]
ERR: 无法加载模块:Js

[ 2016-09-12T18:02:34+08:00 ] 127.0.0.1 /Find/css/uikit.min.css
INFO: [ app_init ] --START--
INFO: Run Behavior\BuildLiteBehavior [ RunTime:0.000000s ]
INFO: [ app_init ] --END-- [ RunTime:0.001000s ]
ERR: 无法加载模块:Css

[ 2016-09-12T18:02:34+08:00 ] 127.0.0.1 /Find/js/uikit.min.js
INFO: [ app_init ] --START--
INFO: Run Behavior\BuildLiteBehavior [ RunTime:0.000000s ]
INFO: [ app_init ] --END-- [ RunTime:0.001000s ]
ERR: 无法加载模块:Js

[ 2016-09-12T18:02:34+08:00 ] 127.0.0.1 /Find/js/jquery.js
INFO: [ app_init ] --START--
INFO: Run Behavior\BuildLiteBehavior [ RunTime:0.000000s ]
INFO: [ app_init ] --END-- [ RunTime:0.001000s ]
ERR: 无法加载模块:Js

[ 2016-09-12T18:02:34+08:00 ] 127.0.0.1 /Find/js/uikit.min.js
INFO: [ app_init ] --START--
INFO: Run Behavior\BuildLiteBehavior [ RunTime:0.000000s ]
INFO: [ app_init ] --END-- [ RunTime:0.000000s ]
ERR: 无法加载模块:Js

[ 2016-09-12T18:02:34+08:00 ] 127.0.0.1 /Find/css/uikit.min.css
INFO: [ app_init ] --START--
INFO: Run Behavior\BuildLiteBehavior [ RunTime:0.000000s ]
INFO: [ app_init ] --END-- [ RunTime:0.001001s ]
ERR: 无法加载模块:Css

[ 2016-09-12T18:02:34+08:00 ] 127.0.0.1 /Find/js/uikit.min.js
INFO: [ app_init ] --START--
INFO: Run Behavior\BuildLiteBehavior [ RunTime:0.000000s ]
INFO: [ app_init ] --END-- [ RunTime:0.000000s ]
ERR: 无法加载模块:Js

[ 2016-09-12T18:02:34+08:00 ] 127.0.0.1 /Find/js/uikit.min.js
INFO: [ app_init ] --START--
INFO: Run Behavior\BuildLiteBehavior [ RunTime:0.000000s ]
INFO: [ app_init ] --END-- [ RunTime:0.001001s ]
ERR: 无法加载模块:Js

[ 2016-09-12T18:02:34+08:00 ] 127.0.0.1 /Find/js/jquery.js
INFO: [ app_init ] --START--
INFO: Run Behavior\BuildLiteBehavior [ RunTime:0.000000s ]
INFO: [ app_init ] --END-- [ RunTime:0.001000s ]
ERR: 无法加载模块:Js

[ 2016-09-12T18:02:34+08:00 ] 127.0.0.1 /Find/css/uikit.min.css
INFO: [ app_init ] --START--
INFO: Run Behavior\BuildLiteBehavior [ RunTime:0.000000s ]
INFO: [ app_init ] --END-- [ RunTime:0.002000s ]
ERR: 无法加载模块:Css

[ 2016-09-12T18:02:34+08:00 ] 127.0.0.1 /Find/js/uikit.min.js
INFO: [ app_init ] --START--
INFO: Run Behavior\BuildLiteBehavior [ RunTime:0.000000s ]
INFO: [ app_init ] --END-- [ RunTime:0.001000s ]
ERR: 无法加载模块:Js

[ 2016-09-12T18:02:35+08:00 ] 127.0.0.1 /Find/css/uikit.min.css
INFO: [ app_init ] --START--
INFO: Run Behavior\BuildLiteBehavior [ RunTime:0.000000s ]
INFO: [ app_init ] --END-- [ RunTime:0.000000s ]
ERR: 无法加载模块:Css

[ 2016-09-12T18:02:35+08:00 ] 127.0.0.1 /Find/js/jquery.js
INFO: [ app_init ] --START--
INFO: Run Behavior\BuildLiteBehavior [ RunTime:0.000000s ]
INFO: [ app_init ] --END-- [ RunTime:0.000000s ]
ERR: 无法加载模块:Js

[ 2016-09-12T18:02:35+08:00 ] 127.0.0.1 /Find/js/uikit.min.js
INFO: [ app_init ] --START--
INFO: Run Behavior\BuildLiteBehavior [ RunTime:0.000000s ]
INFO: [ app_init ] --END-- [ RunTime:0.000000s ]
ERR: 无法加载模块:Js

[ 2016-09-12T18:02:35+08:00 ] 127.0.0.1 /Find/js/jquery.js
INFO: [ app_init ] --START--
INFO: Run Behavior\BuildLiteBehavior [ RunTime:0.000000s ]
INFO: [ app_init ] --END-- [ RunTime:0.001000s ]
ERR: 无法加载模块:Js

[ 2016-09-12T18:02:35+08:00 ] 127.0.0.1 /Find/js/uikit.min.js
INFO: [ app_init ] --START--
INFO: Run Behavior\BuildLiteBehavior [ RunTime:0.000000s ]
INFO: [ app_init ] --END-- [ RunTime:0.001000s ]
ERR: 无法加载模块:Js

[ 2016-09-12T18:02:35+08:00 ] 127.0.0.1 /Find/css/uikit.min.css
INFO: [ app_init ] --START--
INFO: Run Behavior\BuildLiteBehavior [ RunTime:0.001000s ]
INFO: [ app_init ] --END-- [ RunTime:0.001000s ]
ERR: 无法加载模块:Css

[ 2016-09-12T18:02:36+08:00 ] 127.0.0.1 /Find/js/jquery.js
INFO: [ app_init ] --START--
INFO: Run Behavior\BuildLiteBehavior [ RunTime:0.000000s ]
INFO: [ app_init ] --END-- [ RunTime:0.001000s ]
ERR: 无法加载模块:Js

[ 2016-09-12T18:02:36+08:00 ] 127.0.0.1 /Find/js/uikit.min.js
INFO: [ app_init ] --START--
INFO: Run Behavior\BuildLiteBehavior [ RunTime:0.000000s ]
INFO: [ app_init ] --END-- [ RunTime:0.000000s ]
ERR: 无法加载模块:Js

[ 2016-09-12T18:02:36+08:00 ] 127.0.0.1 /Find/css/uikit.min.css
INFO: [ app_init ] --START--
INFO: Run Behavior\BuildLiteBehavior [ RunTime:0.000000s ]
INFO: [ app_init ] --END-- [ RunTime:0.000000s ]
ERR: 无法加载模块:Css

[ 2016-09-12T18:02:37+08:00 ] 127.0.0.1 /Find/css/uikit.min.css
INFO: [ app_init ] --START--
INFO: Run Behavior\BuildLiteBehavior [ RunTime:0.000000s ]
INFO: [ app_init ] --END-- [ RunTime:0.001000s ]
ERR: 无法加载模块:Css

[ 2016-09-12T18:02:37+08:00 ] 127.0.0.1 /Find/js/jquery.js
INFO: [ app_init ] --START--
INFO: Run Behavior\BuildLiteBehavior [ RunTime:0.000000s ]
INFO: [ app_init ] --END-- [ RunTime:0.001000s ]
ERR: 无法加载模块:Js

[ 2016-09-12T18:02:37+08:00 ] 127.0.0.1 /Find/js/uikit.min.js
INFO: [ app_init ] --START--
INFO: Run Behavior\BuildLiteBehavior [ RunTime:0.000000s ]
INFO: [ app_init ] --END-- [ RunTime:0.001000s ]
ERR: 无法加载模块:Js

[ 2016-09-12T18:02:37+08:00 ] 127.0.0.1 /Find/js/jquery.js
INFO: [ app_init ] --START--
INFO: Run Behavior\BuildLiteBehavior [ RunTime:0.000000s ]
INFO: [ app_init ] --END-- [ RunTime:0.000000s ]
ERR: 无法加载模块:Js

[ 2016-09-12T18:02:37+08:00 ] 127.0.0.1 /Find/css/uikit.min.css
INFO: [ app_init ] --START--
INFO: Run Behavior\BuildLiteBehavior [ RunTime:0.000000s ]
INFO: [ app_init ] --END-- [ RunTime:0.002001s ]
ERR: 无法加载模块:Css

[ 2016-09-12T18:02:37+08:00 ] 127.0.0.1 /Find/js/uikit.min.js
INFO: [ app_init ] --START--
INFO: Run Behavior\BuildLiteBehavior [ RunTime:0.000000s ]
INFO: [ app_init ] --END-- [ RunTime:0.001000s ]
ERR: 无法加载模块:Js

[ 2016-09-12T18:02:48+08:00 ] 127.0.0.1 /Find/js/jquery.js
INFO: [ app_init ] --START--
INFO: Run Behavior\BuildLiteBehavior [ RunTime:0.000000s ]
INFO: [ app_init ] --END-- [ RunTime:0.001000s ]
ERR: 无法加载模块:Js

[ 2016-09-12T18:02:48+08:00 ] 127.0.0.1 /Find/css/uikit.min.css
INFO: [ app_init ] --START--
INFO: Run Behavior\BuildLiteBehavior [ RunTime:0.000000s ]
INFO: [ app_init ] --END-- [ RunTime:0.002000s ]
ERR: 无法加载模块:Css

[ 2016-09-12T18:02:48+08:00 ] 127.0.0.1 /Find/js/uikit.min.js
INFO: [ app_init ] --START--
INFO: Run Behavior\BuildLiteBehavior [ RunTime:0.000000s ]
INFO: [ app_init ] --END-- [ RunTime:0.001000s ]
ERR: 无法加载模块:Js

[ 2016-09-12T18:02:53+08:00 ] 127.0.0.1 /Find/css/uikit.min.css
INFO: [ app_init ] --START--
INFO: Run Behavior\BuildLiteBehavior [ RunTime:0.000000s ]
INFO: [ app_init ] --END-- [ RunTime:0.001000s ]
ERR: 无法加载模块:Css

[ 2016-09-12T18:02:53+08:00 ] 127.0.0.1 /Find/js/uikit.min.js
INFO: [ app_init ] --START--
INFO: Run Behavior\BuildLiteBehavior [ RunTime:0.000000s ]
INFO: [ app_init ] --END-- [ RunTime:0.000000s ]
ERR: 无法加载模块:Js

[ 2016-09-12T18:02:53+08:00 ] 127.0.0.1 /Find/js/jquery.js
INFO: [ app_init ] --START--
INFO: Run Behavior\BuildLiteBehavior [ RunTime:0.000000s ]
INFO: [ app_init ] --END-- [ RunTime:0.000000s ]
ERR: 无法加载模块:Js

[ 2016-09-12T18:02:53+08:00 ] 127.0.0.1 /Find/js/uikit.min.js
INFO: [ app_init ] --START--
INFO: Run Behavior\BuildLiteBehavior [ RunTime:0.000000s ]
INFO: [ app_init ] --END-- [ RunTime:0.001000s ]
ERR: 无法加载模块:Js

[ 2016-09-12T18:02:53+08:00 ] 127.0.0.1 /Find/css/uikit.min.css
INFO: [ app_init ] --START--
INFO: Run Behavior\BuildLiteBehavior [ RunTime:0.000000s ]
INFO: [ app_init ] --END-- [ RunTime:0.001000s ]
ERR: 无法加载模块:Css

[ 2016-09-12T18:02:54+08:00 ] 127.0.0.1 /Find/js/uikit.min.js
INFO: [ app_init ] --START--
INFO: Run Behavior\BuildLiteBehavior [ RunTime:0.000000s ]
INFO: [ app_init ] --END-- [ RunTime:0.000000s ]
ERR: 无法加载模块:Js

[ 2016-09-12T18:02:54+08:00 ] 127.0.0.1 /Find/js/uikit.min.js
INFO: [ app_init ] --START--
INFO: Run Behavior\BuildLiteBehavior [ RunTime:0.000000s ]
INFO: [ app_init ] --END-- [ RunTime:0.000000s ]
ERR: 无法加载模块:Js

[ 2016-09-12T18:02:54+08:00 ] 127.0.0.1 /Find/css/uikit.min.css
INFO: [ app_init ] --START--
INFO: Run Behavior\BuildLiteBehavior [ RunTime:0.000000s ]
INFO: [ app_init ] --END-- [ RunTime:0.000000s ]
ERR: 无法加载模块:Css

[ 2016-09-12T18:02:54+08:00 ] 127.0.0.1 /Find/js/jquery.js
INFO: [ app_init ] --START--
INFO: Run Behavior\BuildLiteBehavior [ RunTime:0.001000s ]
INFO: [ app_init ] --END-- [ RunTime:0.001000s ]
ERR: 无法加载模块:Js

[ 2016-09-12T18:02:54+08:00 ] 127.0.0.1 /Find/js/uikit.min.js
INFO: [ app_init ] --START--
INFO: Run Behavior\BuildLiteBehavior [ RunTime:0.000000s ]
INFO: [ app_init ] --END-- [ RunTime:0.001000s ]
ERR: 无法加载模块:Js

[ 2016-09-12T18:02:54+08:00 ] 127.0.0.1 /Find/css/uikit.min.css
INFO: [ app_init ] --START--
INFO: Run Behavior\BuildLiteBehavior [ RunTime:0.000000s ]
INFO: [ app_init ] --END-- [ RunTime:0.001000s ]
ERR: 无法加载模块:Css

[ 2016-09-12T18:02:54+08:00 ] 127.0.0.1 /Find/js/jquery.js
INFO: [ app_init ] --START--
INFO: Run Behavior\BuildLiteBehavior [ RunTime:0.000000s ]
INFO: [ app_init ] --END-- [ RunTime:0.001000s ]
ERR: 无法加载模块:Js

[ 2016-09-12T18:02:54+08:00 ] 127.0.0.1 /Find/js/uikit.min.js
INFO: [ app_init ] --START--
INFO: Run Behavior\BuildLiteBehavior [ RunTime:0.000000s ]
INFO: [ app_init ] --END-- [ RunTime:0.001000s ]
ERR: 无法加载模块:Js

[ 2016-09-12T18:39:35+08:00 ] 127.0.0.1 /Find/step2.html
INFO: [ app_init ] --START--
INFO: Run Behavior\BuildLiteBehavior [ RunTime:0.000000s ]
INFO: [ app_init ] --END-- [ RunTime:0.001000s ]
ERR: 无法加载模块:Step2

[ 2016-09-12T18:47:05+08:00 ] 127.0.0.1 /Find/index/Admin
INFO: [ app_init ] --START--
INFO: Run Behavior\BuildLiteBehavior [ RunTime:0.000000s ]
INFO: [ app_init ] --END-- [ RunTime:0.001000s ]
ERR: 无法加载模块:Index

[ 2016-09-12T18:48:33+08:00 ] 127.0.0.1 /Find/js/jquery.js
INFO: [ app_init ] --START--
INFO: Run Behavior\BuildLiteBehavior [ RunTime:0.000000s ]
INFO: [ app_init ] --END-- [ RunTime:0.002000s ]
ERR: 无法加载模块:Js

[ 2016-09-12T18:48:33+08:00 ] 127.0.0.1 /Find/js/uikit.min.js
INFO: [ app_init ] --START--
INFO: Run Behavior\BuildLiteBehavior [ RunTime:0.000000s ]
INFO: [ app_init ] --END-- [ RunTime:0.000000s ]
ERR: 无法加载模块:Js

[ 2016-09-12T18:48:33+08:00 ] 127.0.0.1 /Find/inco/G.png
INFO: [ app_init ] --START--
INFO: Run Behavior\BuildLiteBehavior [ RunTime:0.001000s ]
INFO: [ app_init ] --END-- [ RunTime:0.001000s ]
ERR: 无法加载模块:Inco

[ 2016-09-12T18:48:33+08:00 ] 127.0.0.1 /Find/css/uikit.min.css
INFO: [ app_init ] --START--
INFO: Run Behavior\BuildLiteBehavior [ RunTime:0.000000s ]
INFO: [ app_init ] --END-- [ RunTime:0.001000s ]
ERR: 无法加载模块:Css

[ 2016-09-12T18:48:33+08:00 ] 127.0.0.1 /Find/js/uikit.min.js
INFO: [ app_init ] --START--
INFO: Run Behavior\BuildLiteBehavior [ RunTime:0.000000s ]
INFO: [ app_init ] --END-- [ RunTime:0.001000s ]
ERR: 无法加载模块:Js

[ 2016-09-12T18:48:33+08:00 ] 127.0.0.1 /Find/inco/G.png
INFO: [ app_init ] --START--
INFO: Run Behavior\BuildLiteBehavior [ RunTime:0.000000s ]
INFO: [ app_init ] --END-- [ RunTime:0.001000s ]
ERR: 无法加载模块:Inco

[ 2016-09-12T18:48:46+08:00 ] 127.0.0.1 /Find/css/uikit.min.css
INFO: [ app_init ] --START--
INFO: Run Behavior\BuildLiteBehavior [ RunTime:0.000000s ]
INFO: [ app_init ] --END-- [ RunTime:0.000000s ]
ERR: 无法加载模块:Css

[ 2016-09-12T18:48:46+08:00 ] 127.0.0.1 /Find/js/uikit.min.js
INFO: [ app_init ] --START--
INFO: Run Behavior\BuildLiteBehavior [ RunTime:0.000000s ]
INFO: [ app_init ] --END-- [ RunTime:0.001000s ]
ERR: 无法加载模块:Js

[ 2016-09-12T18:48:46+08:00 ] 127.0.0.1 /Find/js/jquery.js
INFO: [ app_init ] --START--
INFO: Run Behavior\BuildLiteBehavior [ RunTime:0.000000s ]
INFO: [ app_init ] --END-- [ RunTime:0.000000s ]
ERR: 无法加载模块:Js

[ 2016-09-12T18:48:46+08:00 ] 127.0.0.1 /Find/inco/G.png
INFO: [ app_init ] --START--
INFO: Run Behavior\BuildLiteBehavior [ RunTime:0.000000s ]
INFO: [ app_init ] --END-- [ RunTime:0.001000s ]
ERR: 无法加载模块:Inco

[ 2016-09-12T18:48:46+08:00 ] 127.0.0.1 /Find/js/uikit.min.js
INFO: [ app_init ] --START--
INFO: Run Behavior\BuildLiteBehavior [ RunTime:0.000000s ]
INFO: [ app_init ] --END-- [ RunTime:0.000000s ]
ERR: 无法加载模块:Js

[ 2016-09-12T18:48:46+08:00 ] 127.0.0.1 /Find/inco/G.png
INFO: [ app_init ] --START--
INFO: Run Behavior\BuildLiteBehavior [ RunTime:0.000000s ]
INFO: [ app_init ] --END-- [ RunTime:0.001000s ]
ERR: 无法加载模块:Inco

[ 2016-09-12T18:49:03+08:00 ] 127.0.0.1 /Find/inco/G.png
INFO: [ app_init ] --START--
INFO: Run Behavior\BuildLiteBehavior [ RunTime:0.000000s ]
INFO: [ app_init ] --END-- [ RunTime:0.001001s ]
ERR: 无法加载模块:Inco

[ 2016-09-12T18:49:04+08:00 ] 127.0.0.1 /Find/inco/G.png
INFO: [ app_init ] --START--
INFO: Run Behavior\BuildLiteBehavior [ RunTime:0.000000s ]
INFO: [ app_init ] --END-- [ RunTime:0.001000s ]
ERR: 无法加载模块:Inco

[ 2016-09-12T18:49:05+08:00 ] 127.0.0.1 /Find/inco/G.png
INFO: [ app_init ] --START--
INFO: Run Behavior\BuildLiteBehavior [ RunTime:0.000000s ]
INFO: [ app_init ] --END-- [ RunTime:0.001000s ]
ERR: 无法加载模块:Inco

[ 2016-09-12T18:49:05+08:00 ] 127.0.0.1 /Find/inco/G.png
INFO: [ app_init ] --START--
INFO: Run Behavior\BuildLiteBehavior [ RunTime:0.000000s ]
INFO: [ app_init ] --END-- [ RunTime:0.000000s ]
ERR: 无法加载模块:Inco

[ 2016-09-12T18:49:05+08:00 ] 127.0.0.1 /Find/inco/G.png
INFO: [ app_init ] --START--
INFO: Run Behavior\BuildLiteBehavior [ RunTime:0.000000s ]
INFO: [ app_init ] --END-- [ RunTime:0.001000s ]
ERR: 无法加载模块:Inco

[ 2016-09-12T18:49:05+08:00 ] 127.0.0.1 /Find/inco/G.png
INFO: [ app_init ] --START--
INFO: Run Behavior\BuildLiteBehavior [ RunTime:0.000000s ]
INFO: [ app_init ] --END-- [ RunTime:0.000000s ]
ERR: 无法加载模块:Inco

[ 2016-09-12T18:50:15+08:00 ] 127.0.0.1 /Find/Public/Install//Find/Public/Install/inco/G.png
INFO: [ app_init ] --START--
INFO: Run Behavior\BuildLiteBehavior [ RunTime:0.000000s ]
INFO: [ app_init ] --END-- [ RunTime:0.001000s ]
ERR: 无法加载模块:Public

[ 2016-09-12T18:50:41+08:00 ] 127.0.0.1 /Find/step3.html
INFO: [ app_init ] --START--
INFO: Run Behavior\BuildLiteBehavior [ RunTime:0.000000s ]
INFO: [ app_init ] --END-- [ RunTime:0.001000s ]
ERR: 无法加载模块:Step3

[ 2016-09-12T18:51:14+08:00 ] 127.0.0.1 /Find/step4.html
INFO: [ app_init ] --START--
INFO: Run Behavior\BuildLiteBehavior [ RunTime:0.000000s ]
INFO: [ app_init ] --END-- [ RunTime:0.000000s ]
ERR: 无法加载模块:Step4

[ 2016-09-12T18:51:39+08:00 ] 127.0.0.1 /Find/step2.html
INFO: [ app_init ] --START--
INFO: Run Behavior\BuildLiteBehavior [ RunTime:0.000000s ]
INFO: [ app_init ] --END-- [ RunTime:0.000000s ]
ERR: 无法加载模块:Step2

[ 2016-09-12T18:51:42+08:00 ] 127.0.0.1 /Find/step2.html
INFO: [ app_init ] --START--
INFO: Run Behavior\BuildLiteBehavior [ RunTime:0.000000s ]
INFO: [ app_init ] --END-- [ RunTime:0.000000s ]
ERR: 无法加载模块:Step2

[ 2016-09-12T18:53:44+08:00 ] 127.0.0.1 /Find/step2.html
INFO: [ app_init ] --START--
INFO: Run Behavior\BuildLiteBehavior [ RunTime:0.000000s ]
INFO: [ app_init ] --END-- [ RunTime:0.000000s ]
ERR: 无法加载模块:Step2

[ 2016-09-12T19:00:31+08:00 ] 127.0.0.1 /Find/step4.html
INFO: [ app_init ] --START--
INFO: Run Behavior\BuildLiteBehavior [ RunTime:0.000000s ]
INFO: [ app_init ] --END-- [ RunTime:0.000000s ]
ERR: 无法加载模块:Step4

[ 2016-09-12T19:00:33+08:00 ] 127.0.0.1 /Find/step2.html
INFO: [ app_init ] --START--
INFO: Run Behavior\BuildLiteBehavior [ RunTime:0.000000s ]
INFO: [ app_init ] --END-- [ RunTime:0.001000s ]
ERR: 无法加载模块:Step2

[ 2016-09-12T19:00:41+08:00 ] 127.0.0.1 /Find/step2.html
INFO: [ app_init ] --START--
INFO: Run Behavior\BuildLiteBehavior [ RunTime:0.000000s ]
INFO: [ app_init ] --END-- [ RunTime:0.000000s ]
ERR: 无法加载模块:Step2

[ 2016-09-12T19:02:16+08:00 ] 127.0.0.1 /Find/step4.html
INFO: [ app_init ] --START--
INFO: Run Behavior\BuildLiteBehavior [ RunTime:0.000000s ]
INFO: [ app_init ] --END-- [ RunTime:0.000000s ]
ERR: 无法加载模块:Step4

[ 2016-09-12T19:02:18+08:00 ] 127.0.0.1 /Find/step2.html
INFO: [ app_init ] --START--
INFO: Run Behavior\BuildLiteBehavior [ RunTime:0.000000s ]
INFO: [ app_init ] --END-- [ RunTime:0.000000s ]
ERR: 无法加载模块:Step2

[ 2016-09-12T19:02:45+08:00 ] 127.0.0.1 /Find/step2.html
INFO: [ app_init ] --START--
INFO: Run Behavior\BuildLiteBehavior [ RunTime:0.000000s ]
INFO: [ app_init ] --END-- [ RunTime:0.000000s ]
ERR: 无法加载模块:Step2

[ 2016-09-12T19:04:00+08:00 ] 127.0.0.1 /Find/step2.html
INFO: [ app_init ] --START--
INFO: Run Behavior\BuildLiteBehavior [ RunTime:0.000000s ]
INFO: [ app_init ] --END-- [ RunTime:0.000000s ]
ERR: 无法加载模块:Step2

[ 2016-09-12T19:04:24+08:00 ] 127.0.0.1 /Find/step2.html
INFO: [ app_init ] --START--
INFO: Run Behavior\BuildLiteBehavior [ RunTime:0.000000s ]
INFO: [ app_init ] --END-- [ RunTime:0.000000s ]
ERR: 无法加载模块:Step2

[ 2016-09-12T20:05:53+08:00 ] 127.0.0.1 /Find/step4.html
INFO: [ app_init ] --START--
INFO: Run Behavior\BuildLiteBehavior [ RunTime:0.000000s ]
INFO: [ app_init ] --END-- [ RunTime:0.001000s ]
ERR: 无法加载模块:Step4

[ 2016-09-12T20:06:00+08:00 ] 127.0.0.1 /Find/step2.html
INFO: [ app_init ] --START--
INFO: Run Behavior\BuildLiteBehavior [ RunTime:0.000000s ]
INFO: [ app_init ] --END-- [ RunTime:0.001000s ]
ERR: 无法加载模块:Step2

