[ 2016-09-10T10:57:55+08:00 ] 127.0.0.1 /admin/Public/Admin/js/plugins/dataTables/jquery.dataTables.js
INFO: [ app_init ] --START--
INFO: Run Behavior\BuildLiteBehavior [ RunTime:0.000000s ]
INFO: [ app_init ] --END-- [ RunTime:0.002000s ]
ERR: 无法加载模块:Public

[ 2016-09-10T10:57:55+08:00 ] 127.0.0.1 /admin/Public/Admin/js/plugins/dataTables/dataTables.tableTools.min.js
INFO: [ app_init ] --START--
INFO: Run Behavior\BuildLiteBehavior [ RunTime:0.000000s ]
INFO: [ app_init ] --END-- [ RunTime:0.001000s ]
ERR: 无法加载模块:Public

[ 2016-09-10T10:57:55+08:00 ] 127.0.0.1 /admin/Public/Admin/js/plugins/dataTables/dataTables.bootstrap.js
INFO: [ app_init ] --START--
INFO: Run Behavior\BuildLiteBehavior [ RunTime:0.000000s ]
INFO: [ app_init ] --END-- [ RunTime:0.000000s ]
ERR: 无法加载模块:Public

[ 2016-09-10T10:57:55+08:00 ] 127.0.0.1 /admin/Public/Admin/js/plugins/dataTables/dataTables.responsive.js
INFO: [ app_init ] --START--
INFO: Run Behavior\BuildLiteBehavior [ RunTime:0.000000s ]
INFO: [ app_init ] --END-- [ RunTime:0.001000s ]
ERR: 无法加载模块:Public

[ 2016-09-10T10:57:55+08:00 ] 127.0.0.1 /admin/Public/Admin/js/plugins/dataTables/dataTables.responsive.js
INFO: [ app_init ] --START--
INFO: Run Behavior\BuildLiteBehavior [ RunTime:0.000000s ]
INFO: [ app_init ] --END-- [ RunTime:0.001000s ]
ERR: 无法加载模块:Public

[ 2016-09-10T10:57:55+08:00 ] 127.0.0.1 /admin/Public/Admin/js/plugins/dataTables/dataTables.tableTools.min.js
INFO: [ app_init ] --START--
INFO: Run Behavior\BuildLiteBehavior [ RunTime:0.000000s ]
INFO: [ app_init ] --END-- [ RunTime:0.000000s ]
ERR: 无法加载模块:Public

[ 2016-09-10T10:59:10+08:00 ] 127.0.0.1 /admin/Public/Admin/js/plugins/dataTables/jquery.dataTables.js
INFO: [ app_init ] --START--
INFO: Run Behavior\BuildLiteBehavior [ RunTime:0.000000s ]
INFO: [ app_init ] --END-- [ RunTime:0.001000s ]
ERR: 无法加载模块:Public

[ 2016-09-10T10:59:10+08:00 ] 127.0.0.1 /admin/Public/Admin/js/plugins/dataTables/dataTables.tableTools.min.js
INFO: [ app_init ] --START--
INFO: Run Behavior\BuildLiteBehavior [ RunTime:0.000000s ]
INFO: [ app_init ] --END-- [ RunTime:0.000000s ]
ERR: 无法加载模块:Public

[ 2016-09-10T10:59:10+08:00 ] 127.0.0.1 /admin/Public/Admin/js/plugins/dataTables/dataTables.bootstrap.js
INFO: [ app_init ] --START--
INFO: Run Behavior\BuildLiteBehavior [ RunTime:0.001000s ]
INFO: [ app_init ] --END-- [ RunTime:0.001000s ]
ERR: 无法加载模块:Public

[ 2016-09-10T10:59:10+08:00 ] 127.0.0.1 /admin/Public/Admin/js/plugins/dataTables/dataTables.responsive.js
INFO: [ app_init ] --START--
INFO: Run Behavior\BuildLiteBehavior [ RunTime:0.000000s ]
INFO: [ app_init ] --END-- [ RunTime:0.000000s ]
ERR: 无法加载模块:Public

[ 2016-09-10T10:59:10+08:00 ] 127.0.0.1 /admin/Public/Admin/js/plugins/dataTables/dataTables.tableTools.min.js
INFO: [ app_init ] --START--
INFO: Run Behavior\BuildLiteBehavior [ RunTime:0.000000s ]
INFO: [ app_init ] --END-- [ RunTime:0.001000s ]
ERR: 无法加载模块:Public

[ 2016-09-10T11:06:51+08:00 ] 127.0.0.1 /admin/Public/Admin/js/plugins/dataTables/dataTables.responsive.js
INFO: [ app_init ] --START--
INFO: Run Behavior\BuildLiteBehavior [ RunTime:0.000000s ]
INFO: [ app_init ] --END-- [ RunTime:0.001000s ]
ERR: 无法加载模块:Public

[ 2016-09-10T11:06:51+08:00 ] 127.0.0.1 /admin/Public/Admin/js/plugins/dataTables/jquery.dataTables.js
INFO: [ app_init ] --START--
INFO: Run Behavior\BuildLiteBehavior [ RunTime:0.000000s ]
INFO: [ app_init ] --END-- [ RunTime:0.001000s ]
ERR: 无法加载模块:Public

[ 2016-09-10T11:06:51+08:00 ] 127.0.0.1 /admin/Public/Admin/js/plugins/dataTables/dataTables.tableTools.min.js
INFO: [ app_init ] --START--
INFO: Run Behavior\BuildLiteBehavior [ RunTime:0.000000s ]
INFO: [ app_init ] --END-- [ RunTime:0.001000s ]
ERR: 无法加载模块:Public

[ 2016-09-10T11:06:51+08:00 ] 127.0.0.1 /admin/Public/Admin/js/plugins/dataTables/dataTables.bootstrap.js
INFO: [ app_init ] --START--
INFO: Run Behavior\BuildLiteBehavior [ RunTime:0.000000s ]
INFO: [ app_init ] --END-- [ RunTime:0.001000s ]
ERR: 无法加载模块:Public

[ 2016-09-10T11:06:51+08:00 ] 127.0.0.1 /admin/Public/Admin/js/plugins/dataTables/dataTables.responsive.js
INFO: [ app_init ] --START--
INFO: Run Behavior\BuildLiteBehavior [ RunTime:0.000000s ]
INFO: [ app_init ] --END-- [ RunTime:0.001000s ]
ERR: 无法加载模块:Public

[ 2016-09-10T11:06:51+08:00 ] 127.0.0.1 /admin/Public/Admin/js/plugins/dataTables/dataTables.tableTools.min.js
INFO: [ app_init ] --START--
INFO: Run Behavior\BuildLiteBehavior [ RunTime:0.000000s ]
INFO: [ app_init ] --END-- [ RunTime:0.000000s ]
ERR: 无法加载模块:Public

[ 2016-09-10T11:08:54+08:00 ] 127.0.0.1 /admin/Public/Admin/js/plugins/dataTables/jquery.dataTables.js
INFO: [ app_init ] --START--
INFO: Run Behavior\BuildLiteBehavior [ RunTime:0.000000s ]
INFO: [ app_init ] --END-- [ RunTime:0.001000s ]
ERR: 无法加载模块:Public

[ 2016-09-10T11:08:54+08:00 ] 127.0.0.1 /admin/Public/Admin/js/plugins/dataTables/dataTables.tableTools.min.js
INFO: [ app_init ] --START--
INFO: Run Behavior\BuildLiteBehavior [ RunTime:0.000000s ]
INFO: [ app_init ] --END-- [ RunTime:0.001000s ]
ERR: 无法加载模块:Public

[ 2016-09-10T11:08:54+08:00 ] 127.0.0.1 /admin/Public/Admin/js/plugins/dataTables/dataTables.bootstrap.js
INFO: [ app_init ] --START--
INFO: Run Behavior\BuildLiteBehavior [ RunTime:0.000000s ]
INFO: [ app_init ] --END-- [ RunTime:0.000000s ]
ERR: 无法加载模块:Public

[ 2016-09-10T11:08:54+08:00 ] 127.0.0.1 /admin/Public/Admin/js/plugins/dataTables/dataTables.responsive.js
INFO: [ app_init ] --START--
INFO: Run Behavior\BuildLiteBehavior [ RunTime:0.000000s ]
INFO: [ app_init ] --END-- [ RunTime:0.001000s ]
ERR: 无法加载模块:Public

[ 2016-09-10T11:08:54+08:00 ] 127.0.0.1 /admin/Public/Admin/js/plugins/dataTables/dataTables.tableTools.min.js
INFO: [ app_init ] --START--
INFO: Run Behavior\BuildLiteBehavior [ RunTime:0.000000s ]
INFO: [ app_init ] --END-- [ RunTime:0.001000s ]
ERR: 无法加载模块:Public

[ 2016-09-10T11:09:13+08:00 ] 127.0.0.1 /admin/Public/Admin/js/plugins/dataTables/jquery.dataTables.js
INFO: [ app_init ] --START--
INFO: Run Behavior\BuildLiteBehavior [ RunTime:0.001000s ]
INFO: [ app_init ] --END-- [ RunTime:0.002000s ]
ERR: 无法加载模块:Public

[ 2016-09-10T11:09:13+08:00 ] 127.0.0.1 /admin/Public/Admin/js/plugins/dataTables/dataTables.tableTools.min.js
INFO: [ app_init ] --START--
INFO: Run Behavior\BuildLiteBehavior [ RunTime:0.000000s ]
INFO: [ app_init ] --END-- [ RunTime:0.000000s ]
ERR: 无法加载模块:Public

[ 2016-09-10T11:09:13+08:00 ] 127.0.0.1 /admin/Public/Admin/js/plugins/dataTables/dataTables.responsive.js
INFO: [ app_init ] --START--
INFO: Run Behavior\BuildLiteBehavior [ RunTime:0.000000s ]
INFO: [ app_init ] --END-- [ RunTime:0.002001s ]
ERR: 无法加载模块:Public

[ 2016-09-10T11:09:13+08:00 ] 127.0.0.1 /admin/Public/Admin/js/plugins/dataTables/dataTables.bootstrap.js
INFO: [ app_init ] --START--
INFO: Run Behavior\BuildLiteBehavior [ RunTime:0.001000s ]
INFO: [ app_init ] --END-- [ RunTime:0.002000s ]
ERR: 无法加载模块:Public

[ 2016-09-10T11:09:13+08:00 ] 127.0.0.1 /admin/Public/Admin/js/plugins/dataTables/dataTables.responsive.js
INFO: [ app_init ] --START--
INFO: Run Behavior\BuildLiteBehavior [ RunTime:0.000000s ]
INFO: [ app_init ] --END-- [ RunTime:0.001000s ]
ERR: 无法加载模块:Public

[ 2016-09-10T11:09:13+08:00 ] 127.0.0.1 /admin/Public/Admin/js/plugins/dataTables/dataTables.tableTools.min.js
INFO: [ app_init ] --START--
INFO: Run Behavior\BuildLiteBehavior [ RunTime:0.000000s ]
INFO: [ app_init ] --END-- [ RunTime:0.001000s ]
ERR: 无法加载模块:Public

[ 2016-09-10T11:09:32+08:00 ] 127.0.0.1 /admin/Public/Admin/js/plugins/dataTables/dataTables.bootstrap.js
INFO: [ app_init ] --START--
INFO: Run Behavior\BuildLiteBehavior [ RunTime:0.001000s ]
INFO: [ app_init ] --END-- [ RunTime:0.002000s ]
ERR: 无法加载模块:Public

[ 2016-09-10T11:09:32+08:00 ] 127.0.0.1 /admin/Public/Admin/js/plugins/dataTables/dataTables.responsive.js
INFO: [ app_init ] --START--
INFO: Run Behavior\BuildLiteBehavior [ RunTime:0.000000s ]
INFO: [ app_init ] --END-- [ RunTime:0.001000s ]
ERR: 无法加载模块:Public

[ 2016-09-10T11:09:32+08:00 ] 127.0.0.1 /admin/Public/Admin/js/plugins/dataTables/dataTables.tableTools.min.js
INFO: [ app_init ] --START--
INFO: Run Behavior\BuildLiteBehavior [ RunTime:0.000000s ]
INFO: [ app_init ] --END-- [ RunTime:0.001000s ]
ERR: 无法加载模块:Public

[ 2016-09-10T11:09:32+08:00 ] 127.0.0.1 /admin/Public/Admin/js/plugins/dataTables/jquery.dataTables.js
INFO: [ app_init ] --START--
INFO: Run Behavior\BuildLiteBehavior [ RunTime:0.000000s ]
INFO: [ app_init ] --END-- [ RunTime:0.001000s ]
ERR: 无法加载模块:Public

[ 2016-09-10T11:09:32+08:00 ] 127.0.0.1 /admin/Public/Admin/js/plugins/dataTables/dataTables.bootstrap.js
INFO: [ app_init ] --START--
INFO: Run Behavior\BuildLiteBehavior [ RunTime:0.000000s ]
INFO: [ app_init ] --END-- [ RunTime:0.000000s ]
ERR: 无法加载模块:Public

[ 2016-09-10T11:09:32+08:00 ] 127.0.0.1 /admin/Public/Admin/js/plugins/dataTables/dataTables.responsive.js
INFO: [ app_init ] --START--
INFO: Run Behavior\BuildLiteBehavior [ RunTime:0.000000s ]
INFO: [ app_init ] --END-- [ RunTime:0.000000s ]
ERR: 无法加载模块:Public

[ 2016-09-10T11:09:33+08:00 ] 127.0.0.1 /admin/Public/Admin/js/plugins/dataTables/dataTables.tableTools.min.js
INFO: [ app_init ] --START--
INFO: Run Behavior\BuildLiteBehavior [ RunTime:0.000000s ]
INFO: [ app_init ] --END-- [ RunTime:0.001000s ]
ERR: 无法加载模块:Public

[ 2016-09-10T11:09:43+08:00 ] 127.0.0.1 /admin/Public/Admin/js/plugins/dataTables/dataTables.responsive.js
INFO: [ app_init ] --START--
INFO: Run Behavior\BuildLiteBehavior [ RunTime:0.000000s ]
INFO: [ app_init ] --END-- [ RunTime:0.000000s ]
ERR: 无法加载模块:Public

[ 2016-09-10T11:09:43+08:00 ] 127.0.0.1 /admin/Public/Admin/js/plugins/dataTables/dataTables.bootstrap.js
INFO: [ app_init ] --START--
INFO: Run Behavior\BuildLiteBehavior [ RunTime:0.000000s ]
INFO: [ app_init ] --END-- [ RunTime:0.001000s ]
ERR: 无法加载模块:Public

[ 2016-09-10T11:09:43+08:00 ] 127.0.0.1 /admin/Public/Admin/js/plugins/dataTables/dataTables.tableTools.min.js
INFO: [ app_init ] --START--
INFO: Run Behavior\BuildLiteBehavior [ RunTime:0.000000s ]
INFO: [ app_init ] --END-- [ RunTime:0.001000s ]
ERR: 无法加载模块:Public

[ 2016-09-10T11:09:43+08:00 ] 127.0.0.1 /admin/Public/Admin/js/plugins/dataTables/jquery.dataTables.js
INFO: [ app_init ] --START--
INFO: Run Behavior\BuildLiteBehavior [ RunTime:0.000000s ]
INFO: [ app_init ] --END-- [ RunTime:0.001000s ]
ERR: 无法加载模块:Public

[ 2016-09-10T11:09:43+08:00 ] 127.0.0.1 /admin/Public/Admin/js/plugins/dataTables/dataTables.bootstrap.js
INFO: [ app_init ] --START--
INFO: Run Behavior\BuildLiteBehavior [ RunTime:0.000000s ]
INFO: [ app_init ] --END-- [ RunTime:0.001000s ]
ERR: 无法加载模块:Public

[ 2016-09-10T11:09:43+08:00 ] 127.0.0.1 /admin/Public/Admin/js/plugins/dataTables/dataTables.responsive.js
INFO: [ app_init ] --START--
INFO: Run Behavior\BuildLiteBehavior [ RunTime:0.000000s ]
INFO: [ app_init ] --END-- [ RunTime:0.001000s ]
ERR: 无法加载模块:Public

[ 2016-09-10T11:09:43+08:00 ] 127.0.0.1 /admin/Public/Admin/js/plugins/dataTables/dataTables.tableTools.min.js
INFO: [ app_init ] --START--
INFO: Run Behavior\BuildLiteBehavior [ RunTime:0.000000s ]
INFO: [ app_init ] --END-- [ RunTime:0.000000s ]
ERR: 无法加载模块:Public

[ 2016-09-10T11:09:53+08:00 ] 127.0.0.1 /admin/Public/Admin/js/plugins/dataTables/jquery.dataTables.js
INFO: [ app_init ] --START--
INFO: Run Behavior\BuildLiteBehavior [ RunTime:0.001000s ]
INFO: [ app_init ] --END-- [ RunTime:0.001000s ]
ERR: 无法加载模块:Public

[ 2016-09-10T11:09:53+08:00 ] 127.0.0.1 /admin/Public/Admin/js/plugins/dataTables/dataTables.responsive.js
INFO: [ app_init ] --START--
INFO: Run Behavior\BuildLiteBehavior [ RunTime:0.000000s ]
INFO: [ app_init ] --END-- [ RunTime:0.001000s ]
ERR: 无法加载模块:Public

[ 2016-09-10T11:09:53+08:00 ] 127.0.0.1 /admin/Public/Admin/js/plugins/dataTables/dataTables.tableTools.min.js
INFO: [ app_init ] --START--
INFO: Run Behavior\BuildLiteBehavior [ RunTime:0.000000s ]
INFO: [ app_init ] --END-- [ RunTime:0.002000s ]
ERR: 无法加载模块:Public

[ 2016-09-10T11:09:53+08:00 ] 127.0.0.1 /admin/Public/Admin/js/plugins/dataTables/dataTables.bootstrap.js
INFO: [ app_init ] --START--
INFO: Run Behavior\BuildLiteBehavior [ RunTime:0.000000s ]
INFO: [ app_init ] --END-- [ RunTime:0.001001s ]
ERR: 无法加载模块:Public

[ 2016-09-10T11:09:53+08:00 ] 127.0.0.1 /admin/Public/Admin/js/plugins/dataTables/dataTables.responsive.js
INFO: [ app_init ] --START--
INFO: Run Behavior\BuildLiteBehavior [ RunTime:0.000000s ]
INFO: [ app_init ] --END-- [ RunTime:0.000000s ]
ERR: 无法加载模块:Public

[ 2016-09-10T11:09:53+08:00 ] 127.0.0.1 /admin/Public/Admin/js/plugins/dataTables/dataTables.tableTools.min.js
INFO: [ app_init ] --START--
INFO: Run Behavior\BuildLiteBehavior [ RunTime:0.000000s ]
INFO: [ app_init ] --END-- [ RunTime:0.001000s ]
ERR: 无法加载模块:Public

[ 2016-09-10T11:12:32+08:00 ] 127.0.0.1 /admin/Public/Admin/js/plugins/dataTables/dataTables.tableTools.min.js
INFO: [ app_init ] --START--
INFO: Run Behavior\BuildLiteBehavior [ RunTime:0.000000s ]
INFO: [ app_init ] --END-- [ RunTime:0.000000s ]
ERR: 无法加载模块:Public

[ 2016-09-10T11:12:32+08:00 ] 127.0.0.1 /admin/Public/Admin/js/plugins/dataTables/jquery.dataTables.js
INFO: [ app_init ] --START--
INFO: Run Behavior\BuildLiteBehavior [ RunTime:0.000000s ]
INFO: [ app_init ] --END-- [ RunTime:0.007000s ]
ERR: 无法加载模块:Public

[ 2016-09-10T11:12:32+08:00 ] 127.0.0.1 /admin/Public/Admin/js/plugins/dataTables/dataTables.responsive.js
INFO: [ app_init ] --START--
INFO: Run Behavior\BuildLiteBehavior [ RunTime:0.000000s ]
INFO: [ app_init ] --END-- [ RunTime:0.001000s ]
ERR: 无法加载模块:Public

[ 2016-09-10T11:12:32+08:00 ] 127.0.0.1 /admin/Public/Admin/js/plugins/dataTables/dataTables.bootstrap.js
INFO: [ app_init ] --START--
INFO: Run Behavior\BuildLiteBehavior [ RunTime:0.000000s ]
INFO: [ app_init ] --END-- [ RunTime:0.001000s ]
ERR: 无法加载模块:Public

[ 2016-09-10T11:12:32+08:00 ] 127.0.0.1 /admin/Public/Admin/js/plugins/dataTables/dataTables.responsive.js
INFO: [ app_init ] --START--
INFO: Run Behavior\BuildLiteBehavior [ RunTime:0.000000s ]
INFO: [ app_init ] --END-- [ RunTime:0.001000s ]
ERR: 无法加载模块:Public

[ 2016-09-10T11:12:32+08:00 ] 127.0.0.1 /admin/Public/Admin/js/plugins/dataTables/dataTables.tableTools.min.js
INFO: [ app_init ] --START--
INFO: Run Behavior\BuildLiteBehavior [ RunTime:0.000000s ]
INFO: [ app_init ] --END-- [ RunTime:0.001001s ]
ERR: 无法加载模块:Public

[ 2016-09-10T11:12:53+08:00 ] 127.0.0.1 /admin/Public/Admin/js/plugins/dataTables/jquery.dataTables.js
INFO: [ app_init ] --START--
INFO: Run Behavior\BuildLiteBehavior [ RunTime:0.000000s ]
INFO: [ app_init ] --END-- [ RunTime:0.000000s ]
ERR: 无法加载模块:Public

[ 2016-09-10T11:12:53+08:00 ] 127.0.0.1 /admin/Public/Admin/js/plugins/dataTables/dataTables.tableTools.min.js
INFO: [ app_init ] --START--
INFO: Run Behavior\BuildLiteBehavior [ RunTime:0.000000s ]
INFO: [ app_init ] --END-- [ RunTime:0.001000s ]
ERR: 无法加载模块:Public

[ 2016-09-10T11:12:53+08:00 ] 127.0.0.1 /admin/Public/Admin/js/plugins/dataTables/dataTables.bootstrap.js
INFO: [ app_init ] --START--
INFO: Run Behavior\BuildLiteBehavior [ RunTime:0.000000s ]
INFO: [ app_init ] --END-- [ RunTime:0.001000s ]
ERR: 无法加载模块:Public

[ 2016-09-10T11:12:53+08:00 ] 127.0.0.1 /admin/Public/Admin/js/plugins/dataTables/dataTables.responsive.js
INFO: [ app_init ] --START--
INFO: Run Behavior\BuildLiteBehavior [ RunTime:0.000000s ]
INFO: [ app_init ] --END-- [ RunTime:0.001000s ]
ERR: 无法加载模块:Public

[ 2016-09-10T11:12:53+08:00 ] 127.0.0.1 /admin/Public/Admin/js/plugins/dataTables/dataTables.tableTools.min.js
INFO: [ app_init ] --START--
INFO: Run Behavior\BuildLiteBehavior [ RunTime:0.000000s ]
INFO: [ app_init ] --END-- [ RunTime:0.000000s ]
ERR: 无法加载模块:Public

[ 2016-09-10T11:13:13+08:00 ] 127.0.0.1 /admin/Public/Admin/js/plugins/dataTables/jquery.dataTables.js
INFO: [ app_init ] --START--
INFO: Run Behavior\BuildLiteBehavior [ RunTime:0.000000s ]
INFO: [ app_init ] --END-- [ RunTime:0.001000s ]
ERR: 无法加载模块:Public

[ 2016-09-10T11:13:13+08:00 ] 127.0.0.1 /admin/Public/Admin/js/plugins/dataTables/dataTables.bootstrap.js
INFO: [ app_init ] --START--
INFO: Run Behavior\BuildLiteBehavior [ RunTime:0.000000s ]
INFO: [ app_init ] --END-- [ RunTime:0.001000s ]
ERR: 无法加载模块:Public

[ 2016-09-10T11:13:13+08:00 ] 127.0.0.1 /admin/Public/Admin/js/plugins/dataTables/dataTables.tableTools.min.js
INFO: [ app_init ] --START--
INFO: Run Behavior\BuildLiteBehavior [ RunTime:0.000000s ]
INFO: [ app_init ] --END-- [ RunTime:0.001000s ]
ERR: 无法加载模块:Public

[ 2016-09-10T11:13:13+08:00 ] 127.0.0.1 /admin/Public/Admin/js/plugins/dataTables/dataTables.responsive.js
INFO: [ app_init ] --START--
INFO: Run Behavior\BuildLiteBehavior [ RunTime:0.000000s ]
INFO: [ app_init ] --END-- [ RunTime:0.001000s ]
ERR: 无法加载模块:Public

[ 2016-09-10T11:13:13+08:00 ] 127.0.0.1 /admin/Public/Admin/js/plugins/dataTables/dataTables.tableTools.min.js
INFO: [ app_init ] --START--
INFO: Run Behavior\BuildLiteBehavior [ RunTime:0.000000s ]
INFO: [ app_init ] --END-- [ RunTime:0.000000s ]
ERR: 无法加载模块:Public

[ 2016-09-10T11:13:47+08:00 ] 127.0.0.1 /admin/Public/Admin/js/plugins/dataTables/dataTables.bootstrap.js
INFO: [ app_init ] --START--
INFO: Run Behavior\BuildLiteBehavior [ RunTime:0.000000s ]
INFO: [ app_init ] --END-- [ RunTime:0.001000s ]
ERR: 无法加载模块:Public

[ 2016-09-10T11:13:47+08:00 ] 127.0.0.1 /admin/Public/Admin/js/plugins/dataTables/dataTables.responsive.js
INFO: [ app_init ] --START--
INFO: Run Behavior\BuildLiteBehavior [ RunTime:0.000000s ]
INFO: [ app_init ] --END-- [ RunTime:0.001000s ]
ERR: 无法加载模块:Public

[ 2016-09-10T11:13:47+08:00 ] 127.0.0.1 /admin/Public/Admin/js/plugins/dataTables/jquery.dataTables.js
INFO: [ app_init ] --START--
INFO: Run Behavior\BuildLiteBehavior [ RunTime:0.000000s ]
INFO: [ app_init ] --END-- [ RunTime:0.001000s ]
ERR: 无法加载模块:Public

[ 2016-09-10T11:13:47+08:00 ] 127.0.0.1 /admin/Public/Admin/js/plugins/dataTables/dataTables.tableTools.min.js
INFO: [ app_init ] --START--
INFO: Run Behavior\BuildLiteBehavior [ RunTime:0.000000s ]
INFO: [ app_init ] --END-- [ RunTime:0.003001s ]
ERR: 无法加载模块:Public

[ 2016-09-10T11:13:47+08:00 ] 127.0.0.1 /admin/Public/Admin/js/plugins/dataTables/dataTables.bootstrap.js
INFO: [ app_init ] --START--
INFO: Run Behavior\BuildLiteBehavior [ RunTime:0.000000s ]
INFO: [ app_init ] --END-- [ RunTime:0.001000s ]
ERR: 无法加载模块:Public

[ 2016-09-10T11:13:47+08:00 ] 127.0.0.1 /admin/Public/Admin/js/plugins/dataTables/dataTables.responsive.js
INFO: [ app_init ] --START--
INFO: Run Behavior\BuildLiteBehavior [ RunTime:0.000000s ]
INFO: [ app_init ] --END-- [ RunTime:0.000000s ]
ERR: 无法加载模块:Public

[ 2016-09-10T11:13:47+08:00 ] 127.0.0.1 /admin/Public/Admin/js/plugins/dataTables/dataTables.tableTools.min.js
INFO: [ app_init ] --START--
INFO: Run Behavior\BuildLiteBehavior [ RunTime:0.001000s ]
INFO: [ app_init ] --END-- [ RunTime:0.001000s ]
ERR: 无法加载模块:Public

[ 2016-09-10T11:14:12+08:00 ] 127.0.0.1 /admin/Public/Admin/js/plugins/dataTables/dataTables.responsive.js
INFO: [ app_init ] --START--
INFO: Run Behavior\BuildLiteBehavior [ RunTime:0.000000s ]
INFO: [ app_init ] --END-- [ RunTime:0.001000s ]
ERR: 无法加载模块:Public

[ 2016-09-10T11:14:12+08:00 ] 127.0.0.1 /admin/Public/Admin/js/plugins/dataTables/jquery.dataTables.js
INFO: [ app_init ] --START--
INFO: Run Behavior\BuildLiteBehavior [ RunTime:0.001000s ]
INFO: [ app_init ] --END-- [ RunTime:0.001000s ]
ERR: 无法加载模块:Public

[ 2016-09-10T11:14:12+08:00 ] 127.0.0.1 /admin/Public/Admin/js/plugins/dataTables/dataTables.bootstrap.js
INFO: [ app_init ] --START--
INFO: Run Behavior\BuildLiteBehavior [ RunTime:0.000000s ]
INFO: [ app_init ] --END-- [ RunTime:0.001000s ]
ERR: 无法加载模块:Public

[ 2016-09-10T11:14:12+08:00 ] 127.0.0.1 /admin/Public/Admin/js/plugins/dataTables/dataTables.tableTools.min.js
INFO: [ app_init ] --START--
INFO: Run Behavior\BuildLiteBehavior [ RunTime:0.001001s ]
INFO: [ app_init ] --END-- [ RunTime:0.001001s ]
ERR: 无法加载模块:Public

[ 2016-09-10T11:14:12+08:00 ] 127.0.0.1 /admin/Public/Admin/js/plugins/dataTables/dataTables.responsive.js
INFO: [ app_init ] --START--
INFO: Run Behavior\BuildLiteBehavior [ RunTime:0.000000s ]
INFO: [ app_init ] --END-- [ RunTime:0.000000s ]
ERR: 无法加载模块:Public

[ 2016-09-10T11:14:12+08:00 ] 127.0.0.1 /admin/Public/Admin/js/plugins/dataTables/dataTables.tableTools.min.js
INFO: [ app_init ] --START--
INFO: Run Behavior\BuildLiteBehavior [ RunTime:0.000000s ]
INFO: [ app_init ] --END-- [ RunTime:0.001000s ]
ERR: 无法加载模块:Public

[ 2016-09-10T11:16:09+08:00 ] 127.0.0.1 /admin/Public/Admin/js/plugins/dataTables/dataTables.tableTools.min.js
INFO: [ app_init ] --START--
INFO: Run Behavior\BuildLiteBehavior [ RunTime:0.001000s ]
INFO: [ app_init ] --END-- [ RunTime:0.001000s ]
ERR: 无法加载模块:Public

[ 2016-09-10T11:16:09+08:00 ] 127.0.0.1 /admin/Public/Admin/js/plugins/dataTables/dataTables.bootstrap.js
INFO: [ app_init ] --START--
INFO: Run Behavior\BuildLiteBehavior [ RunTime:0.000000s ]
INFO: [ app_init ] --END-- [ RunTime:0.002000s ]
ERR: 无法加载模块:Public

[ 2016-09-10T11:16:09+08:00 ] 127.0.0.1 /admin/Public/Admin/js/plugins/dataTables/dataTables.responsive.js
INFO: [ app_init ] --START--
INFO: Run Behavior\BuildLiteBehavior [ RunTime:0.000000s ]
INFO: [ app_init ] --END-- [ RunTime:0.002000s ]
ERR: 无法加载模块:Public

[ 2016-09-10T11:16:09+08:00 ] 127.0.0.1 /admin/Public/Admin/js/plugins/dataTables/jquery.dataTables.js
INFO: [ app_init ] --START--
INFO: Run Behavior\BuildLiteBehavior [ RunTime:0.000000s ]
INFO: [ app_init ] --END-- [ RunTime:0.001000s ]
ERR: 无法加载模块:Public

[ 2016-09-10T11:16:09+08:00 ] 127.0.0.1 /admin/Public/Admin/js/plugins/dataTables/dataTables.bootstrap.js
INFO: [ app_init ] --START--
INFO: Run Behavior\BuildLiteBehavior [ RunTime:0.000000s ]
INFO: [ app_init ] --END-- [ RunTime:0.001000s ]
ERR: 无法加载模块:Public

[ 2016-09-10T11:16:09+08:00 ] 127.0.0.1 /admin/Public/Admin/js/plugins/dataTables/dataTables.responsive.js
INFO: [ app_init ] --START--
INFO: Run Behavior\BuildLiteBehavior [ RunTime:0.000000s ]
INFO: [ app_init ] --END-- [ RunTime:0.000000s ]
ERR: 无法加载模块:Public

[ 2016-09-10T11:16:09+08:00 ] 127.0.0.1 /admin/Public/Admin/js/plugins/dataTables/dataTables.tableTools.min.js
INFO: [ app_init ] --START--
INFO: Run Behavior\BuildLiteBehavior [ RunTime:0.000000s ]
INFO: [ app_init ] --END-- [ RunTime:0.001000s ]
ERR: 无法加载模块:Public

[ 2016-09-10T11:16:10+08:00 ] 127.0.0.1 /admin/Public/Admin/js/plugins/dataTables/dataTables.bootstrap.js
INFO: [ app_init ] --START--
INFO: Run Behavior\BuildLiteBehavior [ RunTime:0.000000s ]
INFO: [ app_init ] --END-- [ RunTime:0.001000s ]
ERR: 无法加载模块:Public

[ 2016-09-10T11:16:10+08:00 ] 127.0.0.1 /admin/Public/Admin/js/plugins/dataTables/dataTables.responsive.js
INFO: [ app_init ] --START--
INFO: Run Behavior\BuildLiteBehavior [ RunTime:0.001000s ]
INFO: [ app_init ] --END-- [ RunTime:0.001000s ]
ERR: 无法加载模块:Public

[ 2016-09-10T11:16:10+08:00 ] 127.0.0.1 /admin/Public/Admin/js/plugins/dataTables/dataTables.tableTools.min.js
INFO: [ app_init ] --START--
INFO: Run Behavior\BuildLiteBehavior [ RunTime:0.000000s ]
INFO: [ app_init ] --END-- [ RunTime:0.000000s ]
ERR: 无法加载模块:Public

[ 2016-09-10T11:16:10+08:00 ] 127.0.0.1 /admin/Public/Admin/js/plugins/dataTables/jquery.dataTables.js
INFO: [ app_init ] --START--
INFO: Run Behavior\BuildLiteBehavior [ RunTime:0.000000s ]
INFO: [ app_init ] --END-- [ RunTime:0.001001s ]
ERR: 无法加载模块:Public

[ 2016-09-10T11:16:10+08:00 ] 127.0.0.1 /admin/Public/Admin/js/plugins/dataTables/dataTables.bootstrap.js
INFO: [ app_init ] --START--
INFO: Run Behavior\BuildLiteBehavior [ RunTime:0.000000s ]
INFO: [ app_init ] --END-- [ RunTime:0.000000s ]
ERR: 无法加载模块:Public

[ 2016-09-10T11:16:10+08:00 ] 127.0.0.1 /admin/Public/Admin/js/plugins/dataTables/dataTables.responsive.js
INFO: [ app_init ] --START--
INFO: Run Behavior\BuildLiteBehavior [ RunTime:0.000000s ]
INFO: [ app_init ] --END-- [ RunTime:0.001000s ]
ERR: 无法加载模块:Public

[ 2016-09-10T11:16:10+08:00 ] 127.0.0.1 /admin/Public/Admin/js/plugins/dataTables/dataTables.tableTools.min.js
INFO: [ app_init ] --START--
INFO: Run Behavior\BuildLiteBehavior [ RunTime:0.000000s ]
INFO: [ app_init ] --END-- [ RunTime:0.001000s ]
ERR: 无法加载模块:Public

[ 2016-09-10T11:17:17+08:00 ] 127.0.0.1 /admin/Public/Admin/js/plugins/dataTables/jquery.dataTables.js
INFO: [ app_init ] --START--
INFO: Run Behavior\BuildLiteBehavior [ RunTime:0.000000s ]
INFO: [ app_init ] --END-- [ RunTime:0.001000s ]
ERR: 无法加载模块:Public

[ 2016-09-10T11:17:17+08:00 ] 127.0.0.1 /admin/Public/Admin/js/plugins/dataTables/dataTables.responsive.js
INFO: [ app_init ] --START--
INFO: Run Behavior\BuildLiteBehavior [ RunTime:0.000000s ]
INFO: [ app_init ] --END-- [ RunTime:0.001000s ]
ERR: 无法加载模块:Public

[ 2016-09-10T11:17:17+08:00 ] 127.0.0.1 /admin/Public/Admin/js/plugins/dataTables/dataTables.tableTools.min.js
INFO: [ app_init ] --START--
INFO: Run Behavior\BuildLiteBehavior [ RunTime:0.000000s ]
INFO: [ app_init ] --END-- [ RunTime:0.001000s ]
ERR: 无法加载模块:Public

[ 2016-09-10T11:17:17+08:00 ] 127.0.0.1 /admin/Public/Admin/js/plugins/dataTables/dataTables.bootstrap.js
INFO: [ app_init ] --START--
INFO: Run Behavior\BuildLiteBehavior [ RunTime:0.000000s ]
INFO: [ app_init ] --END-- [ RunTime:0.001000s ]
ERR: 无法加载模块:Public

[ 2016-09-10T11:17:17+08:00 ] 127.0.0.1 /admin/Public/Admin/js/plugins/dataTables/dataTables.responsive.js
INFO: [ app_init ] --START--
INFO: Run Behavior\BuildLiteBehavior [ RunTime:0.000000s ]
INFO: [ app_init ] --END-- [ RunTime:0.001000s ]
ERR: 无法加载模块:Public

[ 2016-09-10T11:17:17+08:00 ] 127.0.0.1 /admin/Public/Admin/js/plugins/dataTables/dataTables.tableTools.min.js
INFO: [ app_init ] --START--
INFO: Run Behavior\BuildLiteBehavior [ RunTime:0.000000s ]
INFO: [ app_init ] --END-- [ RunTime:0.001000s ]
ERR: 无法加载模块:Public

[ 2016-09-10T11:17:27+08:00 ] 127.0.0.1 /admin/Public/Admin/js/plugins/dataTables/dataTables.bootstrap.js
INFO: [ app_init ] --START--
INFO: Run Behavior\BuildLiteBehavior [ RunTime:0.000000s ]
INFO: [ app_init ] --END-- [ RunTime:0.001001s ]
ERR: 无法加载模块:Public

[ 2016-09-10T11:17:27+08:00 ] 127.0.0.1 /admin/Public/Admin/js/plugins/dataTables/jquery.dataTables.js
INFO: [ app_init ] --START--
INFO: Run Behavior\BuildLiteBehavior [ RunTime:0.000000s ]
INFO: [ app_init ] --END-- [ RunTime:0.003000s ]
ERR: 无法加载模块:Public

[ 2016-09-10T11:17:27+08:00 ] 127.0.0.1 /admin/Public/Admin/js/plugins/dataTables/dataTables.tableTools.min.js
INFO: [ app_init ] --START--
INFO: Run Behavior\BuildLiteBehavior [ RunTime:0.000000s ]
INFO: [ app_init ] --END-- [ RunTime:0.001000s ]
ERR: 无法加载模块:Public

[ 2016-09-10T11:17:27+08:00 ] 127.0.0.1 /admin/Public/Admin/js/plugins/dataTables/dataTables.responsive.js
INFO: [ app_init ] --START--
INFO: Run Behavior\BuildLiteBehavior [ RunTime:0.000000s ]
INFO: [ app_init ] --END-- [ RunTime:0.001000s ]
ERR: 无法加载模块:Public

[ 2016-09-10T11:17:27+08:00 ] 127.0.0.1 /admin/Public/Admin/js/plugins/dataTables/dataTables.bootstrap.js
INFO: [ app_init ] --START--
INFO: Run Behavior\BuildLiteBehavior [ RunTime:0.000000s ]
INFO: [ app_init ] --END-- [ RunTime:0.001000s ]
ERR: 无法加载模块:Public

[ 2016-09-10T11:17:27+08:00 ] 127.0.0.1 /admin/Public/Admin/js/plugins/dataTables/dataTables.responsive.js
INFO: [ app_init ] --START--
INFO: Run Behavior\BuildLiteBehavior [ RunTime:0.000000s ]
INFO: [ app_init ] --END-- [ RunTime:0.001000s ]
ERR: 无法加载模块:Public

[ 2016-09-10T11:17:28+08:00 ] 127.0.0.1 /admin/Public/Admin/js/plugins/dataTables/dataTables.tableTools.min.js
INFO: [ app_init ] --START--
INFO: Run Behavior\BuildLiteBehavior [ RunTime:0.000000s ]
INFO: [ app_init ] --END-- [ RunTime:0.001000s ]
ERR: 无法加载模块:Public

[ 2016-09-10T11:24:28+08:00 ] 127.0.0.1 /admin/Public/Admin/js/plugins/dataTables/jquery.dataTables.js
INFO: [ app_init ] --START--
INFO: Run Behavior\BuildLiteBehavior [ RunTime:0.000000s ]
INFO: [ app_init ] --END-- [ RunTime:0.001000s ]
ERR: 无法加载模块:Public

[ 2016-09-10T11:24:28+08:00 ] 127.0.0.1 /admin/Public/Admin/js/plugins/dataTables/dataTables.tableTools.min.js
INFO: [ app_init ] --START--
INFO: Run Behavior\BuildLiteBehavior [ RunTime:0.000000s ]
INFO: [ app_init ] --END-- [ RunTime:0.002001s ]
ERR: 无法加载模块:Public

[ 2016-09-10T11:24:28+08:00 ] 127.0.0.1 /admin/Public/Admin/js/plugins/dataTables/dataTables.bootstrap.js
INFO: [ app_init ] --START--
INFO: Run Behavior\BuildLiteBehavior [ RunTime:0.000000s ]
INFO: [ app_init ] --END-- [ RunTime:0.001000s ]
ERR: 无法加载模块:Public

[ 2016-09-10T11:24:28+08:00 ] 127.0.0.1 /admin/Public/Admin/js/plugins/dataTables/dataTables.responsive.js
INFO: [ app_init ] --START--
INFO: Run Behavior\BuildLiteBehavior [ RunTime:0.000000s ]
INFO: [ app_init ] --END-- [ RunTime:0.000000s ]
ERR: 无法加载模块:Public

[ 2016-09-10T11:24:28+08:00 ] 127.0.0.1 /admin/Public/Admin/js/plugins/dataTables/dataTables.tableTools.min.js
INFO: [ app_init ] --START--
INFO: Run Behavior\BuildLiteBehavior [ RunTime:0.000000s ]
INFO: [ app_init ] --END-- [ RunTime:0.000000s ]
ERR: 无法加载模块:Public

[ 2016-09-10T11:32:13+08:00 ] 127.0.0.1 /admin/Public/Admin/js/plugins/dataTables/dataTables.responsive.js
INFO: [ app_init ] --START--
INFO: Run Behavior\BuildLiteBehavior [ RunTime:0.000000s ]
INFO: [ app_init ] --END-- [ RunTime:0.001000s ]
ERR: 无法加载模块:Public

[ 2016-09-10T11:32:13+08:00 ] 127.0.0.1 /admin/Public/Admin/js/plugins/dataTables/jquery.dataTables.js
INFO: [ app_init ] --START--
INFO: Run Behavior\BuildLiteBehavior [ RunTime:0.000000s ]
INFO: [ app_init ] --END-- [ RunTime:0.000000s ]
ERR: 无法加载模块:Public

[ 2016-09-10T11:32:13+08:00 ] 127.0.0.1 /admin/Public/Admin/js/plugins/dataTables/dataTables.tableTools.min.js
INFO: [ app_init ] --START--
INFO: Run Behavior\BuildLiteBehavior [ RunTime:0.000000s ]
INFO: [ app_init ] --END-- [ RunTime:0.001000s ]
ERR: 无法加载模块:Public

[ 2016-09-10T11:32:13+08:00 ] 127.0.0.1 /admin/Public/Admin/js/plugins/dataTables/dataTables.bootstrap.js
INFO: [ app_init ] --START--
INFO: Run Behavior\BuildLiteBehavior [ RunTime:0.000000s ]
INFO: [ app_init ] --END-- [ RunTime:0.002001s ]
ERR: 无法加载模块:Public

[ 2016-09-10T11:32:13+08:00 ] 127.0.0.1 /admin/Public/Admin/js/plugins/dataTables/dataTables.responsive.js
INFO: [ app_init ] --START--
INFO: Run Behavior\BuildLiteBehavior [ RunTime:0.000000s ]
INFO: [ app_init ] --END-- [ RunTime:0.000000s ]
ERR: 无法加载模块:Public

[ 2016-09-10T11:32:13+08:00 ] 127.0.0.1 /admin/Public/Admin/js/plugins/dataTables/dataTables.tableTools.min.js
INFO: [ app_init ] --START--
INFO: Run Behavior\BuildLiteBehavior [ RunTime:0.000000s ]
INFO: [ app_init ] --END-- [ RunTime:0.000000s ]
ERR: 无法加载模块:Public

[ 2016-09-10T11:32:32+08:00 ] 127.0.0.1 /admin/Public/Admin/js/plugins/dataTables/dataTables.responsive.js
INFO: [ app_init ] --START--
INFO: Run Behavior\BuildLiteBehavior [ RunTime:0.000000s ]
INFO: [ app_init ] --END-- [ RunTime:0.001000s ]
ERR: 无法加载模块:Public

[ 2016-09-10T11:32:32+08:00 ] 127.0.0.1 /admin/Public/Admin/js/plugins/dataTables/jquery.dataTables.js
INFO: [ app_init ] --START--
INFO: Run Behavior\BuildLiteBehavior [ RunTime:0.000000s ]
INFO: [ app_init ] --END-- [ RunTime:0.001000s ]
ERR: 无法加载模块:Public

[ 2016-09-10T11:32:32+08:00 ] 127.0.0.1 /admin/Public/Admin/js/plugins/dataTables/dataTables.bootstrap.js
INFO: [ app_init ] --START--
INFO: Run Behavior\BuildLiteBehavior [ RunTime:0.000000s ]
INFO: [ app_init ] --END-- [ RunTime:0.001000s ]
ERR: 无法加载模块:Public

[ 2016-09-10T11:32:32+08:00 ] 127.0.0.1 /admin/Public/Admin/js/plugins/dataTables/dataTables.tableTools.min.js
INFO: [ app_init ] --START--
INFO: Run Behavior\BuildLiteBehavior [ RunTime:0.000000s ]
INFO: [ app_init ] --END-- [ RunTime:0.001000s ]
ERR: 无法加载模块:Public

[ 2016-09-10T11:32:32+08:00 ] 127.0.0.1 /admin/Public/Admin/js/plugins/dataTables/dataTables.responsive.js
INFO: [ app_init ] --START--
INFO: Run Behavior\BuildLiteBehavior [ RunTime:0.000000s ]
INFO: [ app_init ] --END-- [ RunTime:0.001000s ]
ERR: 无法加载模块:Public

[ 2016-09-10T11:32:32+08:00 ] 127.0.0.1 /admin/Public/Admin/js/plugins/dataTables/dataTables.tableTools.min.js
INFO: [ app_init ] --START--
INFO: Run Behavior\BuildLiteBehavior [ RunTime:0.000000s ]
INFO: [ app_init ] --END-- [ RunTime:0.001000s ]
ERR: 无法加载模块:Public

[ 2016-09-10T11:33:22+08:00 ] 127.0.0.1 /admin/Public/Admin/js/plugins/dataTables/dataTables.bootstrap.js
INFO: [ app_init ] --START--
INFO: Run Behavior\BuildLiteBehavior [ RunTime:0.000000s ]
INFO: [ app_init ] --END-- [ RunTime:0.000000s ]
ERR: 无法加载模块:Public

[ 2016-09-10T11:33:22+08:00 ] 127.0.0.1 /admin/Public/Admin/js/plugins/dataTables/dataTables.responsive.js
INFO: [ app_init ] --START--
INFO: Run Behavior\BuildLiteBehavior [ RunTime:0.000000s ]
INFO: [ app_init ] --END-- [ RunTime:0.001000s ]
ERR: 无法加载模块:Public

[ 2016-09-10T11:33:22+08:00 ] 127.0.0.1 /admin/Public/Admin/js/plugins/dataTables/jquery.dataTables.js
INFO: [ app_init ] --START--
INFO: Run Behavior\BuildLiteBehavior [ RunTime:0.000000s ]
INFO: [ app_init ] --END-- [ RunTime:0.001000s ]
ERR: 无法加载模块:Public

[ 2016-09-10T11:33:22+08:00 ] 127.0.0.1 /admin/Public/Admin/js/plugins/dataTables/dataTables.tableTools.min.js
INFO: [ app_init ] --START--
INFO: Run Behavior\BuildLiteBehavior [ RunTime:0.000000s ]
INFO: [ app_init ] --END-- [ RunTime:0.000000s ]
ERR: 无法加载模块:Public

[ 2016-09-10T11:33:22+08:00 ] 127.0.0.1 /admin/Public/Admin/js/plugins/dataTables/dataTables.bootstrap.js
INFO: [ app_init ] --START--
INFO: Run Behavior\BuildLiteBehavior [ RunTime:0.000000s ]
INFO: [ app_init ] --END-- [ RunTime:0.000000s ]
ERR: 无法加载模块:Public

[ 2016-09-10T11:33:22+08:00 ] 127.0.0.1 /admin/Public/Admin/js/plugins/dataTables/dataTables.responsive.js
INFO: [ app_init ] --START--
INFO: Run Behavior\BuildLiteBehavior [ RunTime:0.000000s ]
INFO: [ app_init ] --END-- [ RunTime:0.001000s ]
ERR: 无法加载模块:Public

[ 2016-09-10T11:33:22+08:00 ] 127.0.0.1 /admin/Public/Admin/js/plugins/dataTables/dataTables.tableTools.min.js
INFO: [ app_init ] --START--
INFO: Run Behavior\BuildLiteBehavior [ RunTime:0.000000s ]
INFO: [ app_init ] --END-- [ RunTime:0.001000s ]
ERR: 无法加载模块:Public

[ 2016-09-10T11:33:48+08:00 ] 127.0.0.1 /admin/Public/Admin/js/plugins/dataTables/dataTables.bootstrap.js
INFO: [ app_init ] --START--
INFO: Run Behavior\BuildLiteBehavior [ RunTime:0.000000s ]
INFO: [ app_init ] --END-- [ RunTime:0.001000s ]
ERR: 无法加载模块:Public

[ 2016-09-10T11:33:48+08:00 ] 127.0.0.1 /admin/Public/Admin/js/plugins/dataTables/dataTables.tableTools.min.js
INFO: [ app_init ] --START--
INFO: Run Behavior\BuildLiteBehavior [ RunTime:0.000000s ]
INFO: [ app_init ] --END-- [ RunTime:0.001000s ]
ERR: 无法加载模块:Public

[ 2016-09-10T11:33:48+08:00 ] 127.0.0.1 /admin/Public/Admin/js/plugins/dataTables/dataTables.responsive.js
INFO: [ app_init ] --START--
INFO: Run Behavior\BuildLiteBehavior [ RunTime:0.000000s ]
INFO: [ app_init ] --END-- [ RunTime:0.004001s ]
ERR: 无法加载模块:Public

[ 2016-09-10T11:33:48+08:00 ] 127.0.0.1 /admin/Public/Admin/js/plugins/dataTables/jquery.dataTables.js
INFO: [ app_init ] --START--
INFO: Run Behavior\BuildLiteBehavior [ RunTime:0.000000s ]
INFO: [ app_init ] --END-- [ RunTime:0.001000s ]
ERR: 无法加载模块:Public

[ 2016-09-10T11:33:48+08:00 ] 127.0.0.1 /admin/Public/Admin/js/plugins/dataTables/dataTables.responsive.js
INFO: [ app_init ] --START--
INFO: Run Behavior\BuildLiteBehavior [ RunTime:0.000000s ]
INFO: [ app_init ] --END-- [ RunTime:0.001000s ]
ERR: 无法加载模块:Public

[ 2016-09-10T11:33:48+08:00 ] 127.0.0.1 /admin/Public/Admin/js/plugins/dataTables/jquery.dataTables.js
INFO: [ app_init ] --START--
INFO: Run Behavior\BuildLiteBehavior [ RunTime:0.000000s ]
INFO: [ app_init ] --END-- [ RunTime:0.001000s ]
ERR: 无法加载模块:Public

[ 2016-09-10T11:33:48+08:00 ] 127.0.0.1 /admin/Public/Admin/js/plugins/dataTables/dataTables.tableTools.min.js
INFO: [ app_init ] --START--
INFO: Run Behavior\BuildLiteBehavior [ RunTime:0.000000s ]
INFO: [ app_init ] --END-- [ RunTime:0.005000s ]
ERR: 无法加载模块:Public

[ 2016-09-10T11:33:48+08:00 ] 127.0.0.1 /admin/Public/Admin/js/plugins/dataTables/dataTables.bootstrap.js
INFO: [ app_init ] --START--
INFO: Run Behavior\BuildLiteBehavior [ RunTime:0.000000s ]
INFO: [ app_init ] --END-- [ RunTime:0.001000s ]
ERR: 无法加载模块:Public

[ 2016-09-10T11:33:48+08:00 ] 127.0.0.1 /admin/Public/Admin/js/plugins/dataTables/jquery.dataTables.js
INFO: [ app_init ] --START--
INFO: Run Behavior\BuildLiteBehavior [ RunTime:0.000000s ]
INFO: [ app_init ] --END-- [ RunTime:0.000000s ]
ERR: 无法加载模块:Public

[ 2016-09-10T11:33:48+08:00 ] 127.0.0.1 /admin/Public/Admin/js/plugins/dataTables/dataTables.bootstrap.js
INFO: [ app_init ] --START--
INFO: Run Behavior\BuildLiteBehavior [ RunTime:0.000000s ]
INFO: [ app_init ] --END-- [ RunTime:0.000000s ]
ERR: 无法加载模块:Public

[ 2016-09-10T11:33:48+08:00 ] 127.0.0.1 /admin/Public/Admin/js/plugins/dataTables/dataTables.responsive.js
INFO: [ app_init ] --START--
INFO: Run Behavior\BuildLiteBehavior [ RunTime:0.000000s ]
INFO: [ app_init ] --END-- [ RunTime:0.001000s ]
ERR: 无法加载模块:Public

[ 2016-09-10T11:33:48+08:00 ] 127.0.0.1 /admin/Public/Admin/js/plugins/dataTables/dataTables.tableTools.min.js
INFO: [ app_init ] --START--
INFO: Run Behavior\BuildLiteBehavior [ RunTime:0.000000s ]
INFO: [ app_init ] --END-- [ RunTime:0.001000s ]
ERR: 无法加载模块:Public

[ 2016-09-10T11:34:13+08:00 ] 127.0.0.1 /admin/Public/Admin/js/plugins/dataTables/dataTables.bootstrap.js
INFO: [ app_init ] --START--
INFO: Run Behavior\BuildLiteBehavior [ RunTime:0.000000s ]
INFO: [ app_init ] --END-- [ RunTime:0.001000s ]
ERR: 无法加载模块:Public

[ 2016-09-10T11:34:13+08:00 ] 127.0.0.1 /admin/Public/Admin/js/plugins/dataTables/dataTables.responsive.js
INFO: [ app_init ] --START--
INFO: Run Behavior\BuildLiteBehavior [ RunTime:0.000000s ]
INFO: [ app_init ] --END-- [ RunTime:0.001000s ]
ERR: 无法加载模块:Public

[ 2016-09-10T11:34:13+08:00 ] 127.0.0.1 /admin/Public/Admin/js/plugins/dataTables/dataTables.tableTools.min.js
INFO: [ app_init ] --START--
INFO: Run Behavior\BuildLiteBehavior [ RunTime:0.000000s ]
INFO: [ app_init ] --END-- [ RunTime:0.001000s ]
ERR: 无法加载模块:Public

[ 2016-09-10T11:34:13+08:00 ] 127.0.0.1 /admin/Public/Admin/js/plugins/dataTables/jquery.dataTables.js
INFO: [ app_init ] --START--
INFO: Run Behavior\BuildLiteBehavior [ RunTime:0.000000s ]
INFO: [ app_init ] --END-- [ RunTime:0.000000s ]
ERR: 无法加载模块:Public

[ 2016-09-10T11:34:13+08:00 ] 127.0.0.1 /admin/Public/Admin/js/plugins/dataTables/dataTables.bootstrap.js
INFO: [ app_init ] --START--
INFO: Run Behavior\BuildLiteBehavior [ RunTime:0.000000s ]
INFO: [ app_init ] --END-- [ RunTime:0.000000s ]
ERR: 无法加载模块:Public

[ 2016-09-10T11:34:13+08:00 ] 127.0.0.1 /admin/Public/Admin/js/plugins/dataTables/dataTables.responsive.js
INFO: [ app_init ] --START--
INFO: Run Behavior\BuildLiteBehavior [ RunTime:0.000000s ]
INFO: [ app_init ] --END-- [ RunTime:0.002000s ]
ERR: 无法加载模块:Public

[ 2016-09-10T11:34:13+08:00 ] 127.0.0.1 /admin/Public/Admin/js/plugins/dataTables/dataTables.tableTools.min.js
INFO: [ app_init ] --START--
INFO: Run Behavior\BuildLiteBehavior [ RunTime:0.000000s ]
INFO: [ app_init ] --END-- [ RunTime:0.000000s ]
ERR: 无法加载模块:Public

[ 2016-09-10T11:34:57+08:00 ] 127.0.0.1 /admin/Public/Admin/js/plugins/dataTables/dataTables.bootstrap.js
INFO: [ app_init ] --START--
INFO: Run Behavior\BuildLiteBehavior [ RunTime:0.000000s ]
INFO: [ app_init ] --END-- [ RunTime:0.000000s ]
ERR: 无法加载模块:Public

[ 2016-09-10T11:34:57+08:00 ] 127.0.0.1 /admin/Public/Admin/js/plugins/dataTables/jquery.dataTables.js
INFO: [ app_init ] --START--
INFO: Run Behavior\BuildLiteBehavior [ RunTime:0.000000s ]
INFO: [ app_init ] --END-- [ RunTime:0.001000s ]
ERR: 无法加载模块:Public

[ 2016-09-10T11:34:57+08:00 ] 127.0.0.1 /admin/Public/Admin/js/plugins/dataTables/dataTables.tableTools.min.js
INFO: [ app_init ] --START--
INFO: Run Behavior\BuildLiteBehavior [ RunTime:0.000000s ]
INFO: [ app_init ] --END-- [ RunTime:0.001000s ]
ERR: 无法加载模块:Public

[ 2016-09-10T11:34:57+08:00 ] 127.0.0.1 /admin/Public/Admin/js/plugins/dataTables/dataTables.responsive.js
INFO: [ app_init ] --START--
INFO: Run Behavior\BuildLiteBehavior [ RunTime:0.000000s ]
INFO: [ app_init ] --END-- [ RunTime:0.001000s ]
ERR: 无法加载模块:Public

[ 2016-09-10T11:34:57+08:00 ] 127.0.0.1 /admin/Public/Admin/js/plugins/dataTables/dataTables.bootstrap.js
INFO: [ app_init ] --START--
INFO: Run Behavior\BuildLiteBehavior [ RunTime:0.000000s ]
INFO: [ app_init ] --END-- [ RunTime:0.001000s ]
ERR: 无法加载模块:Public

[ 2016-09-10T11:34:57+08:00 ] 127.0.0.1 /admin/Public/Admin/js/plugins/dataTables/dataTables.responsive.js
INFO: [ app_init ] --START--
INFO: Run Behavior\BuildLiteBehavior [ RunTime:0.000000s ]
INFO: [ app_init ] --END-- [ RunTime:0.001000s ]
ERR: 无法加载模块:Public

[ 2016-09-10T11:34:57+08:00 ] 127.0.0.1 /admin/Public/Admin/js/plugins/dataTables/dataTables.tableTools.min.js
INFO: [ app_init ] --START--
INFO: Run Behavior\BuildLiteBehavior [ RunTime:0.000000s ]
INFO: [ app_init ] --END-- [ RunTime:0.001000s ]
ERR: 无法加载模块:Public

[ 2016-09-10T12:12:55+08:00 ] 127.0.0.1 /admin/Public/Admin/js/plugins/dataTables/jquery.dataTables.js
INFO: [ app_init ] --START--
INFO: Run Behavior\BuildLiteBehavior [ RunTime:0.000000s ]
INFO: [ app_init ] --END-- [ RunTime:0.000000s ]
ERR: 无法加载模块:Public

[ 2016-09-10T12:12:55+08:00 ] 127.0.0.1 /admin/Public/Admin/js/plugins/dataTables/dataTables.tableTools.min.js
INFO: [ app_init ] --START--
INFO: Run Behavior\BuildLiteBehavior [ RunTime:0.000000s ]
INFO: [ app_init ] --END-- [ RunTime:0.001001s ]
ERR: 无法加载模块:Public

[ 2016-09-10T12:12:55+08:00 ] 127.0.0.1 /admin/Public/Admin/js/plugins/dataTables/dataTables.responsive.js
INFO: [ app_init ] --START--
INFO: Run Behavior\BuildLiteBehavior [ RunTime:0.000000s ]
INFO: [ app_init ] --END-- [ RunTime:0.000000s ]
ERR: 无法加载模块:Public

[ 2016-09-10T12:12:55+08:00 ] 127.0.0.1 /admin/Public/Admin/js/plugins/dataTables/dataTables.bootstrap.js
INFO: [ app_init ] --START--
INFO: Run Behavior\BuildLiteBehavior [ RunTime:0.000000s ]
INFO: [ app_init ] --END-- [ RunTime:0.001000s ]
ERR: 无法加载模块:Public

[ 2016-09-10T12:12:55+08:00 ] 127.0.0.1 /admin/Public/Admin/js/plugins/dataTables/jquery.dataTables.js
INFO: [ app_init ] --START--
INFO: Run Behavior\BuildLiteBehavior [ RunTime:0.000000s ]
INFO: [ app_init ] --END-- [ RunTime:0.001000s ]
ERR: 无法加载模块:Public

[ 2016-09-10T12:12:55+08:00 ] 127.0.0.1 /admin/Public/Admin/js/plugins/dataTables/dataTables.bootstrap.js
INFO: [ app_init ] --START--
INFO: Run Behavior\BuildLiteBehavior [ RunTime:0.000000s ]
INFO: [ app_init ] --END-- [ RunTime:0.000000s ]
ERR: 无法加载模块:Public

[ 2016-09-10T12:12:55+08:00 ] 127.0.0.1 /admin/Public/Admin/js/plugins/dataTables/dataTables.responsive.js
INFO: [ app_init ] --START--
INFO: Run Behavior\BuildLiteBehavior [ RunTime:0.000000s ]
INFO: [ app_init ] --END-- [ RunTime:0.000000s ]
ERR: 无法加载模块:Public

[ 2016-09-10T12:12:55+08:00 ] 127.0.0.1 /admin/Public/Admin/js/plugins/dataTables/dataTables.tableTools.min.js
INFO: [ app_init ] --START--
INFO: Run Behavior\BuildLiteBehavior [ RunTime:0.000000s ]
INFO: [ app_init ] --END-- [ RunTime:0.001000s ]
ERR: 无法加载模块:Public

[ 2016-09-10T12:12:56+08:00 ] 127.0.0.1 /admin/Public/Admin/js/plugins/dataTables/dataTables.bootstrap.js
INFO: [ app_init ] --START--
INFO: Run Behavior\BuildLiteBehavior [ RunTime:0.000000s ]
INFO: [ app_init ] --END-- [ RunTime:0.001000s ]
ERR: 无法加载模块:Public

[ 2016-09-10T12:12:56+08:00 ] 127.0.0.1 /admin/Public/Admin/js/plugins/dataTables/dataTables.tableTools.min.js
INFO: [ app_init ] --START--
INFO: Run Behavior\BuildLiteBehavior [ RunTime:0.000000s ]
INFO: [ app_init ] --END-- [ RunTime:0.001000s ]
ERR: 无法加载模块:Public

[ 2016-09-10T12:12:56+08:00 ] 127.0.0.1 /admin/Public/Admin/js/plugins/dataTables/jquery.dataTables.js
INFO: [ app_init ] --START--
INFO: Run Behavior\BuildLiteBehavior [ RunTime:0.000000s ]
INFO: [ app_init ] --END-- [ RunTime:0.001000s ]
ERR: 无法加载模块:Public

[ 2016-09-10T12:12:56+08:00 ] 127.0.0.1 /admin/Public/Admin/js/plugins/dataTables/dataTables.responsive.js
INFO: [ app_init ] --START--
INFO: Run Behavior\BuildLiteBehavior [ RunTime:0.000000s ]
INFO: [ app_init ] --END-- [ RunTime:0.000000s ]
ERR: 无法加载模块:Public

[ 2016-09-10T12:12:57+08:00 ] 127.0.0.1 /admin/Public/Admin/js/plugins/dataTables/jquery.dataTables.js
INFO: [ app_init ] --START--
INFO: Run Behavior\BuildLiteBehavior [ RunTime:0.000000s ]
INFO: [ app_init ] --END-- [ RunTime:0.001000s ]
ERR: 无法加载模块:Public

[ 2016-09-10T12:12:57+08:00 ] 127.0.0.1 /admin/Public/Admin/js/plugins/dataTables/dataTables.bootstrap.js
INFO: [ app_init ] --START--
INFO: Run Behavior\BuildLiteBehavior [ RunTime:0.000000s ]
INFO: [ app_init ] --END-- [ RunTime:0.000000s ]
ERR: 无法加载模块:Public

[ 2016-09-10T12:12:57+08:00 ] 127.0.0.1 /admin/Public/Admin/js/plugins/dataTables/dataTables.responsive.js
INFO: [ app_init ] --START--
INFO: Run Behavior\BuildLiteBehavior [ RunTime:0.000000s ]
INFO: [ app_init ] --END-- [ RunTime:0.000000s ]
ERR: 无法加载模块:Public

[ 2016-09-10T12:12:57+08:00 ] 127.0.0.1 /admin/Public/Admin/js/plugins/dataTables/dataTables.tableTools.min.js
INFO: [ app_init ] --START--
INFO: Run Behavior\BuildLiteBehavior [ RunTime:0.000000s ]
INFO: [ app_init ] --END-- [ RunTime:0.000000s ]
ERR: 无法加载模块:Public

[ 2016-09-10T12:13:18+08:00 ] 127.0.0.1 /admin/Public/Admin/js/plugins/dataTables/dataTables.responsive.js
INFO: [ app_init ] --START--
INFO: Run Behavior\BuildLiteBehavior [ RunTime:0.000000s ]
INFO: [ app_init ] --END-- [ RunTime:0.001000s ]
ERR: 无法加载模块:Public

[ 2016-09-10T12:13:18+08:00 ] 127.0.0.1 /admin/Public/Admin/js/plugins/dataTables/dataTables.bootstrap.js
INFO: [ app_init ] --START--
INFO: Run Behavior\BuildLiteBehavior [ RunTime:0.000000s ]
INFO: [ app_init ] --END-- [ RunTime:0.000000s ]
ERR: 无法加载模块:Public

[ 2016-09-10T12:13:18+08:00 ] 127.0.0.1 /admin/Public/Admin/js/plugins/dataTables/jquery.dataTables.js
INFO: [ app_init ] --START--
INFO: Run Behavior\BuildLiteBehavior [ RunTime:0.007000s ]
INFO: [ app_init ] --END-- [ RunTime:0.021001s ]
ERR: 无法加载模块:Public

[ 2016-09-10T12:13:18+08:00 ] 127.0.0.1 /admin/Public/Admin/js/plugins/dataTables/dataTables.tableTools.min.js
INFO: [ app_init ] --START--
INFO: Run Behavior\BuildLiteBehavior [ RunTime:0.000000s ]
INFO: [ app_init ] --END-- [ RunTime:0.001000s ]
ERR: 无法加载模块:Public

[ 2016-09-10T12:13:18+08:00 ] 127.0.0.1 /admin/Public/Admin/js/plugins/dataTables/dataTables.bootstrap.js
INFO: [ app_init ] --START--
INFO: Run Behavior\BuildLiteBehavior [ RunTime:0.000000s ]
INFO: [ app_init ] --END-- [ RunTime:0.000000s ]
ERR: 无法加载模块:Public

[ 2016-09-10T12:13:18+08:00 ] 127.0.0.1 /admin/Public/Admin/js/plugins/dataTables/dataTables.responsive.js
INFO: [ app_init ] --START--
INFO: Run Behavior\BuildLiteBehavior [ RunTime:0.000000s ]
INFO: [ app_init ] --END-- [ RunTime:0.001000s ]
ERR: 无法加载模块:Public

[ 2016-09-10T12:13:18+08:00 ] 127.0.0.1 /admin/Public/Admin/js/plugins/dataTables/dataTables.tableTools.min.js
INFO: [ app_init ] --START--
INFO: Run Behavior\BuildLiteBehavior [ RunTime:0.000000s ]
INFO: [ app_init ] --END-- [ RunTime:0.001000s ]
ERR: 无法加载模块:Public

[ 2016-09-10T12:13:38+08:00 ] 127.0.0.1 /admin/Public/Admin/js/plugins/dataTables/dataTables.bootstrap.js
INFO: [ app_init ] --START--
INFO: Run Behavior\BuildLiteBehavior [ RunTime:0.000000s ]
INFO: [ app_init ] --END-- [ RunTime:0.001000s ]
ERR: 无法加载模块:Public

[ 2016-09-10T12:13:38+08:00 ] 127.0.0.1 /admin/Public/Admin/js/plugins/dataTables/dataTables.responsive.js
INFO: [ app_init ] --START--
INFO: Run Behavior\BuildLiteBehavior [ RunTime:0.000000s ]
INFO: [ app_init ] --END-- [ RunTime:0.003000s ]
ERR: 无法加载模块:Public

[ 2016-09-10T12:13:38+08:00 ] 127.0.0.1 /admin/Public/Admin/js/plugins/dataTables/jquery.dataTables.js
INFO: [ app_init ] --START--
INFO: Run Behavior\BuildLiteBehavior [ RunTime:0.000000s ]
INFO: [ app_init ] --END-- [ RunTime:0.001000s ]
ERR: 无法加载模块:Public

[ 2016-09-10T12:13:38+08:00 ] 127.0.0.1 /admin/Public/Admin/js/plugins/dataTables/dataTables.tableTools.min.js
INFO: [ app_init ] --START--
INFO: Run Behavior\BuildLiteBehavior [ RunTime:0.000000s ]
INFO: [ app_init ] --END-- [ RunTime:0.001000s ]
ERR: 无法加载模块:Public

[ 2016-09-10T12:13:38+08:00 ] 127.0.0.1 /admin/Public/Admin/js/plugins/dataTables/dataTables.bootstrap.js
INFO: [ app_init ] --START--
INFO: Run Behavior\BuildLiteBehavior [ RunTime:0.000000s ]
INFO: [ app_init ] --END-- [ RunTime:0.001000s ]
ERR: 无法加载模块:Public

[ 2016-09-10T12:13:38+08:00 ] 127.0.0.1 /admin/Public/Admin/js/plugins/dataTables/dataTables.responsive.js
INFO: [ app_init ] --START--
INFO: Run Behavior\BuildLiteBehavior [ RunTime:0.000000s ]
INFO: [ app_init ] --END-- [ RunTime:0.000000s ]
ERR: 无法加载模块:Public

[ 2016-09-10T12:13:38+08:00 ] 127.0.0.1 /admin/Public/Admin/js/plugins/dataTables/dataTables.tableTools.min.js
INFO: [ app_init ] --START--
INFO: Run Behavior\BuildLiteBehavior [ RunTime:0.000000s ]
INFO: [ app_init ] --END-- [ RunTime:0.001000s ]
ERR: 无法加载模块:Public

[ 2016-09-10T12:13:39+08:00 ] 127.0.0.1 /admin/Public/Admin/js/plugins/dataTables/jquery.dataTables.js
INFO: [ app_init ] --START--
INFO: Run Behavior\BuildLiteBehavior [ RunTime:0.000000s ]
INFO: [ app_init ] --END-- [ RunTime:0.001000s ]
ERR: 无法加载模块:Public

[ 2016-09-10T12:13:39+08:00 ] 127.0.0.1 /admin/Public/Admin/js/plugins/dataTables/dataTables.responsive.js
INFO: [ app_init ] --START--
INFO: Run Behavior\BuildLiteBehavior [ RunTime:0.000000s ]
INFO: [ app_init ] --END-- [ RunTime:0.001000s ]
ERR: 无法加载模块:Public

[ 2016-09-10T12:13:39+08:00 ] 127.0.0.1 /admin/Public/Admin/js/plugins/dataTables/dataTables.tableTools.min.js
INFO: [ app_init ] --START--
INFO: Run Behavior\BuildLiteBehavior [ RunTime:0.000000s ]
INFO: [ app_init ] --END-- [ RunTime:0.001000s ]
ERR: 无法加载模块:Public

[ 2016-09-10T12:13:39+08:00 ] 127.0.0.1 /admin/Public/Admin/js/plugins/dataTables/dataTables.bootstrap.js
INFO: [ app_init ] --START--
INFO: Run Behavior\BuildLiteBehavior [ RunTime:0.000000s ]
INFO: [ app_init ] --END-- [ RunTime:0.001000s ]
ERR: 无法加载模块:Public

[ 2016-09-10T12:13:39+08:00 ] 127.0.0.1 /admin/Public/Admin/js/plugins/dataTables/jquery.dataTables.js
INFO: [ app_init ] --START--
INFO: Run Behavior\BuildLiteBehavior [ RunTime:0.000000s ]
INFO: [ app_init ] --END-- [ RunTime:0.001000s ]
ERR: 无法加载模块:Public

[ 2016-09-10T12:13:39+08:00 ] 127.0.0.1 /admin/Public/Admin/js/plugins/dataTables/dataTables.bootstrap.js
INFO: [ app_init ] --START--
INFO: Run Behavior\BuildLiteBehavior [ RunTime:0.000000s ]
INFO: [ app_init ] --END-- [ RunTime:0.001000s ]
ERR: 无法加载模块:Public

[ 2016-09-10T12:13:39+08:00 ] 127.0.0.1 /admin/Public/Admin/js/plugins/dataTables/dataTables.responsive.js
INFO: [ app_init ] --START--
INFO: Run Behavior\BuildLiteBehavior [ RunTime:0.000000s ]
INFO: [ app_init ] --END-- [ RunTime:0.000000s ]
ERR: 无法加载模块:Public

[ 2016-09-10T12:13:39+08:00 ] 127.0.0.1 /admin/Public/Admin/js/plugins/dataTables/dataTables.tableTools.min.js
INFO: [ app_init ] --START--
INFO: Run Behavior\BuildLiteBehavior [ RunTime:0.000000s ]
INFO: [ app_init ] --END-- [ RunTime:0.001000s ]
ERR: 无法加载模块:Public

[ 2016-09-10T12:14:21+08:00 ] 127.0.0.1 /admin/Public/Admin/js/plugins/dataTables/dataTables.responsive.js
INFO: [ app_init ] --START--
INFO: Run Behavior\BuildLiteBehavior [ RunTime:0.000000s ]
INFO: [ app_init ] --END-- [ RunTime:0.003000s ]
ERR: 无法加载模块:Public

[ 2016-09-10T12:14:21+08:00 ] 127.0.0.1 /admin/Public/Admin/js/plugins/dataTables/dataTables.tableTools.min.js
INFO: [ app_init ] --START--
INFO: Run Behavior\BuildLiteBehavior [ RunTime:0.000000s ]
INFO: [ app_init ] --END-- [ RunTime:0.001000s ]
ERR: 无法加载模块:Public

[ 2016-09-10T12:14:21+08:00 ] 127.0.0.1 /admin/Public/Admin/js/plugins/dataTables/dataTables.bootstrap.js
INFO: [ app_init ] --START--
INFO: Run Behavior\BuildLiteBehavior [ RunTime:0.000000s ]
INFO: [ app_init ] --END-- [ RunTime:0.000000s ]
ERR: 无法加载模块:Public

[ 2016-09-10T12:14:21+08:00 ] 127.0.0.1 /admin/Public/Admin/js/plugins/dataTables/jquery.dataTables.js
INFO: [ app_init ] --START--
INFO: Run Behavior\BuildLiteBehavior [ RunTime:0.000000s ]
INFO: [ app_init ] --END-- [ RunTime:0.001000s ]
ERR: 无法加载模块:Public

[ 2016-09-10T12:14:21+08:00 ] 127.0.0.1 /admin/Public/Admin/js/plugins/dataTables/dataTables.bootstrap.js
INFO: [ app_init ] --START--
INFO: Run Behavior\BuildLiteBehavior [ RunTime:0.000000s ]
INFO: [ app_init ] --END-- [ RunTime:0.000000s ]
ERR: 无法加载模块:Public

[ 2016-09-10T12:14:21+08:00 ] 127.0.0.1 /admin/Public/Admin/js/plugins/dataTables/dataTables.responsive.js
INFO: [ app_init ] --START--
INFO: Run Behavior\BuildLiteBehavior [ RunTime:0.000000s ]
INFO: [ app_init ] --END-- [ RunTime:0.001000s ]
ERR: 无法加载模块:Public

[ 2016-09-10T12:14:21+08:00 ] 127.0.0.1 /admin/Public/Admin/js/plugins/dataTables/dataTables.tableTools.min.js
INFO: [ app_init ] --START--
INFO: Run Behavior\BuildLiteBehavior [ RunTime:0.000000s ]
INFO: [ app_init ] --END-- [ RunTime:0.000000s ]
ERR: 无法加载模块:Public

[ 2016-09-10T12:14:37+08:00 ] 127.0.0.1 /admin/Public/Admin/js/plugins/dataTables/jquery.dataTables.js
INFO: [ app_init ] --START--
INFO: Run Behavior\BuildLiteBehavior [ RunTime:0.001000s ]
INFO: [ app_init ] --END-- [ RunTime:0.001000s ]
ERR: 无法加载模块:Public

[ 2016-09-10T12:14:37+08:00 ] 127.0.0.1 /admin/Public/Admin/js/plugins/dataTables/dataTables.bootstrap.js
INFO: [ app_init ] --START--
INFO: Run Behavior\BuildLiteBehavior [ RunTime:0.000000s ]
INFO: [ app_init ] --END-- [ RunTime:0.001000s ]
ERR: 无法加载模块:Public

[ 2016-09-10T12:14:37+08:00 ] 127.0.0.1 /admin/Public/Admin/js/plugins/dataTables/dataTables.responsive.js
INFO: [ app_init ] --START--
INFO: Run Behavior\BuildLiteBehavior [ RunTime:0.000000s ]
INFO: [ app_init ] --END-- [ RunTime:0.001000s ]
ERR: 无法加载模块:Public

[ 2016-09-10T12:14:37+08:00 ] 127.0.0.1 /admin/Public/Admin/js/plugins/dataTables/dataTables.tableTools.min.js
INFO: [ app_init ] --START--
INFO: Run Behavior\BuildLiteBehavior [ RunTime:0.000000s ]
INFO: [ app_init ] --END-- [ RunTime:0.002000s ]
ERR: 无法加载模块:Public

[ 2016-09-10T12:14:37+08:00 ] 127.0.0.1 /admin/Public/Admin/js/plugins/dataTables/jquery.dataTables.js
INFO: [ app_init ] --START--
INFO: Run Behavior\BuildLiteBehavior [ RunTime:0.000000s ]
INFO: [ app_init ] --END-- [ RunTime:0.001000s ]
ERR: 无法加载模块:Public

[ 2016-09-10T12:14:37+08:00 ] 127.0.0.1 /admin/Public/Admin/js/plugins/dataTables/dataTables.bootstrap.js
INFO: [ app_init ] --START--
INFO: Run Behavior\BuildLiteBehavior [ RunTime:0.000000s ]
INFO: [ app_init ] --END-- [ RunTime:0.001000s ]
ERR: 无法加载模块:Public

[ 2016-09-10T12:14:37+08:00 ] 127.0.0.1 /admin/Public/Admin/js/plugins/dataTables/dataTables.responsive.js
INFO: [ app_init ] --START--
INFO: Run Behavior\BuildLiteBehavior [ RunTime:0.000000s ]
INFO: [ app_init ] --END-- [ RunTime:0.001000s ]
ERR: 无法加载模块:Public

[ 2016-09-10T12:14:37+08:00 ] 127.0.0.1 /admin/Public/Admin/js/plugins/dataTables/dataTables.tableTools.min.js
INFO: [ app_init ] --START--
INFO: Run Behavior\BuildLiteBehavior [ RunTime:0.000000s ]
INFO: [ app_init ] --END-- [ RunTime:0.001000s ]
ERR: 无法加载模块:Public

[ 2016-09-10T12:14:52+08:00 ] 127.0.0.1 /admin/Public/Admin/js/plugins/dataTables/dataTables.tableTools.min.js
INFO: [ app_init ] --START--
INFO: Run Behavior\BuildLiteBehavior [ RunTime:0.000000s ]
INFO: [ app_init ] --END-- [ RunTime:0.000000s ]
ERR: 无法加载模块:Public

[ 2016-09-10T12:14:52+08:00 ] 127.0.0.1 /admin/Public/Admin/js/plugins/dataTables/jquery.dataTables.js
INFO: [ app_init ] --START--
INFO: Run Behavior\BuildLiteBehavior [ RunTime:0.000000s ]
INFO: [ app_init ] --END-- [ RunTime:0.000000s ]
ERR: 无法加载模块:Public

[ 2016-09-10T12:14:52+08:00 ] 127.0.0.1 /admin/Public/Admin/js/plugins/dataTables/dataTables.bootstrap.js
INFO: [ app_init ] --START--
INFO: Run Behavior\BuildLiteBehavior [ RunTime:0.000000s ]
INFO: [ app_init ] --END-- [ RunTime:0.001000s ]
ERR: 无法加载模块:Public

[ 2016-09-10T12:14:52+08:00 ] 127.0.0.1 /admin/Public/Admin/js/plugins/dataTables/dataTables.responsive.js
INFO: [ app_init ] --START--
INFO: Run Behavior\BuildLiteBehavior [ RunTime:0.000000s ]
INFO: [ app_init ] --END-- [ RunTime:0.001000s ]
ERR: 无法加载模块:Public

[ 2016-09-10T12:14:52+08:00 ] 127.0.0.1 /admin/Public/Admin/js/plugins/dataTables/dataTables.tableTools.min.js
INFO: [ app_init ] --START--
INFO: Run Behavior\BuildLiteBehavior [ RunTime:0.000000s ]
INFO: [ app_init ] --END-- [ RunTime:0.001000s ]
ERR: 无法加载模块:Public

[ 2016-09-10T12:18:59+08:00 ] 127.0.0.1 /admin/Public/Admin/js/plugins/dataTables/dataTables.bootstrap.js
INFO: [ app_init ] --START--
INFO: Run Behavior\BuildLiteBehavior [ RunTime:0.000000s ]
INFO: [ app_init ] --END-- [ RunTime:0.002000s ]
ERR: 无法加载模块:Public

[ 2016-09-10T12:18:59+08:00 ] 127.0.0.1 /admin/Public/Admin/js/plugins/dataTables/jquery.dataTables.js
INFO: [ app_init ] --START--
INFO: Run Behavior\BuildLiteBehavior [ RunTime:0.000000s ]
INFO: [ app_init ] --END-- [ RunTime:0.003000s ]
ERR: 无法加载模块:Public

[ 2016-09-10T12:18:59+08:00 ] 127.0.0.1 /admin/Public/Admin/js/plugins/dataTables/dataTables.responsive.js
INFO: [ app_init ] --START--
INFO: Run Behavior\BuildLiteBehavior [ RunTime:0.000000s ]
INFO: [ app_init ] --END-- [ RunTime:0.001000s ]
ERR: 无法加载模块:Public

[ 2016-09-10T12:18:59+08:00 ] 127.0.0.1 /admin/Public/Admin/js/plugins/dataTables/dataTables.tableTools.min.js
INFO: [ app_init ] --START--
INFO: Run Behavior\BuildLiteBehavior [ RunTime:0.000000s ]
INFO: [ app_init ] --END-- [ RunTime:0.000000s ]
ERR: 无法加载模块:Public

[ 2016-09-10T12:18:59+08:00 ] 127.0.0.1 /admin/Public/Admin/js/plugins/dataTables/dataTables.bootstrap.js
INFO: [ app_init ] --START--
INFO: Run Behavior\BuildLiteBehavior [ RunTime:0.000000s ]
INFO: [ app_init ] --END-- [ RunTime:0.001000s ]
ERR: 无法加载模块:Public

[ 2016-09-10T12:18:59+08:00 ] 127.0.0.1 /admin/Public/Admin/js/plugins/dataTables/dataTables.responsive.js
INFO: [ app_init ] --START--
INFO: Run Behavior\BuildLiteBehavior [ RunTime:0.000000s ]
INFO: [ app_init ] --END-- [ RunTime:0.001000s ]
ERR: 无法加载模块:Public

[ 2016-09-10T12:18:59+08:00 ] 127.0.0.1 /admin/Public/Admin/js/plugins/dataTables/dataTables.tableTools.min.js
INFO: [ app_init ] --START--
INFO: Run Behavior\BuildLiteBehavior [ RunTime:0.000000s ]
INFO: [ app_init ] --END-- [ RunTime:0.000000s ]
ERR: 无法加载模块:Public

[ 2016-09-10T12:30:07+08:00 ] 127.0.0.1 /admin/Public/Admin/js/plugins/dataTables/jquery.dataTables.js
INFO: [ app_init ] --START--
INFO: Run Behavior\BuildLiteBehavior [ RunTime:0.000000s ]
INFO: [ app_init ] --END-- [ RunTime:0.001000s ]
ERR: 无法加载模块:Public

[ 2016-09-10T12:30:07+08:00 ] 127.0.0.1 /admin/Public/Admin/js/plugins/dataTables/dataTables.bootstrap.js
INFO: [ app_init ] --START--
INFO: Run Behavior\BuildLiteBehavior [ RunTime:0.000000s ]
INFO: [ app_init ] --END-- [ RunTime:0.001000s ]
ERR: 无法加载模块:Public

[ 2016-09-10T12:30:07+08:00 ] 127.0.0.1 /admin/Public/Admin/js/plugins/dataTables/dataTables.tableTools.min.js
INFO: [ app_init ] --START--
INFO: Run Behavior\BuildLiteBehavior [ RunTime:0.000000s ]
INFO: [ app_init ] --END-- [ RunTime:0.001000s ]
ERR: 无法加载模块:Public

[ 2016-09-10T12:30:07+08:00 ] 127.0.0.1 /admin/Public/Admin/js/plugins/dataTables/dataTables.responsive.js
INFO: [ app_init ] --START--
INFO: Run Behavior\BuildLiteBehavior [ RunTime:0.000000s ]
INFO: [ app_init ] --END-- [ RunTime:0.001000s ]
ERR: 无法加载模块:Public

[ 2016-09-10T12:30:07+08:00 ] 127.0.0.1 /admin/Public/Admin/js/plugins/dataTables/jquery.dataTables.js
INFO: [ app_init ] --START--
INFO: Run Behavior\BuildLiteBehavior [ RunTime:0.000000s ]
INFO: [ app_init ] --END-- [ RunTime:0.001000s ]
ERR: 无法加载模块:Public

[ 2016-09-10T12:30:07+08:00 ] 127.0.0.1 /admin/Public/Admin/js/plugins/dataTables/dataTables.bootstrap.js
INFO: [ app_init ] --START--
INFO: Run Behavior\BuildLiteBehavior [ RunTime:0.000000s ]
INFO: [ app_init ] --END-- [ RunTime:0.000000s ]
ERR: 无法加载模块:Public

[ 2016-09-10T12:30:07+08:00 ] 127.0.0.1 /admin/Public/Admin/js/plugins/dataTables/dataTables.responsive.js
INFO: [ app_init ] --START--
INFO: Run Behavior\BuildLiteBehavior [ RunTime:0.000000s ]
INFO: [ app_init ] --END-- [ RunTime:0.000000s ]
ERR: 无法加载模块:Public

[ 2016-09-10T12:30:07+08:00 ] 127.0.0.1 /admin/Public/Admin/js/plugins/dataTables/dataTables.tableTools.min.js
INFO: [ app_init ] --START--
INFO: Run Behavior\BuildLiteBehavior [ RunTime:0.000000s ]
INFO: [ app_init ] --END-- [ RunTime:0.001000s ]
ERR: 无法加载模块:Public

[ 2016-09-10T12:34:03+08:00 ] 127.0.0.1 /admin/Public/Admin/js/plugins/dataTables/jquery.dataTables.js
INFO: [ app_init ] --START--
INFO: Run Behavior\BuildLiteBehavior [ RunTime:0.000000s ]
INFO: [ app_init ] --END-- [ RunTime:0.001000s ]
ERR: 无法加载模块:Public

[ 2016-09-10T12:34:03+08:00 ] 127.0.0.1 /admin/Public/Admin/js/plugins/dataTables/dataTables.bootstrap.js
INFO: [ app_init ] --START--
INFO: Run Behavior\BuildLiteBehavior [ RunTime:0.001000s ]
INFO: [ app_init ] --END-- [ RunTime:0.003001s ]
ERR: 无法加载模块:Public

[ 2016-09-10T12:34:03+08:00 ] 127.0.0.1 /admin/Public/Admin/js/plugins/dataTables/dataTables.responsive.js
INFO: [ app_init ] --START--
INFO: Run Behavior\BuildLiteBehavior [ RunTime:0.000000s ]
INFO: [ app_init ] --END-- [ RunTime:0.001000s ]
ERR: 无法加载模块:Public

[ 2016-09-10T12:34:03+08:00 ] 127.0.0.1 /admin/Public/Admin/js/plugins/dataTables/dataTables.tableTools.min.js
INFO: [ app_init ] --START--
INFO: Run Behavior\BuildLiteBehavior [ RunTime:0.000000s ]
INFO: [ app_init ] --END-- [ RunTime:0.001000s ]
ERR: 无法加载模块:Public

[ 2016-09-10T12:43:33+08:00 ] 127.0.0.1 /admin/Public/Admin/js/plugins/dataTables/jquery.dataTables.js
INFO: [ app_init ] --START--
INFO: Run Behavior\BuildLiteBehavior [ RunTime:0.000000s ]
INFO: [ app_init ] --END-- [ RunTime:0.001000s ]
ERR: 无法加载模块:Public

[ 2016-09-10T12:43:33+08:00 ] 127.0.0.1 /admin/Public/Admin/js/plugins/dataTables/dataTables.bootstrap.js
INFO: [ app_init ] --START--
INFO: Run Behavior\BuildLiteBehavior [ RunTime:0.000000s ]
INFO: [ app_init ] --END-- [ RunTime:0.001000s ]
ERR: 无法加载模块:Public

[ 2016-09-10T12:43:33+08:00 ] 127.0.0.1 /admin/Public/Admin/js/plugins/dataTables/dataTables.tableTools.min.js
INFO: [ app_init ] --START--
INFO: Run Behavior\BuildLiteBehavior [ RunTime:0.000000s ]
INFO: [ app_init ] --END-- [ RunTime:0.000000s ]
ERR: 无法加载模块:Public

[ 2016-09-10T12:43:33+08:00 ] 127.0.0.1 /admin/Public/Admin/js/plugins/dataTables/dataTables.responsive.js
INFO: [ app_init ] --START--
INFO: Run Behavior\BuildLiteBehavior [ RunTime:0.000000s ]
INFO: [ app_init ] --END-- [ RunTime:0.001000s ]
ERR: 无法加载模块:Public

[ 2016-09-10T12:43:33+08:00 ] 127.0.0.1 /admin/Public/Admin/js/plugins/dataTables/jquery.dataTables.js
INFO: [ app_init ] --START--
INFO: Run Behavior\BuildLiteBehavior [ RunTime:0.000000s ]
INFO: [ app_init ] --END-- [ RunTime:0.000000s ]
ERR: 无法加载模块:Public

[ 2016-09-10T12:43:33+08:00 ] 127.0.0.1 /admin/Public/Admin/js/plugins/dataTables/dataTables.bootstrap.js
INFO: [ app_init ] --START--
INFO: Run Behavior\BuildLiteBehavior [ RunTime:0.000000s ]
INFO: [ app_init ] --END-- [ RunTime:0.001000s ]
ERR: 无法加载模块:Public

[ 2016-09-10T12:43:33+08:00 ] 127.0.0.1 /admin/Public/Admin/js/plugins/dataTables/dataTables.responsive.js
INFO: [ app_init ] --START--
INFO: Run Behavior\BuildLiteBehavior [ RunTime:0.000000s ]
INFO: [ app_init ] --END-- [ RunTime:0.000000s ]
ERR: 无法加载模块:Public

[ 2016-09-10T12:43:34+08:00 ] 127.0.0.1 /admin/Public/Admin/js/plugins/dataTables/dataTables.tableTools.min.js
INFO: [ app_init ] --START--
INFO: Run Behavior\BuildLiteBehavior [ RunTime:0.000000s ]
INFO: [ app_init ] --END-- [ RunTime:0.000000s ]
ERR: 无法加载模块:Public

[ 2016-09-10T13:00:19+08:00 ] 127.0.0.1 /admin/Public/Admin/js/plugins/dataTables/jquery.dataTables.js
INFO: [ app_init ] --START--
INFO: Run Behavior\BuildLiteBehavior [ RunTime:0.000000s ]
INFO: [ app_init ] --END-- [ RunTime:0.001000s ]
ERR: 无法加载模块:Public

[ 2016-09-10T13:00:19+08:00 ] 127.0.0.1 /admin/Public/Admin/js/plugins/dataTables/dataTables.responsive.js
INFO: [ app_init ] --START--
INFO: Run Behavior\BuildLiteBehavior [ RunTime:0.000000s ]
INFO: [ app_init ] --END-- [ RunTime:0.001000s ]
ERR: 无法加载模块:Public

[ 2016-09-10T13:00:19+08:00 ] 127.0.0.1 /admin/Public/Admin/js/plugins/dataTables/dataTables.bootstrap.js
INFO: [ app_init ] --START--
INFO: Run Behavior\BuildLiteBehavior [ RunTime:0.000000s ]
INFO: [ app_init ] --END-- [ RunTime:0.001000s ]
ERR: 无法加载模块:Public

[ 2016-09-10T13:00:19+08:00 ] 127.0.0.1 /admin/Public/Admin/js/plugins/dataTables/dataTables.tableTools.min.js
INFO: [ app_init ] --START--
INFO: Run Behavior\BuildLiteBehavior [ RunTime:0.000000s ]
INFO: [ app_init ] --END-- [ RunTime:0.001000s ]
ERR: 无法加载模块:Public

[ 2016-09-10T13:00:19+08:00 ] 127.0.0.1 /admin/Public/Admin/js/plugins/dataTables/jquery.dataTables.js
INFO: [ app_init ] --START--
INFO: Run Behavior\BuildLiteBehavior [ RunTime:0.000000s ]
INFO: [ app_init ] --END-- [ RunTime:0.001000s ]
ERR: 无法加载模块:Public

[ 2016-09-10T13:00:19+08:00 ] 127.0.0.1 /admin/Public/Admin/js/plugins/dataTables/dataTables.bootstrap.js
INFO: [ app_init ] --START--
INFO: Run Behavior\BuildLiteBehavior [ RunTime:0.000000s ]
INFO: [ app_init ] --END-- [ RunTime:0.000000s ]
ERR: 无法加载模块:Public

[ 2016-09-10T13:00:19+08:00 ] 127.0.0.1 /admin/Public/Admin/js/plugins/dataTables/dataTables.responsive.js
INFO: [ app_init ] --START--
INFO: Run Behavior\BuildLiteBehavior [ RunTime:0.000000s ]
INFO: [ app_init ] --END-- [ RunTime:0.001000s ]
ERR: 无法加载模块:Public

[ 2016-09-10T13:00:19+08:00 ] 127.0.0.1 /admin/Public/Admin/js/plugins/dataTables/dataTables.tableTools.min.js
INFO: [ app_init ] --START--
INFO: Run Behavior\BuildLiteBehavior [ RunTime:0.000000s ]
INFO: [ app_init ] --END-- [ RunTime:0.000000s ]
ERR: 无法加载模块:Public

[ 2016-09-10T13:23:57+08:00 ] 127.0.0.1 /admin/Public/Admin/js/plugins/dataTables/dataTables.bootstrap.js
INFO: [ app_init ] --START--
INFO: Run Behavior\BuildLiteBehavior [ RunTime:0.000000s ]
INFO: [ app_init ] --END-- [ RunTime:0.000000s ]
ERR: 无法加载模块:Public

[ 2016-09-10T13:23:57+08:00 ] 127.0.0.1 /admin/Public/Admin/js/plugins/dataTables/dataTables.tableTools.min.js
INFO: [ app_init ] --START--
INFO: Run Behavior\BuildLiteBehavior [ RunTime:0.000000s ]
INFO: [ app_init ] --END-- [ RunTime:0.001000s ]
ERR: 无法加载模块:Public

[ 2016-09-10T13:23:57+08:00 ] 127.0.0.1 /admin/Public/Admin/js/plugins/dataTables/dataTables.responsive.js
INFO: [ app_init ] --START--
INFO: Run Behavior\BuildLiteBehavior [ RunTime:0.001000s ]
INFO: [ app_init ] --END-- [ RunTime:0.004001s ]
ERR: 无法加载模块:Public

[ 2016-09-10T13:23:57+08:00 ] 127.0.0.1 /admin/Public/Admin/js/plugins/dataTables/jquery.dataTables.js
INFO: [ app_init ] --START--
INFO: Run Behavior\BuildLiteBehavior [ RunTime:0.000000s ]
INFO: [ app_init ] --END-- [ RunTime:0.001000s ]
ERR: 无法加载模块:Public

[ 2016-09-10T13:23:57+08:00 ] 127.0.0.1 /admin/Public/Admin/js/plugins/dataTables/dataTables.bootstrap.js
INFO: [ app_init ] --START--
INFO: Run Behavior\BuildLiteBehavior [ RunTime:0.000000s ]
INFO: [ app_init ] --END-- [ RunTime:0.001000s ]
ERR: 无法加载模块:Public

[ 2016-09-10T13:23:57+08:00 ] 127.0.0.1 /admin/Public/Admin/js/plugins/dataTables/dataTables.responsive.js
INFO: [ app_init ] --START--
INFO: Run Behavior\BuildLiteBehavior [ RunTime:0.000000s ]
INFO: [ app_init ] --END-- [ RunTime:0.001000s ]
ERR: 无法加载模块:Public

[ 2016-09-10T13:23:57+08:00 ] 127.0.0.1 /admin/Public/Admin/js/plugins/dataTables/dataTables.tableTools.min.js
INFO: [ app_init ] --START--
INFO: Run Behavior\BuildLiteBehavior [ RunTime:0.000000s ]
INFO: [ app_init ] --END-- [ RunTime:0.000000s ]
ERR: 无法加载模块:Public

[ 2016-09-10T13:24:11+08:00 ] 127.0.0.1 /admin/Public/Admin/js/plugins/dataTables/dataTables.tableTools.min.js
INFO: [ app_init ] --START--
INFO: Run Behavior\BuildLiteBehavior [ RunTime:0.000000s ]
INFO: [ app_init ] --END-- [ RunTime:0.000000s ]
ERR: 无法加载模块:Public

[ 2016-09-10T13:24:11+08:00 ] 127.0.0.1 /admin/Public/Admin/js/plugins/dataTables/jquery.dataTables.js
INFO: [ app_init ] --START--
INFO: Run Behavior\BuildLiteBehavior [ RunTime:0.000000s ]
INFO: [ app_init ] --END-- [ RunTime:0.001000s ]
ERR: 无法加载模块:Public

[ 2016-09-10T13:24:11+08:00 ] 127.0.0.1 /admin/Public/Admin/js/plugins/dataTables/dataTables.bootstrap.js
INFO: [ app_init ] --START--
INFO: Run Behavior\BuildLiteBehavior [ RunTime:0.000000s ]
INFO: [ app_init ] --END-- [ RunTime:0.000000s ]
ERR: 无法加载模块:Public

[ 2016-09-10T13:24:11+08:00 ] 127.0.0.1 /admin/Public/Admin/js/plugins/dataTables/dataTables.responsive.js
INFO: [ app_init ] --START--
INFO: Run Behavior\BuildLiteBehavior [ RunTime:0.001000s ]
INFO: [ app_init ] --END-- [ RunTime:0.002000s ]
ERR: 无法加载模块:Public

[ 2016-09-10T13:24:11+08:00 ] 127.0.0.1 /admin/Public/Admin/js/plugins/dataTables/dataTables.tableTools.min.js
INFO: [ app_init ] --START--
INFO: Run Behavior\BuildLiteBehavior [ RunTime:0.001000s ]
INFO: [ app_init ] --END-- [ RunTime:0.001000s ]
ERR: 无法加载模块:Public

[ 2016-09-10T13:29:20+08:00 ] 127.0.0.1 /admin/Public/Admin/js/plugins/dataTables/dataTables.bootstrap.js
INFO: [ app_init ] --START--
INFO: Run Behavior\BuildLiteBehavior [ RunTime:0.000000s ]
INFO: [ app_init ] --END-- [ RunTime:0.001000s ]
ERR: 无法加载模块:Public

[ 2016-09-10T13:29:20+08:00 ] 127.0.0.1 /admin/Public/Admin/js/plugins/dataTables/jquery.dataTables.js
INFO: [ app_init ] --START--
INFO: Run Behavior\BuildLiteBehavior [ RunTime:0.000000s ]
INFO: [ app_init ] --END-- [ RunTime:0.001000s ]
ERR: 无法加载模块:Public

[ 2016-09-10T13:29:20+08:00 ] 127.0.0.1 /admin/Public/Admin/js/plugins/dataTables/dataTables.responsive.js
INFO: [ app_init ] --START--
INFO: Run Behavior\BuildLiteBehavior [ RunTime:0.000000s ]
INFO: [ app_init ] --END-- [ RunTime:0.004000s ]
ERR: 无法加载模块:Public

[ 2016-09-10T13:29:20+08:00 ] 127.0.0.1 /admin/Public/Admin/js/plugins/dataTables/dataTables.tableTools.min.js
INFO: [ app_init ] --START--
INFO: Run Behavior\BuildLiteBehavior [ RunTime:0.000000s ]
INFO: [ app_init ] --END-- [ RunTime:0.002000s ]
ERR: 无法加载模块:Public

[ 2016-09-10T13:29:20+08:00 ] 127.0.0.1 /admin/Public/Admin/js/plugins/dataTables/dataTables.bootstrap.js
INFO: [ app_init ] --START--
INFO: Run Behavior\BuildLiteBehavior [ RunTime:0.000000s ]
INFO: [ app_init ] --END-- [ RunTime:0.001000s ]
ERR: 无法加载模块:Public

[ 2016-09-10T13:29:21+08:00 ] 127.0.0.1 /admin/Public/Admin/js/plugins/dataTables/dataTables.responsive.js
INFO: [ app_init ] --START--
INFO: Run Behavior\BuildLiteBehavior [ RunTime:0.000000s ]
INFO: [ app_init ] --END-- [ RunTime:0.001000s ]
ERR: 无法加载模块:Public

[ 2016-09-10T13:29:21+08:00 ] 127.0.0.1 /admin/Public/Admin/js/plugins/dataTables/dataTables.tableTools.min.js
INFO: [ app_init ] --START--
INFO: Run Behavior\BuildLiteBehavior [ RunTime:0.000000s ]
INFO: [ app_init ] --END-- [ RunTime:0.001000s ]
ERR: 无法加载模块:Public

[ 2016-09-10T13:30:23+08:00 ] 127.0.0.1 /admin/Public/Admin/js/plugins/dataTables/jquery.dataTables.js
INFO: [ app_init ] --START--
INFO: Run Behavior\BuildLiteBehavior [ RunTime:0.000000s ]
INFO: [ app_init ] --END-- [ RunTime:0.001000s ]
ERR: 无法加载模块:Public

[ 2016-09-10T13:30:23+08:00 ] 127.0.0.1 /admin/Public/Admin/js/plugins/dataTables/dataTables.tableTools.min.js
INFO: [ app_init ] --START--
INFO: Run Behavior\BuildLiteBehavior [ RunTime:0.000000s ]
INFO: [ app_init ] --END-- [ RunTime:0.001000s ]
ERR: 无法加载模块:Public

[ 2016-09-10T13:30:23+08:00 ] 127.0.0.1 /admin/Public/Admin/js/plugins/dataTables/dataTables.responsive.js
INFO: [ app_init ] --START--
INFO: Run Behavior\BuildLiteBehavior [ RunTime:0.000000s ]
INFO: [ app_init ] --END-- [ RunTime:0.001000s ]
ERR: 无法加载模块:Public

[ 2016-09-10T13:30:23+08:00 ] 127.0.0.1 /admin/Public/Admin/js/plugins/dataTables/dataTables.bootstrap.js
INFO: [ app_init ] --START--
INFO: Run Behavior\BuildLiteBehavior [ RunTime:0.000000s ]
INFO: [ app_init ] --END-- [ RunTime:0.001000s ]
ERR: 无法加载模块:Public

[ 2016-09-10T13:30:23+08:00 ] 127.0.0.1 /admin/Public/Admin/js/plugins/dataTables/dataTables.responsive.js
INFO: [ app_init ] --START--
INFO: Run Behavior\BuildLiteBehavior [ RunTime:0.000000s ]
INFO: [ app_init ] --END-- [ RunTime:0.001000s ]
ERR: 无法加载模块:Public

[ 2016-09-10T13:30:23+08:00 ] 127.0.0.1 /admin/Public/Admin/js/plugins/dataTables/dataTables.tableTools.min.js
INFO: [ app_init ] --START--
INFO: Run Behavior\BuildLiteBehavior [ RunTime:0.001000s ]
INFO: [ app_init ] --END-- [ RunTime:0.001000s ]
ERR: 无法加载模块:Public

[ 2016-09-10T13:30:36+08:00 ] 127.0.0.1 /admin/Public/Admin/js/plugins/dataTables/dataTables.tableTools.min.js
INFO: [ app_init ] --START--
INFO: Run Behavior\BuildLiteBehavior [ RunTime:0.000000s ]
INFO: [ app_init ] --END-- [ RunTime:0.000000s ]
ERR: 无法加载模块:Public

[ 2016-09-10T13:30:36+08:00 ] 127.0.0.1 /admin/Public/Admin/js/plugins/dataTables/jquery.dataTables.js
INFO: [ app_init ] --START--
INFO: Run Behavior\BuildLiteBehavior [ RunTime:0.000000s ]
INFO: [ app_init ] --END-- [ RunTime:0.001000s ]
ERR: 无法加载模块:Public

[ 2016-09-10T13:30:36+08:00 ] 127.0.0.1 /admin/Public/Admin/js/plugins/dataTables/dataTables.bootstrap.js
INFO: [ app_init ] --START--
INFO: Run Behavior\BuildLiteBehavior [ RunTime:0.000000s ]
INFO: [ app_init ] --END-- [ RunTime:0.001000s ]
ERR: 无法加载模块:Public

[ 2016-09-10T13:30:36+08:00 ] 127.0.0.1 /admin/Public/Admin/js/plugins/dataTables/dataTables.responsive.js
INFO: [ app_init ] --START--
INFO: Run Behavior\BuildLiteBehavior [ RunTime:0.000000s ]
INFO: [ app_init ] --END-- [ RunTime:0.000000s ]
ERR: 无法加载模块:Public

[ 2016-09-10T13:30:36+08:00 ] 127.0.0.1 /admin/Public/Admin/js/plugins/dataTables/dataTables.tableTools.min.js
INFO: [ app_init ] --START--
INFO: Run Behavior\BuildLiteBehavior [ RunTime:0.000000s ]
INFO: [ app_init ] --END-- [ RunTime:0.001000s ]
ERR: 无法加载模块:Public

[ 2016-09-10T13:30:46+08:00 ] 127.0.0.1 /admin/Public/Admin/js/plugins/dataTables/jquery.dataTables.js
INFO: [ app_init ] --START--
INFO: Run Behavior\BuildLiteBehavior [ RunTime:0.000000s ]
INFO: [ app_init ] --END-- [ RunTime:0.001000s ]
ERR: 无法加载模块:Public

[ 2016-09-10T13:30:46+08:00 ] 127.0.0.1 /admin/Public/Admin/js/plugins/dataTables/dataTables.tableTools.min.js
INFO: [ app_init ] --START--
INFO: Run Behavior\BuildLiteBehavior [ RunTime:0.000000s ]
INFO: [ app_init ] --END-- [ RunTime:0.001000s ]
ERR: 无法加载模块:Public

[ 2016-09-10T13:30:46+08:00 ] 127.0.0.1 /admin/Public/Admin/js/plugins/dataTables/dataTables.responsive.js
INFO: [ app_init ] --START--
INFO: Run Behavior\BuildLiteBehavior [ RunTime:0.000000s ]
INFO: [ app_init ] --END-- [ RunTime:0.001000s ]
ERR: 无法加载模块:Public

[ 2016-09-10T13:30:46+08:00 ] 127.0.0.1 /admin/Public/Admin/js/plugins/dataTables/dataTables.bootstrap.js
INFO: [ app_init ] --START--
INFO: Run Behavior\BuildLiteBehavior [ RunTime:0.000000s ]
INFO: [ app_init ] --END-- [ RunTime:0.000000s ]
ERR: 无法加载模块:Public

[ 2016-09-10T13:30:46+08:00 ] 127.0.0.1 /admin/Public/Admin/js/plugins/dataTables/dataTables.tableTools.min.js
INFO: [ app_init ] --START--
INFO: Run Behavior\BuildLiteBehavior [ RunTime:0.000000s ]
INFO: [ app_init ] --END-- [ RunTime:0.000000s ]
ERR: 无法加载模块:Public

[ 2016-09-10T13:30:50+08:00 ] 127.0.0.1 /admin/Public/Admin/js/plugins/dataTables/dataTables.responsive.js
INFO: [ app_init ] --START--
INFO: Run Behavior\BuildLiteBehavior [ RunTime:0.000000s ]
INFO: [ app_init ] --END-- [ RunTime:0.000000s ]
ERR: 无法加载模块:Public

[ 2016-09-10T13:30:50+08:00 ] 127.0.0.1 /admin/Public/Admin/js/plugins/dataTables/jquery.dataTables.js
INFO: [ app_init ] --START--
INFO: Run Behavior\BuildLiteBehavior [ RunTime:0.000000s ]
INFO: [ app_init ] --END-- [ RunTime:0.001000s ]
ERR: 无法加载模块:Public

[ 2016-09-10T13:30:50+08:00 ] 127.0.0.1 /admin/Public/Admin/js/plugins/dataTables/dataTables.tableTools.min.js
INFO: [ app_init ] --START--
INFO: Run Behavior\BuildLiteBehavior [ RunTime:0.000000s ]
INFO: [ app_init ] --END-- [ RunTime:0.001000s ]
ERR: 无法加载模块:Public

[ 2016-09-10T13:30:50+08:00 ] 127.0.0.1 /admin/Public/Admin/js/plugins/dataTables/dataTables.bootstrap.js
INFO: [ app_init ] --START--
INFO: Run Behavior\BuildLiteBehavior [ RunTime:0.000000s ]
INFO: [ app_init ] --END-- [ RunTime:0.001000s ]
ERR: 无法加载模块:Public

[ 2016-09-10T13:30:50+08:00 ] 127.0.0.1 /admin/Public/Admin/js/plugins/dataTables/dataTables.responsive.js
INFO: [ app_init ] --START--
INFO: Run Behavior\BuildLiteBehavior [ RunTime:0.000000s ]
INFO: [ app_init ] --END-- [ RunTime:0.000000s ]
ERR: 无法加载模块:Public

[ 2016-09-10T13:30:50+08:00 ] 127.0.0.1 /admin/Public/Admin/js/plugins/dataTables/dataTables.tableTools.min.js
INFO: [ app_init ] --START--
INFO: Run Behavior\BuildLiteBehavior [ RunTime:0.000000s ]
INFO: [ app_init ] --END-- [ RunTime:0.000000s ]
ERR: 无法加载模块:Public

[ 2016-09-10T13:54:02+08:00 ] 127.0.0.1 /admin/Public/Admin/js/plugins/dataTables/jquery.dataTables.js
INFO: [ app_init ] --START--
INFO: Run Behavior\BuildLiteBehavior [ RunTime:0.000000s ]
INFO: [ app_init ] --END-- [ RunTime:0.001000s ]
ERR: 无法加载模块:Public

[ 2016-09-10T13:54:02+08:00 ] 127.0.0.1 /admin/Public/Admin/js/plugins/dataTables/dataTables.responsive.js
INFO: [ app_init ] --START--
INFO: Run Behavior\BuildLiteBehavior [ RunTime:0.000000s ]
INFO: [ app_init ] --END-- [ RunTime:0.001000s ]
ERR: 无法加载模块:Public

[ 2016-09-10T13:54:02+08:00 ] 127.0.0.1 /admin/Public/Admin/js/plugins/dataTables/dataTables.bootstrap.js
INFO: [ app_init ] --START--
INFO: Run Behavior\BuildLiteBehavior [ RunTime:0.000000s ]
INFO: [ app_init ] --END-- [ RunTime:0.002000s ]
ERR: 无法加载模块:Public

[ 2016-09-10T13:54:02+08:00 ] 127.0.0.1 /admin/Public/Admin/js/plugins/dataTables/dataTables.tableTools.min.js
INFO: [ app_init ] --START--
INFO: Run Behavior\BuildLiteBehavior [ RunTime:0.000000s ]
INFO: [ app_init ] --END-- [ RunTime:0.001000s ]
ERR: 无法加载模块:Public

[ 2016-09-10T13:54:03+08:00 ] 127.0.0.1 /admin/Public/Admin/js/plugins/dataTables/dataTables.responsive.js
INFO: [ app_init ] --START--
INFO: Run Behavior\BuildLiteBehavior [ RunTime:0.000000s ]
INFO: [ app_init ] --END-- [ RunTime:0.001000s ]
ERR: 无法加载模块:Public

[ 2016-09-10T13:54:03+08:00 ] 127.0.0.1 /admin/Public/Admin/js/plugins/dataTables/dataTables.tableTools.min.js
INFO: [ app_init ] --START--
INFO: Run Behavior\BuildLiteBehavior [ RunTime:0.000000s ]
INFO: [ app_init ] --END-- [ RunTime:0.000000s ]
ERR: 无法加载模块:Public

[ 2016-09-10T14:03:57+08:00 ] 127.0.0.1 /admin/Public/Admin/js/plugins/dataTables/jquery.dataTables.js
INFO: [ app_init ] --START--
INFO: Run Behavior\BuildLiteBehavior [ RunTime:0.000000s ]
INFO: [ app_init ] --END-- [ RunTime:0.001000s ]
ERR: 无法加载模块:Public

[ 2016-09-10T14:03:57+08:00 ] 127.0.0.1 /admin/Public/Admin/js/plugins/dataTables/dataTables.responsive.js
INFO: [ app_init ] --START--
INFO: Run Behavior\BuildLiteBehavior [ RunTime:0.000000s ]
INFO: [ app_init ] --END-- [ RunTime:0.002000s ]
ERR: 无法加载模块:Public

[ 2016-09-10T14:03:57+08:00 ] 127.0.0.1 /admin/Public/Admin/js/plugins/dataTables/dataTables.bootstrap.js
INFO: [ app_init ] --START--
INFO: Run Behavior\BuildLiteBehavior [ RunTime:0.000000s ]
INFO: [ app_init ] --END-- [ RunTime:0.000000s ]
ERR: 无法加载模块:Public

[ 2016-09-10T14:03:57+08:00 ] 127.0.0.1 /admin/Public/Admin/js/plugins/dataTables/dataTables.tableTools.min.js
INFO: [ app_init ] --START--
INFO: Run Behavior\BuildLiteBehavior [ RunTime:0.000000s ]
INFO: [ app_init ] --END-- [ RunTime:0.000000s ]
ERR: 无法加载模块:Public

[ 2016-09-10T14:03:57+08:00 ] 127.0.0.1 /admin/Public/Admin/js/plugins/dataTables/dataTables.responsive.js
INFO: [ app_init ] --START--
INFO: Run Behavior\BuildLiteBehavior [ RunTime:0.000000s ]
INFO: [ app_init ] --END-- [ RunTime:0.001000s ]
ERR: 无法加载模块:Public

[ 2016-09-10T14:03:57+08:00 ] 127.0.0.1 /admin/Public/Admin/js/plugins/dataTables/dataTables.tableTools.min.js
INFO: [ app_init ] --START--
INFO: Run Behavior\BuildLiteBehavior [ RunTime:0.000000s ]
INFO: [ app_init ] --END-- [ RunTime:0.000000s ]
ERR: 无法加载模块:Public

[ 2016-09-10T14:06:55+08:00 ] 127.0.0.1 /admin/Public/Admin/js/plugins/dataTables/dataTables.responsive.js
INFO: [ app_init ] --START--
INFO: Run Behavior\BuildLiteBehavior [ RunTime:0.000000s ]
INFO: [ app_init ] --END-- [ RunTime:0.000000s ]
ERR: 无法加载模块:Public

[ 2016-09-10T14:06:55+08:00 ] 127.0.0.1 /admin/Public/Admin/js/plugins/dataTables/jquery.dataTables.js
INFO: [ app_init ] --START--
INFO: Run Behavior\BuildLiteBehavior [ RunTime:0.000000s ]
INFO: [ app_init ] --END-- [ RunTime:0.001000s ]
ERR: 无法加载模块:Public

[ 2016-09-10T14:06:55+08:00 ] 127.0.0.1 /admin/Public/Admin/js/plugins/dataTables/dataTables.bootstrap.js
INFO: [ app_init ] --START--
INFO: Run Behavior\BuildLiteBehavior [ RunTime:0.000000s ]
INFO: [ app_init ] --END-- [ RunTime:0.001000s ]
ERR: 无法加载模块:Public

[ 2016-09-10T14:06:55+08:00 ] 127.0.0.1 /admin/Public/Admin/js/plugins/dataTables/dataTables.tableTools.min.js
INFO: [ app_init ] --START--
INFO: Run Behavior\BuildLiteBehavior [ RunTime:0.001000s ]
INFO: [ app_init ] --END-- [ RunTime:0.001000s ]
ERR: 无法加载模块:Public

[ 2016-09-10T14:06:55+08:00 ] 127.0.0.1 /admin/Public/Admin/js/plugins/dataTables/dataTables.responsive.js
INFO: [ app_init ] --START--
INFO: Run Behavior\BuildLiteBehavior [ RunTime:0.000000s ]
INFO: [ app_init ] --END-- [ RunTime:0.000000s ]
ERR: 无法加载模块:Public

[ 2016-09-10T14:06:55+08:00 ] 127.0.0.1 /admin/Public/Admin/js/plugins/dataTables/dataTables.tableTools.min.js
INFO: [ app_init ] --START--
INFO: Run Behavior\BuildLiteBehavior [ RunTime:0.000000s ]
INFO: [ app_init ] --END-- [ RunTime:0.001001s ]
ERR: 无法加载模块:Public

[ 2016-09-10T14:08:37+08:00 ] 127.0.0.1 /admin/Public/Admin/js/plugins/dataTables/jquery.dataTables.js
INFO: [ app_init ] --START--
INFO: Run Behavior\BuildLiteBehavior [ RunTime:0.001001s ]
INFO: [ app_init ] --END-- [ RunTime:0.001001s ]
ERR: 无法加载模块:Public

[ 2016-09-10T14:08:37+08:00 ] 127.0.0.1 /admin/Public/Admin/js/plugins/dataTables/dataTables.tableTools.min.js
INFO: [ app_init ] --START--
INFO: Run Behavior\BuildLiteBehavior [ RunTime:0.000000s ]
INFO: [ app_init ] --END-- [ RunTime:0.002000s ]
ERR: 无法加载模块:Public

[ 2016-09-10T14:08:37+08:00 ] 127.0.0.1 /admin/Public/Admin/js/plugins/dataTables/dataTables.responsive.js
INFO: [ app_init ] --START--
INFO: Run Behavior\BuildLiteBehavior [ RunTime:0.000000s ]
INFO: [ app_init ] --END-- [ RunTime:0.002000s ]
ERR: 无法加载模块:Public

[ 2016-09-10T14:08:37+08:00 ] 127.0.0.1 /admin/Public/Admin/js/plugins/dataTables/dataTables.bootstrap.js
INFO: [ app_init ] --START--
INFO: Run Behavior\BuildLiteBehavior [ RunTime:0.000000s ]
INFO: [ app_init ] --END-- [ RunTime:0.000000s ]
ERR: 无法加载模块:Public

[ 2016-09-10T14:08:37+08:00 ] 127.0.0.1 /admin/Public/Admin/js/plugins/dataTables/dataTables.responsive.js
INFO: [ app_init ] --START--
INFO: Run Behavior\BuildLiteBehavior [ RunTime:0.000000s ]
INFO: [ app_init ] --END-- [ RunTime:0.001000s ]
ERR: 无法加载模块:Public

[ 2016-09-10T14:08:37+08:00 ] 127.0.0.1 /admin/Public/Admin/js/plugins/dataTables/dataTables.tableTools.min.js
INFO: [ app_init ] --START--
INFO: Run Behavior\BuildLiteBehavior [ RunTime:0.000000s ]
INFO: [ app_init ] --END-- [ RunTime:0.000000s ]
ERR: 无法加载模块:Public

[ 2016-09-10T14:13:09+08:00 ] 127.0.0.1 /admin/Public/style/jquery-1.9.0.js
INFO: [ app_init ] --START--
INFO: Run Behavior\BuildLiteBehavior [ RunTime:0.000000s ]
INFO: [ app_init ] --END-- [ RunTime:0.001000s ]
ERR: 无法加载模块:Public

[ 2016-09-10T14:13:09+08:00 ] 127.0.0.1 /admin/Public/style/home.css
INFO: [ app_init ] --START--
INFO: Run Behavior\BuildLiteBehavior [ RunTime:0.000000s ]
INFO: [ app_init ] --END-- [ RunTime:0.000000s ]
ERR: 无法加载模块:Public

[ 2016-09-10T14:13:09+08:00 ] 127.0.0.1 /admin/Public/style/logo.png
INFO: [ app_init ] --START--
INFO: Run Behavior\BuildLiteBehavior [ RunTime:0.000000s ]
INFO: [ app_init ] --END-- [ RunTime:0.001000s ]
ERR: 无法加载模块:Public

[ 2016-09-10T14:29:34+08:00 ] 127.0.0.1 /admin/Public/style/home.css
INFO: [ app_init ] --START--
INFO: Run Behavior\BuildLiteBehavior [ RunTime:0.000000s ]
INFO: [ app_init ] --END-- [ RunTime:0.001000s ]
ERR: 无法加载模块:Public

[ 2016-09-10T14:29:34+08:00 ] 127.0.0.1 /admin/Public/style/jquery-1.9.0.js
INFO: [ app_init ] --START--
INFO: Run Behavior\BuildLiteBehavior [ RunTime:0.000000s ]
INFO: [ app_init ] --END-- [ RunTime:0.001000s ]
ERR: 无法加载模块:Public

[ 2016-09-10T14:29:34+08:00 ] 127.0.0.1 /admin/Public/style/logo.png
INFO: [ app_init ] --START--
INFO: Run Behavior\BuildLiteBehavior [ RunTime:0.000000s ]
INFO: [ app_init ] --END-- [ RunTime:0.001001s ]
ERR: 无法加载模块:Public

[ 2016-09-10T14:29:35+08:00 ] 127.0.0.1 /admin/Public/style/logo.png
INFO: [ app_init ] --START--
INFO: Run Behavior\BuildLiteBehavior [ RunTime:0.000000s ]
INFO: [ app_init ] --END-- [ RunTime:0.000000s ]
ERR: 无法加载模块:Public

[ 2016-09-10T14:29:35+08:00 ] 127.0.0.1 /admin/Public/style/jquery-1.9.0.js
INFO: [ app_init ] --START--
INFO: Run Behavior\BuildLiteBehavior [ RunTime:0.000000s ]
INFO: [ app_init ] --END-- [ RunTime:0.001000s ]
ERR: 无法加载模块:Public

[ 2016-09-10T14:29:35+08:00 ] 127.0.0.1 /admin/Public/style/home.css
INFO: [ app_init ] --START--
INFO: Run Behavior\BuildLiteBehavior [ RunTime:0.000000s ]
INFO: [ app_init ] --END-- [ RunTime:0.000000s ]
ERR: 无法加载模块:Public

[ 2016-09-10T14:29:35+08:00 ] 127.0.0.1 /admin/Public/style/logo.png
INFO: [ app_init ] --START--
INFO: Run Behavior\BuildLiteBehavior [ RunTime:0.000000s ]
INFO: [ app_init ] --END-- [ RunTime:0.001000s ]
ERR: 无法加载模块:Public

[ 2016-09-10T14:29:36+08:00 ] 127.0.0.1 /admin/Public/style/logo.png
INFO: [ app_init ] --START--
INFO: Run Behavior\BuildLiteBehavior [ RunTime:0.000000s ]
INFO: [ app_init ] --END-- [ RunTime:0.001000s ]
ERR: 无法加载模块:Public

[ 2016-09-10T14:29:36+08:00 ] 127.0.0.1 /admin/Public/style/home.css
INFO: [ app_init ] --START--
INFO: Run Behavior\BuildLiteBehavior [ RunTime:0.000000s ]
INFO: [ app_init ] --END-- [ RunTime:0.001000s ]
ERR: 无法加载模块:Public

[ 2016-09-10T14:29:36+08:00 ] 127.0.0.1 /admin/Public/style/jquery-1.9.0.js
INFO: [ app_init ] --START--
INFO: Run Behavior\BuildLiteBehavior [ RunTime:0.000000s ]
INFO: [ app_init ] --END-- [ RunTime:0.001000s ]
ERR: 无法加载模块:Public

[ 2016-09-10T14:29:36+08:00 ] 127.0.0.1 /admin/Public/style/logo.png
INFO: [ app_init ] --START--
INFO: Run Behavior\BuildLiteBehavior [ RunTime:0.000000s ]
INFO: [ app_init ] --END-- [ RunTime:0.001000s ]
ERR: 无法加载模块:Public

[ 2016-09-10T14:29:37+08:00 ] 127.0.0.1 /admin/Public/style/jquery-1.9.0.js
INFO: [ app_init ] --START--
INFO: Run Behavior\BuildLiteBehavior [ RunTime:0.000000s ]
INFO: [ app_init ] --END-- [ RunTime:0.001000s ]
ERR: 无法加载模块:Public

[ 2016-09-10T14:29:37+08:00 ] 127.0.0.1 /admin/Public/style/home.css
INFO: [ app_init ] --START--
INFO: Run Behavior\BuildLiteBehavior [ RunTime:0.000000s ]
INFO: [ app_init ] --END-- [ RunTime:0.001000s ]
ERR: 无法加载模块:Public

[ 2016-09-10T14:29:37+08:00 ] 127.0.0.1 /admin/Public/style/logo.png
INFO: [ app_init ] --START--
INFO: Run Behavior\BuildLiteBehavior [ RunTime:0.000000s ]
INFO: [ app_init ] --END-- [ RunTime:0.002001s ]
ERR: 无法加载模块:Public

[ 2016-09-10T14:29:37+08:00 ] 127.0.0.1 /admin/Public/style/home.css
INFO: [ app_init ] --START--
INFO: Run Behavior\BuildLiteBehavior [ RunTime:0.000000s ]
INFO: [ app_init ] --END-- [ RunTime:0.001000s ]
ERR: 无法加载模块:Public

[ 2016-09-10T14:29:37+08:00 ] 127.0.0.1 /admin/Public/style/logo.png
INFO: [ app_init ] --START--
INFO: Run Behavior\BuildLiteBehavior [ RunTime:0.000000s ]
INFO: [ app_init ] --END-- [ RunTime:0.000000s ]
ERR: 无法加载模块:Public

[ 2016-09-10T14:29:37+08:00 ] 127.0.0.1 /admin/Public/style/jquery-1.9.0.js
INFO: [ app_init ] --START--
INFO: Run Behavior\BuildLiteBehavior [ RunTime:0.000000s ]
INFO: [ app_init ] --END-- [ RunTime:0.001000s ]
ERR: 无法加载模块:Public

[ 2016-09-10T14:29:37+08:00 ] 127.0.0.1 /admin/Public/style/logo.png
INFO: [ app_init ] --START--
INFO: Run Behavior\BuildLiteBehavior [ RunTime:0.000000s ]
INFO: [ app_init ] --END-- [ RunTime:0.000000s ]
ERR: 无法加载模块:Public

[ 2016-09-10T16:40:31+08:00 ] 127.0.0.1 /admin/Public/Admin/js/plugins/dataTables/jquery.dataTables.js
INFO: [ app_init ] --START--
INFO: Run Behavior\BuildLiteBehavior [ RunTime:0.000000s ]
INFO: [ app_init ] --END-- [ RunTime:0.002001s ]
ERR: 无法加载模块:Public

[ 2016-09-10T16:40:31+08:00 ] 127.0.0.1 /admin/Public/Admin/js/plugins/dataTables/dataTables.responsive.js
INFO: [ app_init ] --START--
INFO: Run Behavior\BuildLiteBehavior [ RunTime:0.000000s ]
INFO: [ app_init ] --END-- [ RunTime:0.001000s ]
ERR: 无法加载模块:Public

[ 2016-09-10T16:40:31+08:00 ] 127.0.0.1 /admin/Public/Admin/js/plugins/dataTables/dataTables.bootstrap.js
INFO: [ app_init ] --START--
INFO: Run Behavior\BuildLiteBehavior [ RunTime:0.000000s ]
INFO: [ app_init ] --END-- [ RunTime:0.002000s ]
ERR: 无法加载模块:Public

[ 2016-09-10T16:40:31+08:00 ] 127.0.0.1 /admin/Public/Admin/js/plugins/dataTables/dataTables.tableTools.min.js
INFO: [ app_init ] --START--
INFO: Run Behavior\BuildLiteBehavior [ RunTime:0.000000s ]
INFO: [ app_init ] --END-- [ RunTime:0.000000s ]
ERR: 无法加载模块:Public

[ 2016-09-10T16:40:31+08:00 ] 127.0.0.1 /admin/Public/Admin/js/plugins/dataTables/jquery.dataTables.js
INFO: [ app_init ] --START--
INFO: Run Behavior\BuildLiteBehavior [ RunTime:0.000000s ]
INFO: [ app_init ] --END-- [ RunTime:0.001000s ]
ERR: 无法加载模块:Public

[ 2016-09-10T16:40:31+08:00 ] 127.0.0.1 /admin/Public/Admin/js/plugins/dataTables/dataTables.bootstrap.js
INFO: [ app_init ] --START--
INFO: Run Behavior\BuildLiteBehavior [ RunTime:0.000000s ]
INFO: [ app_init ] --END-- [ RunTime:0.001000s ]
ERR: 无法加载模块:Public

[ 2016-09-10T16:40:31+08:00 ] 127.0.0.1 /admin/Public/Admin/js/plugins/dataTables/dataTables.responsive.js
INFO: [ app_init ] --START--
INFO: Run Behavior\BuildLiteBehavior [ RunTime:0.000000s ]
INFO: [ app_init ] --END-- [ RunTime:0.001000s ]
ERR: 无法加载模块:Public

[ 2016-09-10T16:40:32+08:00 ] 127.0.0.1 /admin/Public/Admin/js/plugins/dataTables/dataTables.tableTools.min.js
INFO: [ app_init ] --START--
INFO: Run Behavior\BuildLiteBehavior [ RunTime:0.000000s ]
INFO: [ app_init ] --END-- [ RunTime:0.000000s ]
ERR: 无法加载模块:Public

[ 2016-09-10T18:22:59+08:00 ] 127.0.0.1 /admin/Public/Admin/js/plugins/dataTables/jquery.dataTables.js
INFO: [ app_init ] --START--
INFO: Run Behavior\BuildLiteBehavior [ RunTime:0.000000s ]
INFO: [ app_init ] --END-- [ RunTime:0.003000s ]
ERR: 无法加载模块:Public

[ 2016-09-10T18:22:59+08:00 ] 127.0.0.1 /admin/Public/Admin/js/plugins/dataTables/dataTables.bootstrap.js
INFO: [ app_init ] --START--
INFO: Run Behavior\BuildLiteBehavior [ RunTime:0.000000s ]
INFO: [ app_init ] --END-- [ RunTime:0.001000s ]
ERR: 无法加载模块:Public

[ 2016-09-10T18:22:59+08:00 ] 127.0.0.1 /admin/Public/Admin/js/plugins/dataTables/dataTables.tableTools.min.js
INFO: [ app_init ] --START--
INFO: Run Behavior\BuildLiteBehavior [ RunTime:0.001000s ]
INFO: [ app_init ] --END-- [ RunTime:0.001000s ]
ERR: 无法加载模块:Public

[ 2016-09-10T18:22:59+08:00 ] 127.0.0.1 /admin/Public/Admin/js/plugins/dataTables/dataTables.responsive.js
INFO: [ app_init ] --START--
INFO: Run Behavior\BuildLiteBehavior [ RunTime:0.000000s ]
INFO: [ app_init ] --END-- [ RunTime:0.001000s ]
ERR: 无法加载模块:Public

[ 2016-09-10T18:22:59+08:00 ] 127.0.0.1 /admin/Public/Admin/js/plugins/dataTables/jquery.dataTables.js
INFO: [ app_init ] --START--
INFO: Run Behavior\BuildLiteBehavior [ RunTime:0.000000s ]
INFO: [ app_init ] --END-- [ RunTime:0.000000s ]
ERR: 无法加载模块:Public

[ 2016-09-10T18:22:59+08:00 ] 127.0.0.1 /admin/Public/Admin/js/plugins/dataTables/dataTables.bootstrap.js
INFO: [ app_init ] --START--
INFO: Run Behavior\BuildLiteBehavior [ RunTime:0.000000s ]
INFO: [ app_init ] --END-- [ RunTime:0.001000s ]
ERR: 无法加载模块:Public

[ 2016-09-10T18:22:59+08:00 ] 127.0.0.1 /admin/Public/Admin/js/plugins/dataTables/dataTables.responsive.js
INFO: [ app_init ] --START--
INFO: Run Behavior\BuildLiteBehavior [ RunTime:0.000000s ]
INFO: [ app_init ] --END-- [ RunTime:0.000000s ]
ERR: 无法加载模块:Public

[ 2016-09-10T18:22:59+08:00 ] 127.0.0.1 /admin/Public/Admin/js/plugins/dataTables/dataTables.tableTools.min.js
INFO: [ app_init ] --START--
INFO: Run Behavior\BuildLiteBehavior [ RunTime:0.000000s ]
INFO: [ app_init ] --END-- [ RunTime:0.000000s ]
ERR: 无法加载模块:Public

[ 2016-09-10T18:25:09+08:00 ] 127.0.0.1 /admin/Public/Admin/js/plugins/dataTables/jquery.dataTables.js
INFO: [ app_init ] --START--
INFO: Run Behavior\BuildLiteBehavior [ RunTime:0.000000s ]
INFO: [ app_init ] --END-- [ RunTime:0.001000s ]
ERR: 无法加载模块:Public

[ 2016-09-10T18:25:09+08:00 ] 127.0.0.1 /admin/Public/Admin/js/plugins/dataTables/dataTables.tableTools.min.js
INFO: [ app_init ] --START--
INFO: Run Behavior\BuildLiteBehavior [ RunTime:0.000000s ]
INFO: [ app_init ] --END-- [ RunTime:0.001000s ]
ERR: 无法加载模块:Public

[ 2016-09-10T18:25:09+08:00 ] 127.0.0.1 /admin/Public/Admin/js/plugins/dataTables/dataTables.bootstrap.js
INFO: [ app_init ] --START--
INFO: Run Behavior\BuildLiteBehavior [ RunTime:0.000000s ]
INFO: [ app_init ] --END-- [ RunTime:0.000000s ]
ERR: 无法加载模块:Public

[ 2016-09-10T18:25:09+08:00 ] 127.0.0.1 /admin/Public/Admin/js/plugins/dataTables/dataTables.responsive.js
INFO: [ app_init ] --START--
INFO: Run Behavior\BuildLiteBehavior [ RunTime:0.001001s ]
INFO: [ app_init ] --END-- [ RunTime:0.001001s ]
ERR: 无法加载模块:Public

[ 2016-09-10T18:25:09+08:00 ] 127.0.0.1 /admin/Public/Admin/js/plugins/dataTables/jquery.dataTables.js
INFO: [ app_init ] --START--
INFO: Run Behavior\BuildLiteBehavior [ RunTime:0.000000s ]
INFO: [ app_init ] --END-- [ RunTime:0.001000s ]
ERR: 无法加载模块:Public

[ 2016-09-10T18:25:09+08:00 ] 127.0.0.1 /admin/Public/Admin/js/plugins/dataTables/dataTables.bootstrap.js
INFO: [ app_init ] --START--
INFO: Run Behavior\BuildLiteBehavior [ RunTime:0.000000s ]
INFO: [ app_init ] --END-- [ RunTime:0.001000s ]
ERR: 无法加载模块:Public

[ 2016-09-10T18:25:09+08:00 ] 127.0.0.1 /admin/Public/Admin/js/plugins/dataTables/dataTables.responsive.js
INFO: [ app_init ] --START--
INFO: Run Behavior\BuildLiteBehavior [ RunTime:0.000000s ]
INFO: [ app_init ] --END-- [ RunTime:0.001000s ]
ERR: 无法加载模块:Public

[ 2016-09-10T18:25:09+08:00 ] 127.0.0.1 /admin/Public/Admin/js/plugins/dataTables/dataTables.tableTools.min.js
INFO: [ app_init ] --START--
INFO: Run Behavior\BuildLiteBehavior [ RunTime:0.000000s ]
INFO: [ app_init ] --END-- [ RunTime:0.001000s ]
ERR: 无法加载模块:Public

[ 2016-09-10T18:29:37+08:00 ] 127.0.0.1 /admin/Public/Admin/js/plugins/dataTables/jquery.dataTables.js
INFO: [ app_init ] --START--
INFO: Run Behavior\BuildLiteBehavior [ RunTime:0.000000s ]
INFO: [ app_init ] --END-- [ RunTime:0.000000s ]
ERR: 无法加载模块:Public

[ 2016-09-10T18:29:37+08:00 ] 127.0.0.1 /admin/Public/Admin/js/plugins/dataTables/dataTables.bootstrap.js
INFO: [ app_init ] --START--
INFO: Run Behavior\BuildLiteBehavior [ RunTime:0.000000s ]
INFO: [ app_init ] --END-- [ RunTime:0.001000s ]
ERR: 无法加载模块:Public

[ 2016-09-10T18:29:37+08:00 ] 127.0.0.1 /admin/Public/Admin/js/plugins/dataTables/dataTables.responsive.js
INFO: [ app_init ] --START--
INFO: Run Behavior\BuildLiteBehavior [ RunTime:0.000000s ]
INFO: [ app_init ] --END-- [ RunTime:0.002000s ]
ERR: 无法加载模块:Public

[ 2016-09-10T18:29:37+08:00 ] 127.0.0.1 /admin/Public/Admin/js/plugins/dataTables/dataTables.tableTools.min.js
INFO: [ app_init ] --START--
INFO: Run Behavior\BuildLiteBehavior [ RunTime:0.000000s ]
INFO: [ app_init ] --END-- [ RunTime:0.001000s ]
ERR: 无法加载模块:Public

[ 2016-09-10T18:29:50+08:00 ] 127.0.0.1 /admin/Public/Admin/js/plugins/dataTables/dataTables.tableTools.min.js
INFO: [ app_init ] --START--
INFO: Run Behavior\BuildLiteBehavior [ RunTime:0.000000s ]
INFO: [ app_init ] --END-- [ RunTime:0.003000s ]
ERR: 无法加载模块:Public

[ 2016-09-10T18:29:50+08:00 ] 127.0.0.1 /admin/Public/Admin/js/plugins/dataTables/dataTables.responsive.js
INFO: [ app_init ] --START--
INFO: Run Behavior\BuildLiteBehavior [ RunTime:0.000000s ]
INFO: [ app_init ] --END-- [ RunTime:0.001000s ]
ERR: 无法加载模块:Public

[ 2016-09-10T18:29:50+08:00 ] 127.0.0.1 /admin/Public/Admin/js/plugins/dataTables/dataTables.bootstrap.js
INFO: [ app_init ] --START--
INFO: Run Behavior\BuildLiteBehavior [ RunTime:0.001001s ]
INFO: [ app_init ] --END-- [ RunTime:0.002001s ]
ERR: 无法加载模块:Public

[ 2016-09-10T18:29:50+08:00 ] 127.0.0.1 /admin/Public/Admin/js/plugins/dataTables/jquery.dataTables.js
INFO: [ app_init ] --START--
INFO: Run Behavior\BuildLiteBehavior [ RunTime:0.000000s ]
INFO: [ app_init ] --END-- [ RunTime:0.001000s ]
ERR: 无法加载模块:Public

[ 2016-09-10T18:29:50+08:00 ] 127.0.0.1 /admin/Public/Admin/js/plugins/dataTables/jquery.dataTables.js
INFO: [ app_init ] --START--
INFO: Run Behavior\BuildLiteBehavior [ RunTime:0.000000s ]
INFO: [ app_init ] --END-- [ RunTime:0.001000s ]
ERR: 无法加载模块:Public

[ 2016-09-10T18:29:50+08:00 ] 127.0.0.1 /admin/Public/Admin/js/plugins/dataTables/dataTables.bootstrap.js
INFO: [ app_init ] --START--
INFO: Run Behavior\BuildLiteBehavior [ RunTime:0.000000s ]
INFO: [ app_init ] --END-- [ RunTime:0.001001s ]
ERR: 无法加载模块:Public

[ 2016-09-10T18:29:50+08:00 ] 127.0.0.1 /admin/Public/Admin/js/plugins/dataTables/dataTables.responsive.js
INFO: [ app_init ] --START--
INFO: Run Behavior\BuildLiteBehavior [ RunTime:0.001001s ]
INFO: [ app_init ] --END-- [ RunTime:0.001001s ]
ERR: 无法加载模块:Public

[ 2016-09-10T18:29:50+08:00 ] 127.0.0.1 /admin/Public/Admin/js/plugins/dataTables/dataTables.tableTools.min.js
INFO: [ app_init ] --START--
INFO: Run Behavior\BuildLiteBehavior [ RunTime:0.000000s ]
INFO: [ app_init ] --END-- [ RunTime:0.000000s ]
ERR: 无法加载模块:Public

