[ 2016-09-13T11:55:24+08:00 ] 127.0.0.1 /Find/
INFO: [ app_init ] --START--
INFO: Run Behavior\BuildLiteBehavior [ RunTime:0.000000s ]
INFO: [ app_init ] --END-- [ RunTime:0.003000s ]
INFO: [ app_begin ] --START--
INFO: Run Behavior\ReadHtmlCacheBehavior [ RunTime:0.001000s ]
INFO: [ app_begin ] --END-- [ RunTime:0.003000s ]
INFO: [ view_parse ] --START--
INFO: [ template_filter ] --START--
INFO: Run Behavior\ContentReplaceBehavior [ RunTime:0.000000s ]
INFO: [ template_filter ] --END-- [ RunTime:0.000000s ]
NOTIC: [8] Undefined variable: user D:\host\a\Find\Application\Runtime\Cache\Home\88cabc94a330a90c907681dda4214225.php 第 38 行.
INFO: Run Behavior\ParseTemplateBehavior [ RunTime:0.047002s ]
INFO: [ view_parse ] --END-- [ RunTime:0.048003s ]
INFO: [ view_filter ] --START--
INFO: Run Behavior\WriteHtmlCacheBehavior [ RunTime:0.001000s ]
INFO: [ view_filter ] --END-- [ RunTime:0.001000s ]
INFO: [ app_end ] --START--
INFO: Run Behavior\ShowPageTraceBehavior [ RunTime:0.001000s ]
INFO: [ app_end ] --END-- [ RunTime:0.001000s ]

[ 2016-09-13T17:26:22+08:00 ] 127.0.0.1 /Find/index.php
INFO: [ app_init ] --START--
INFO: Run Behavior\BuildLiteBehavior [ RunTime:0.000000s ]
INFO: [ app_init ] --END-- [ RunTime:0.000000s ]
INFO: [ app_begin ] --START--
INFO: Run Behavior\ReadHtmlCacheBehavior [ RunTime:0.001000s ]
INFO: [ app_begin ] --END-- [ RunTime:0.001000s ]
ERR: SQLSTATE[42S02]: Base table or view not found: 1051 Unknown table 'think_article'

[ 2016-09-13T17:27:14+08:00 ] 127.0.0.1 /Find/
INFO: [ app_init ] --START--
INFO: Run Behavior\BuildLiteBehavior [ RunTime:0.000000s ]
INFO: [ app_init ] --END-- [ RunTime:0.001000s ]
INFO: [ app_begin ] --START--
INFO: Run Behavior\ReadHtmlCacheBehavior [ RunTime:0.000000s ]
INFO: [ app_begin ] --END-- [ RunTime:0.001000s ]
ERR: SQLSTATE[42S02]: Base table or view not found: 1051 Unknown table 'think_article'

[ 2016-09-13T17:27:28+08:00 ] 127.0.0.1 /Find/home
INFO: [ app_init ] --START--
INFO: Run Behavior\BuildLiteBehavior [ RunTime:0.000000s ]
INFO: [ app_init ] --END-- [ RunTime:0.001000s ]
INFO: [ app_begin ] --START--
INFO: Run Behavior\ReadHtmlCacheBehavior [ RunTime:0.000000s ]
INFO: [ app_begin ] --END-- [ RunTime:0.001000s ]
ERR: SQLSTATE[42S02]: Base table or view not found: 1051 Unknown table 'think_article'

[ 2016-09-13T17:27:32+08:00 ] 127.0.0.1 /Find/
INFO: [ app_init ] --START--
INFO: Run Behavior\BuildLiteBehavior [ RunTime:0.000000s ]
INFO: [ app_init ] --END-- [ RunTime:0.000000s ]
INFO: [ app_begin ] --START--
INFO: Run Behavior\ReadHtmlCacheBehavior [ RunTime:0.001001s ]
INFO: [ app_begin ] --END-- [ RunTime:0.001001s ]
ERR: SQLSTATE[42S02]: Base table or view not found: 1051 Unknown table 'think_article'

[ 2016-09-13T17:27:46+08:00 ] 127.0.0.1 /Find/
INFO: [ app_init ] --START--
INFO: Run Behavior\BuildLiteBehavior [ RunTime:0.000000s ]
INFO: [ app_init ] --END-- [ RunTime:0.001000s ]
INFO: [ app_begin ] --START--
INFO: Run Behavior\ReadHtmlCacheBehavior [ RunTime:0.001000s ]
INFO: [ app_begin ] --END-- [ RunTime:0.001000s ]
ERR: SQLSTATE[42S02]: Base table or view not found: 1051 Unknown table 'think_article'

[ 2016-09-13T17:27:47+08:00 ] 127.0.0.1 /Find/home
INFO: [ app_init ] --START--
INFO: Run Behavior\BuildLiteBehavior [ RunTime:0.000000s ]
INFO: [ app_init ] --END-- [ RunTime:0.001000s ]
INFO: [ app_begin ] --START--
INFO: Run Behavior\ReadHtmlCacheBehavior [ RunTime:0.001000s ]
INFO: [ app_begin ] --END-- [ RunTime:0.001000s ]
ERR: SQLSTATE[42S02]: Base table or view not found: 1051 Unknown table 'think_article'

[ 2016-09-13T17:27:48+08:00 ] 127.0.0.1 /Find/
INFO: [ app_init ] --START--
INFO: Run Behavior\BuildLiteBehavior [ RunTime:0.001000s ]
INFO: [ app_init ] --END-- [ RunTime:0.001000s ]
INFO: [ app_begin ] --START--
INFO: Run Behavior\ReadHtmlCacheBehavior [ RunTime:0.001000s ]
INFO: [ app_begin ] --END-- [ RunTime:0.001000s ]
ERR: SQLSTATE[42S02]: Base table or view not found: 1051 Unknown table 'think_article'

[ 2016-09-13T17:27:49+08:00 ] 127.0.0.1 /Find/index.php
INFO: [ app_init ] --START--
INFO: Run Behavior\BuildLiteBehavior [ RunTime:0.000000s ]
INFO: [ app_init ] --END-- [ RunTime:0.001000s ]
INFO: [ app_begin ] --START--
INFO: Run Behavior\ReadHtmlCacheBehavior [ RunTime:0.001000s ]
INFO: [ app_begin ] --END-- [ RunTime:0.001000s ]
ERR: SQLSTATE[42S02]: Base table or view not found: 1051 Unknown table 'think_article'

[ 2016-09-13T17:27:59+08:00 ] 127.0.0.1 /Find/
INFO: [ app_init ] --START--
INFO: Run Behavior\BuildLiteBehavior [ RunTime:0.000000s ]
INFO: [ app_init ] --END-- [ RunTime:0.000000s ]
INFO: [ app_begin ] --START--
INFO: Run Behavior\ReadHtmlCacheBehavior [ RunTime:0.001000s ]
INFO: [ app_begin ] --END-- [ RunTime:0.001000s ]
ERR: SQLSTATE[42S02]: Base table or view not found: 1051 Unknown table 'think_article'

[ 2016-09-13T17:33:57+08:00 ] 127.0.0.1 /Find/
INFO: [ app_init ] --START--
INFO: Run Behavior\BuildLiteBehavior [ RunTime:0.000000s ]
INFO: [ app_init ] --END-- [ RunTime:0.000000s ]
INFO: [ app_begin ] --START--
INFO: Run Behavior\ReadHtmlCacheBehavior [ RunTime:0.001000s ]
INFO: [ app_begin ] --END-- [ RunTime:0.001000s ]
ERR: SQLSTATE[42S02]: Base table or view not found: 1051 Unknown table 'think_article'

[ 2016-09-13T17:35:00+08:00 ] 127.0.0.1 /Find/
INFO: [ app_init ] --START--
INFO: Run Behavior\BuildLiteBehavior [ RunTime:0.000000s ]
INFO: [ app_init ] --END-- [ RunTime:0.000000s ]
INFO: [ app_begin ] --START--
INFO: Run Behavior\ReadHtmlCacheBehavior [ RunTime:0.001000s ]
INFO: [ app_begin ] --END-- [ RunTime:0.001000s ]
NOTIC: [8] Undefined offset: 0 D:\host\a\Find\ThinkPHP\Library\Think\Db\Driver.class.php 第 113 行.
NOTIC: [8] Undefined offset: 0 D:\host\a\Find\ThinkPHP\Library\Think\Db\Driver.class.php 第 113 行.
NOTIC: [8] Undefined offset: 0 D:\host\a\Find\ThinkPHP\Library\Think\Db\Driver.class.php 第 113 行.
NOTIC: [8] Undefined offset: 0 D:\host\a\Find\ThinkPHP\Library\Think\Db\Driver.class.php 第 113 行.
NOTIC: [8] Undefined offset: 0 D:\host\a\Find\ThinkPHP\Library\Think\Db\Driver.class.php 第 113 行.
NOTIC: [8] Undefined offset: 0 D:\host\a\Find\ThinkPHP\Library\Think\Db\Driver.class.php 第 113 行.
NOTIC: [2] Invalid argument supplied for foreach() D:\host\a\Find\Application\Home\Model\PlateModel.class.php 第 7 行.
NOTIC: [8] Undefined variable: dataArr D:\host\a\Find\Application\Home\Model\PlateModel.class.php 第 19 行.
NOTIC: [8] Undefined offset: 0 D:\host\a\Find\ThinkPHP\Library\Think\Db\Driver.class.php 第 113 行.
NOTIC: [8] Undefined offset: 0 D:\host\a\Find\ThinkPHP\Library\Think\Db\Driver.class.php 第 113 行.
NOTIC: [8] Undefined offset: 0 D:\host\a\Find\ThinkPHP\Library\Think\Db\Driver.class.php 第 113 行.
NOTIC: [8] Undefined offset: 0 D:\host\a\Find\ThinkPHP\Library\Think\Db\Driver.class.php 第 113 行.
NOTIC: [8] Undefined offset: 0 D:\host\a\Find\ThinkPHP\Library\Think\Db\Driver.class.php 第 113 行.
NOTIC: [8] Undefined offset: 0 D:\host\a\Find\ThinkPHP\Library\Think\Db\Driver.class.php 第 113 行.
INFO: [ view_parse ] --START--
INFO: [ template_filter ] --START--
INFO: Run Behavior\ContentReplaceBehavior [ RunTime:0.000000s ]
INFO: [ template_filter ] --END-- [ RunTime:0.000000s ]
NOTIC: [8] Undefined variable: user D:\host\a\Find\Application\Runtime\Cache\Home\88cabc94a330a90c907681dda4214225.php 第 38 行.
INFO: Run Behavior\ParseTemplateBehavior [ RunTime:0.020001s ]
INFO: [ view_parse ] --END-- [ RunTime:0.020001s ]
INFO: [ view_filter ] --START--
INFO: Run Behavior\WriteHtmlCacheBehavior [ RunTime:0.001000s ]
INFO: [ view_filter ] --END-- [ RunTime:0.001000s ]
INFO: [ app_end ] --START--
INFO: Run Behavior\ShowPageTraceBehavior [ RunTime:0.000000s ]
INFO: [ app_end ] --END-- [ RunTime:0.001000s ]

[ 2016-09-13T18:30:24+08:00 ] 127.0.0.1 /Find/
INFO: [ app_init ] --START--
INFO: Run Behavior\BuildLiteBehavior [ RunTime:0.000000s ]
INFO: [ app_init ] --END-- [ RunTime:0.001000s ]
INFO: [ app_begin ] --START--
INFO: Run Behavior\ReadHtmlCacheBehavior [ RunTime:0.001000s ]
INFO: [ app_begin ] --END-- [ RunTime:0.001000s ]
NOTIC: [8] Undefined variable: dataArr D:\host\a\Find\Application\Home\Model\PlateModel.class.php 第 19 行.
INFO: [ view_parse ] --START--
INFO: [ template_filter ] --START--
INFO: Run Behavior\ContentReplaceBehavior [ RunTime:0.000000s ]
INFO: [ template_filter ] --END-- [ RunTime:0.000000s ]
NOTIC: [8] Undefined variable: user D:\host\a\Find\Application\Runtime\Cache\Home\88cabc94a330a90c907681dda4214225.php 第 38 行.
INFO: Run Behavior\ParseTemplateBehavior [ RunTime:0.021001s ]
INFO: [ view_parse ] --END-- [ RunTime:0.021001s ]
INFO: [ view_filter ] --START--
INFO: Run Behavior\WriteHtmlCacheBehavior [ RunTime:0.000000s ]
INFO: [ view_filter ] --END-- [ RunTime:0.001000s ]
INFO: [ app_end ] --START--
INFO: Run Behavior\ShowPageTraceBehavior [ RunTime:0.001000s ]
INFO: [ app_end ] --END-- [ RunTime:0.001000s ]

[ 2016-09-13T18:30:25+08:00 ] 127.0.0.1 /Find/
INFO: [ app_init ] --START--
INFO: Run Behavior\BuildLiteBehavior [ RunTime:0.000000s ]
INFO: [ app_init ] --END-- [ RunTime:0.001000s ]
INFO: [ app_begin ] --START--
INFO: Run Behavior\ReadHtmlCacheBehavior [ RunTime:0.000000s ]
INFO: [ app_begin ] --END-- [ RunTime:0.001000s ]
NOTIC: [8] Undefined variable: dataArr D:\host\a\Find\Application\Home\Model\PlateModel.class.php 第 19 行.
INFO: [ view_parse ] --START--
INFO: [ template_filter ] --START--
INFO: Run Behavior\ContentReplaceBehavior [ RunTime:0.000000s ]
INFO: [ template_filter ] --END-- [ RunTime:0.000000s ]
NOTIC: [8] Undefined variable: user D:\host\a\Find\Application\Runtime\Cache\Home\88cabc94a330a90c907681dda4214225.php 第 38 行.
INFO: Run Behavior\ParseTemplateBehavior [ RunTime:0.021001s ]
INFO: [ view_parse ] --END-- [ RunTime:0.021001s ]
INFO: [ view_filter ] --START--
INFO: Run Behavior\WriteHtmlCacheBehavior [ RunTime:0.001000s ]
INFO: [ view_filter ] --END-- [ RunTime:0.001000s ]
INFO: [ app_end ] --START--
INFO: Run Behavior\ShowPageTraceBehavior [ RunTime:0.000000s ]
INFO: [ app_end ] --END-- [ RunTime:0.001000s ]

[ 2016-09-13T18:30:33+08:00 ] 127.0.0.1 /Find/
INFO: [ app_init ] --START--
INFO: Run Behavior\BuildLiteBehavior [ RunTime:0.000000s ]
INFO: [ app_init ] --END-- [ RunTime:0.000000s ]
INFO: [ app_begin ] --START--
INFO: Run Behavior\ReadHtmlCacheBehavior [ RunTime:0.001000s ]
INFO: [ app_begin ] --END-- [ RunTime:0.001000s ]
NOTIC: [8] Undefined variable: dataArr D:\host\a\Find\Application\Home\Model\PlateModel.class.php 第 19 行.
INFO: [ view_parse ] --START--
INFO: [ template_filter ] --START--
INFO: Run Behavior\ContentReplaceBehavior [ RunTime:0.000000s ]
INFO: [ template_filter ] --END-- [ RunTime:0.000000s ]
NOTIC: [8] Undefined variable: user D:\host\a\Find\Application\Runtime\Cache\Home\88cabc94a330a90c907681dda4214225.php 第 38 行.
INFO: Run Behavior\ParseTemplateBehavior [ RunTime:0.020001s ]
INFO: [ view_parse ] --END-- [ RunTime:0.020001s ]
INFO: [ view_filter ] --START--
INFO: Run Behavior\WriteHtmlCacheBehavior [ RunTime:0.000000s ]
INFO: [ view_filter ] --END-- [ RunTime:0.000000s ]
INFO: [ app_end ] --START--
INFO: Run Behavior\ShowPageTraceBehavior [ RunTime:0.001000s ]
INFO: [ app_end ] --END-- [ RunTime:0.001000s ]

[ 2016-09-13T18:30:34+08:00 ] 127.0.0.1 /Find/
INFO: [ app_init ] --START--
INFO: Run Behavior\BuildLiteBehavior [ RunTime:0.000000s ]
INFO: [ app_init ] --END-- [ RunTime:0.000000s ]
INFO: [ app_begin ] --START--
INFO: Run Behavior\ReadHtmlCacheBehavior [ RunTime:0.001000s ]
INFO: [ app_begin ] --END-- [ RunTime:0.001000s ]
NOTIC: [8] Undefined variable: dataArr D:\host\a\Find\Application\Home\Model\PlateModel.class.php 第 19 行.
INFO: [ view_parse ] --START--
INFO: [ template_filter ] --START--
INFO: Run Behavior\ContentReplaceBehavior [ RunTime:0.000000s ]
INFO: [ template_filter ] --END-- [ RunTime:0.000000s ]
NOTIC: [8] Undefined variable: user D:\host\a\Find\Application\Runtime\Cache\Home\88cabc94a330a90c907681dda4214225.php 第 38 行.
INFO: Run Behavior\ParseTemplateBehavior [ RunTime:0.034002s ]
INFO: [ view_parse ] --END-- [ RunTime:0.034002s ]
INFO: [ view_filter ] --START--
INFO: Run Behavior\WriteHtmlCacheBehavior [ RunTime:0.000000s ]
INFO: [ view_filter ] --END-- [ RunTime:0.001000s ]
INFO: [ app_end ] --START--
INFO: Run Behavior\ShowPageTraceBehavior [ RunTime:0.001000s ]
INFO: [ app_end ] --END-- [ RunTime:0.001000s ]

[ 2016-09-13T18:30:34+08:00 ] 127.0.0.1 /Find/
INFO: [ app_init ] --START--
INFO: Run Behavior\BuildLiteBehavior [ RunTime:0.000000s ]
INFO: [ app_init ] --END-- [ RunTime:0.000000s ]
INFO: [ app_begin ] --START--
INFO: Run Behavior\ReadHtmlCacheBehavior [ RunTime:0.000000s ]
INFO: [ app_begin ] --END-- [ RunTime:0.000000s ]
NOTIC: [8] Undefined variable: dataArr D:\host\a\Find\Application\Home\Model\PlateModel.class.php 第 19 行.
INFO: [ view_parse ] --START--
INFO: [ template_filter ] --START--
INFO: Run Behavior\ContentReplaceBehavior [ RunTime:0.001000s ]
INFO: [ template_filter ] --END-- [ RunTime:0.001000s ]
NOTIC: [8] Undefined variable: user D:\host\a\Find\Application\Runtime\Cache\Home\88cabc94a330a90c907681dda4214225.php 第 38 行.
INFO: Run Behavior\ParseTemplateBehavior [ RunTime:0.039002s ]
INFO: [ view_parse ] --END-- [ RunTime:0.039002s ]
INFO: [ view_filter ] --START--
INFO: Run Behavior\WriteHtmlCacheBehavior [ RunTime:0.002000s ]
INFO: [ view_filter ] --END-- [ RunTime:0.003000s ]
INFO: [ app_end ] --START--
INFO: Run Behavior\ShowPageTraceBehavior [ RunTime:0.000000s ]
INFO: [ app_end ] --END-- [ RunTime:0.001000s ]

[ 2016-09-13T18:30:34+08:00 ] 127.0.0.1 /Find/
INFO: [ app_init ] --START--
INFO: Run Behavior\BuildLiteBehavior [ RunTime:0.000000s ]
INFO: [ app_init ] --END-- [ RunTime:0.002000s ]
INFO: [ app_begin ] --START--
INFO: Run Behavior\ReadHtmlCacheBehavior [ RunTime:0.001000s ]
INFO: [ app_begin ] --END-- [ RunTime:0.003000s ]
NOTIC: [8] Undefined variable: dataArr D:\host\a\Find\Application\Home\Model\PlateModel.class.php 第 19 行.
INFO: [ view_parse ] --START--
INFO: [ template_filter ] --START--
INFO: Run Behavior\ContentReplaceBehavior [ RunTime:0.000000s ]
INFO: [ template_filter ] --END-- [ RunTime:0.000000s ]
NOTIC: [8] Undefined variable: user D:\host\a\Find\Application\Runtime\Cache\Home\88cabc94a330a90c907681dda4214225.php 第 38 行.
INFO: Run Behavior\ParseTemplateBehavior [ RunTime:0.038002s ]
INFO: [ view_parse ] --END-- [ RunTime:0.038002s ]
INFO: [ view_filter ] --START--
INFO: Run Behavior\WriteHtmlCacheBehavior [ RunTime:0.000000s ]
INFO: [ view_filter ] --END-- [ RunTime:0.001000s ]
INFO: [ app_end ] --START--
INFO: Run Behavior\ShowPageTraceBehavior [ RunTime:0.001000s ]
INFO: [ app_end ] --END-- [ RunTime:0.001000s ]

[ 2016-09-13T18:30:34+08:00 ] 127.0.0.1 /Find/
INFO: [ app_init ] --START--
INFO: Run Behavior\BuildLiteBehavior [ RunTime:0.000000s ]
INFO: [ app_init ] --END-- [ RunTime:0.001000s ]
INFO: [ app_begin ] --START--
INFO: Run Behavior\ReadHtmlCacheBehavior [ RunTime:0.001000s ]
INFO: [ app_begin ] --END-- [ RunTime:0.001000s ]
NOTIC: [8] Undefined variable: dataArr D:\host\a\Find\Application\Home\Model\PlateModel.class.php 第 19 行.
INFO: [ view_parse ] --START--
INFO: [ template_filter ] --START--
INFO: Run Behavior\ContentReplaceBehavior [ RunTime:0.000000s ]
INFO: [ template_filter ] --END-- [ RunTime:0.001000s ]
NOTIC: [8] Undefined variable: user D:\host\a\Find\Application\Runtime\Cache\Home\88cabc94a330a90c907681dda4214225.php 第 38 行.
INFO: Run Behavior\ParseTemplateBehavior [ RunTime:0.040002s ]
INFO: [ view_parse ] --END-- [ RunTime:0.040002s ]
INFO: [ view_filter ] --START--
INFO: Run Behavior\WriteHtmlCacheBehavior [ RunTime:0.000000s ]
INFO: [ view_filter ] --END-- [ RunTime:0.001000s ]
INFO: [ app_end ] --START--
INFO: Run Behavior\ShowPageTraceBehavior [ RunTime:0.000000s ]
INFO: [ app_end ] --END-- [ RunTime:0.001000s ]

[ 2016-09-13T18:30:34+08:00 ] 127.0.0.1 /Find/
INFO: [ app_init ] --START--
INFO: Run Behavior\BuildLiteBehavior [ RunTime:0.000000s ]
INFO: [ app_init ] --END-- [ RunTime:0.000000s ]
INFO: [ app_begin ] --START--
INFO: Run Behavior\ReadHtmlCacheBehavior [ RunTime:0.001000s ]
INFO: [ app_begin ] --END-- [ RunTime:0.001000s ]
NOTIC: [8] Undefined variable: dataArr D:\host\a\Find\Application\Home\Model\PlateModel.class.php 第 19 行.
INFO: [ view_parse ] --START--
INFO: [ template_filter ] --START--
INFO: Run Behavior\ContentReplaceBehavior [ RunTime:0.000000s ]
INFO: [ template_filter ] --END-- [ RunTime:0.000000s ]
NOTIC: [8] Undefined variable: user D:\host\a\Find\Application\Runtime\Cache\Home\88cabc94a330a90c907681dda4214225.php 第 38 行.
INFO: Run Behavior\ParseTemplateBehavior [ RunTime:0.027001s ]
INFO: [ view_parse ] --END-- [ RunTime:0.027001s ]
INFO: [ view_filter ] --START--
INFO: Run Behavior\WriteHtmlCacheBehavior [ RunTime:0.001001s ]
INFO: [ view_filter ] --END-- [ RunTime:0.001001s ]
INFO: [ app_end ] --START--
INFO: Run Behavior\ShowPageTraceBehavior [ RunTime:0.001000s ]
INFO: [ app_end ] --END-- [ RunTime:0.001000s ]

[ 2016-09-13T18:30:34+08:00 ] 127.0.0.1 /Find/
INFO: [ app_init ] --START--
INFO: Run Behavior\BuildLiteBehavior [ RunTime:0.000000s ]
INFO: [ app_init ] --END-- [ RunTime:0.001000s ]
INFO: [ app_begin ] --START--
INFO: Run Behavior\ReadHtmlCacheBehavior [ RunTime:0.001000s ]
INFO: [ app_begin ] --END-- [ RunTime:0.001000s ]
NOTIC: [8] Undefined variable: dataArr D:\host\a\Find\Application\Home\Model\PlateModel.class.php 第 19 行.
INFO: [ view_parse ] --START--
INFO: [ template_filter ] --START--
INFO: Run Behavior\ContentReplaceBehavior [ RunTime:0.000000s ]
INFO: [ template_filter ] --END-- [ RunTime:0.000000s ]
NOTIC: [8] Undefined variable: user D:\host\a\Find\Application\Runtime\Cache\Home\88cabc94a330a90c907681dda4214225.php 第 38 行.
INFO: Run Behavior\ParseTemplateBehavior [ RunTime:0.027002s ]
INFO: [ view_parse ] --END-- [ RunTime:0.027002s ]
INFO: [ view_filter ] --START--
INFO: Run Behavior\WriteHtmlCacheBehavior [ RunTime:0.001000s ]
INFO: [ view_filter ] --END-- [ RunTime:0.001000s ]
INFO: [ app_end ] --START--
INFO: Run Behavior\ShowPageTraceBehavior [ RunTime:0.000000s ]
INFO: [ app_end ] --END-- [ RunTime:0.001000s ]

[ 2016-09-13T18:30:34+08:00 ] 127.0.0.1 /Find/
INFO: [ app_init ] --START--
INFO: Run Behavior\BuildLiteBehavior [ RunTime:0.000000s ]
INFO: [ app_init ] --END-- [ RunTime:0.001000s ]
INFO: [ app_begin ] --START--
INFO: Run Behavior\ReadHtmlCacheBehavior [ RunTime:0.001001s ]
INFO: [ app_begin ] --END-- [ RunTime:0.001001s ]
NOTIC: [8] Undefined variable: dataArr D:\host\a\Find\Application\Home\Model\PlateModel.class.php 第 19 行.
INFO: [ view_parse ] --START--
INFO: [ template_filter ] --START--
INFO: Run Behavior\ContentReplaceBehavior [ RunTime:0.000000s ]
INFO: [ template_filter ] --END-- [ RunTime:0.000000s ]
NOTIC: [8] Undefined variable: user D:\host\a\Find\Application\Runtime\Cache\Home\88cabc94a330a90c907681dda4214225.php 第 38 行.
INFO: Run Behavior\ParseTemplateBehavior [ RunTime:0.022001s ]
INFO: [ view_parse ] --END-- [ RunTime:0.022001s ]
INFO: [ view_filter ] --START--
INFO: Run Behavior\WriteHtmlCacheBehavior [ RunTime:0.000000s ]
INFO: [ view_filter ] --END-- [ RunTime:0.001000s ]
INFO: [ app_end ] --START--
INFO: Run Behavior\ShowPageTraceBehavior [ RunTime:0.001001s ]
INFO: [ app_end ] --END-- [ RunTime:0.001001s ]

[ 2016-09-13T18:30:34+08:00 ] 127.0.0.1 /Find/
INFO: [ app_init ] --START--
INFO: Run Behavior\BuildLiteBehavior [ RunTime:0.000000s ]
INFO: [ app_init ] --END-- [ RunTime:0.001000s ]
INFO: [ app_begin ] --START--
INFO: Run Behavior\ReadHtmlCacheBehavior [ RunTime:0.002000s ]
INFO: [ app_begin ] --END-- [ RunTime:0.003000s ]
NOTIC: [8] Undefined variable: dataArr D:\host\a\Find\Application\Home\Model\PlateModel.class.php 第 19 行.
INFO: [ view_parse ] --START--
INFO: [ template_filter ] --START--
INFO: Run Behavior\ContentReplaceBehavior [ RunTime:0.000000s ]
INFO: [ template_filter ] --END-- [ RunTime:0.000000s ]
NOTIC: [8] Undefined variable: user D:\host\a\Find\Application\Runtime\Cache\Home\88cabc94a330a90c907681dda4214225.php 第 38 行.
INFO: Run Behavior\ParseTemplateBehavior [ RunTime:0.023001s ]
INFO: [ view_parse ] --END-- [ RunTime:0.023001s ]
INFO: [ view_filter ] --START--
INFO: Run Behavior\WriteHtmlCacheBehavior [ RunTime:0.001000s ]
INFO: [ view_filter ] --END-- [ RunTime:0.001000s ]
INFO: [ app_end ] --START--
INFO: Run Behavior\ShowPageTraceBehavior [ RunTime:0.001000s ]
INFO: [ app_end ] --END-- [ RunTime:0.001000s ]

[ 2016-09-13T18:30:34+08:00 ] 127.0.0.1 /Find/
INFO: [ app_init ] --START--
INFO: Run Behavior\BuildLiteBehavior [ RunTime:0.000000s ]
INFO: [ app_init ] --END-- [ RunTime:0.001000s ]
INFO: [ app_begin ] --START--
INFO: Run Behavior\ReadHtmlCacheBehavior [ RunTime:0.001000s ]
INFO: [ app_begin ] --END-- [ RunTime:0.001000s ]
NOTIC: [8] Undefined variable: dataArr D:\host\a\Find\Application\Home\Model\PlateModel.class.php 第 19 行.
INFO: [ view_parse ] --START--
INFO: [ template_filter ] --START--
INFO: Run Behavior\ContentReplaceBehavior [ RunTime:0.000000s ]
INFO: [ template_filter ] --END-- [ RunTime:0.000000s ]
NOTIC: [8] Undefined variable: user D:\host\a\Find\Application\Runtime\Cache\Home\88cabc94a330a90c907681dda4214225.php 第 38 行.
INFO: Run Behavior\ParseTemplateBehavior [ RunTime:0.026001s ]
INFO: [ view_parse ] --END-- [ RunTime:0.026001s ]
INFO: [ view_filter ] --START--
INFO: Run Behavior\WriteHtmlCacheBehavior [ RunTime:0.001000s ]
INFO: [ view_filter ] --END-- [ RunTime:0.001000s ]
INFO: [ app_end ] --START--
INFO: Run Behavior\ShowPageTraceBehavior [ RunTime:0.001000s ]
INFO: [ app_end ] --END-- [ RunTime:0.002000s ]

[ 2016-09-13T18:30:34+08:00 ] 127.0.0.1 /Find/
INFO: [ app_init ] --START--
INFO: Run Behavior\BuildLiteBehavior [ RunTime:0.000000s ]
INFO: [ app_init ] --END-- [ RunTime:0.001000s ]
INFO: [ app_begin ] --START--
INFO: Run Behavior\ReadHtmlCacheBehavior [ RunTime:0.004001s ]
INFO: [ app_begin ] --END-- [ RunTime:0.004001s ]
NOTIC: [8] Undefined variable: dataArr D:\host\a\Find\Application\Home\Model\PlateModel.class.php 第 19 行.
INFO: [ view_parse ] --START--
INFO: [ template_filter ] --START--
INFO: Run Behavior\ContentReplaceBehavior [ RunTime:0.001000s ]
INFO: [ template_filter ] --END-- [ RunTime:0.001000s ]
NOTIC: [8] Undefined variable: user D:\host\a\Find\Application\Runtime\Cache\Home\88cabc94a330a90c907681dda4214225.php 第 38 行.
INFO: Run Behavior\ParseTemplateBehavior [ RunTime:0.022002s ]
INFO: [ view_parse ] --END-- [ RunTime:0.022002s ]
INFO: [ view_filter ] --START--
INFO: Run Behavior\WriteHtmlCacheBehavior [ RunTime:0.001000s ]
INFO: [ view_filter ] --END-- [ RunTime:0.001000s ]
INFO: [ app_end ] --START--
INFO: Run Behavior\ShowPageTraceBehavior [ RunTime:0.001000s ]
INFO: [ app_end ] --END-- [ RunTime:0.001000s ]

[ 2016-09-13T18:30:34+08:00 ] 127.0.0.1 /Find/
INFO: [ app_init ] --START--
INFO: Run Behavior\BuildLiteBehavior [ RunTime:0.000000s ]
INFO: [ app_init ] --END-- [ RunTime:0.001000s ]
INFO: [ app_begin ] --START--
INFO: Run Behavior\ReadHtmlCacheBehavior [ RunTime:0.001000s ]
INFO: [ app_begin ] --END-- [ RunTime:0.001000s ]
NOTIC: [8] Undefined variable: dataArr D:\host\a\Find\Application\Home\Model\PlateModel.class.php 第 19 行.
INFO: [ view_parse ] --START--
INFO: [ template_filter ] --START--
INFO: Run Behavior\ContentReplaceBehavior [ RunTime:0.000000s ]
INFO: [ template_filter ] --END-- [ RunTime:0.000000s ]
NOTIC: [8] Undefined variable: user D:\host\a\Find\Application\Runtime\Cache\Home\88cabc94a330a90c907681dda4214225.php 第 38 行.
INFO: Run Behavior\ParseTemplateBehavior [ RunTime:0.022001s ]
INFO: [ view_parse ] --END-- [ RunTime:0.023001s ]
INFO: [ view_filter ] --START--
INFO: Run Behavior\WriteHtmlCacheBehavior [ RunTime:0.000000s ]
INFO: [ view_filter ] --END-- [ RunTime:0.001000s ]
INFO: [ app_end ] --START--
INFO: Run Behavior\ShowPageTraceBehavior [ RunTime:0.001000s ]
INFO: [ app_end ] --END-- [ RunTime:0.001000s ]

[ 2016-09-13T18:30:34+08:00 ] 127.0.0.1 /Find/
INFO: [ app_init ] --START--
INFO: Run Behavior\BuildLiteBehavior [ RunTime:0.000000s ]
INFO: [ app_init ] --END-- [ RunTime:0.001000s ]
INFO: [ app_begin ] --START--
INFO: Run Behavior\ReadHtmlCacheBehavior [ RunTime:0.001000s ]
INFO: [ app_begin ] --END-- [ RunTime:0.001000s ]
NOTIC: [8] Undefined variable: dataArr D:\host\a\Find\Application\Home\Model\PlateModel.class.php 第 19 行.
INFO: [ view_parse ] --START--
INFO: [ template_filter ] --START--
INFO: Run Behavior\ContentReplaceBehavior [ RunTime:0.000000s ]
INFO: [ template_filter ] --END-- [ RunTime:0.000000s ]
NOTIC: [8] Undefined variable: user D:\host\a\Find\Application\Runtime\Cache\Home\88cabc94a330a90c907681dda4214225.php 第 38 行.
INFO: Run Behavior\ParseTemplateBehavior [ RunTime:0.022001s ]
INFO: [ view_parse ] --END-- [ RunTime:0.022001s ]
INFO: [ view_filter ] --START--
INFO: Run Behavior\WriteHtmlCacheBehavior [ RunTime:0.000000s ]
INFO: [ view_filter ] --END-- [ RunTime:0.000000s ]
INFO: [ app_end ] --START--
INFO: Run Behavior\ShowPageTraceBehavior [ RunTime:0.000000s ]
INFO: [ app_end ] --END-- [ RunTime:0.001000s ]

[ 2016-09-13T18:30:34+08:00 ] 127.0.0.1 /Find/
INFO: [ app_init ] --START--
INFO: Run Behavior\BuildLiteBehavior [ RunTime:0.000000s ]
INFO: [ app_init ] --END-- [ RunTime:0.000000s ]
INFO: [ app_begin ] --START--
INFO: Run Behavior\ReadHtmlCacheBehavior [ RunTime:0.003000s ]
INFO: [ app_begin ] --END-- [ RunTime:0.003000s ]
NOTIC: [8] Undefined variable: dataArr D:\host\a\Find\Application\Home\Model\PlateModel.class.php 第 19 行.
INFO: [ view_parse ] --START--
INFO: [ template_filter ] --START--
INFO: Run Behavior\ContentReplaceBehavior [ RunTime:0.000000s ]
INFO: [ template_filter ] --END-- [ RunTime:0.000000s ]
NOTIC: [8] Undefined variable: user D:\host\a\Find\Application\Runtime\Cache\Home\88cabc94a330a90c907681dda4214225.php 第 38 行.
INFO: Run Behavior\ParseTemplateBehavior [ RunTime:0.022002s ]
INFO: [ view_parse ] --END-- [ RunTime:0.024002s ]
INFO: [ view_filter ] --START--
INFO: Run Behavior\WriteHtmlCacheBehavior [ RunTime:0.000000s ]
INFO: [ view_filter ] --END-- [ RunTime:0.000000s ]
INFO: [ app_end ] --START--
INFO: Run Behavior\ShowPageTraceBehavior [ RunTime:0.001000s ]
INFO: [ app_end ] --END-- [ RunTime:0.001000s ]

[ 2016-09-13T18:30:34+08:00 ] 127.0.0.1 /Find/
INFO: [ app_init ] --START--
INFO: Run Behavior\BuildLiteBehavior [ RunTime:0.000000s ]
INFO: [ app_init ] --END-- [ RunTime:0.001000s ]
INFO: [ app_begin ] --START--
INFO: Run Behavior\ReadHtmlCacheBehavior [ RunTime:0.001000s ]
INFO: [ app_begin ] --END-- [ RunTime:0.001000s ]
NOTIC: [8] Undefined variable: dataArr D:\host\a\Find\Application\Home\Model\PlateModel.class.php 第 19 行.
INFO: [ view_parse ] --START--
INFO: [ template_filter ] --START--
INFO: Run Behavior\ContentReplaceBehavior [ RunTime:0.000000s ]
INFO: [ template_filter ] --END-- [ RunTime:0.000000s ]
NOTIC: [8] Undefined variable: user D:\host\a\Find\Application\Runtime\Cache\Home\88cabc94a330a90c907681dda4214225.php 第 38 行.
INFO: Run Behavior\ParseTemplateBehavior [ RunTime:0.023001s ]
INFO: [ view_parse ] --END-- [ RunTime:0.023001s ]
INFO: [ view_filter ] --START--
INFO: Run Behavior\WriteHtmlCacheBehavior [ RunTime:0.000000s ]
INFO: [ view_filter ] --END-- [ RunTime:0.000000s ]
INFO: [ app_end ] --START--
INFO: Run Behavior\ShowPageTraceBehavior [ RunTime:0.000000s ]
INFO: [ app_end ] --END-- [ RunTime:0.000000s ]

[ 2016-09-13T18:30:34+08:00 ] 127.0.0.1 /Find/
INFO: [ app_init ] --START--
INFO: Run Behavior\BuildLiteBehavior [ RunTime:0.000000s ]
INFO: [ app_init ] --END-- [ RunTime:0.001000s ]
INFO: [ app_begin ] --START--
INFO: Run Behavior\ReadHtmlCacheBehavior [ RunTime:0.002000s ]
INFO: [ app_begin ] --END-- [ RunTime:0.002000s ]
NOTIC: [8] Undefined variable: dataArr D:\host\a\Find\Application\Home\Model\PlateModel.class.php 第 19 行.
INFO: [ view_parse ] --START--
INFO: [ template_filter ] --START--
INFO: Run Behavior\ContentReplaceBehavior [ RunTime:0.000000s ]
INFO: [ template_filter ] --END-- [ RunTime:0.000000s ]
NOTIC: [8] Undefined variable: user D:\host\a\Find\Application\Runtime\Cache\Home\88cabc94a330a90c907681dda4214225.php 第 38 行.
INFO: Run Behavior\ParseTemplateBehavior [ RunTime:0.024002s ]
INFO: [ view_parse ] --END-- [ RunTime:0.024002s ]
INFO: [ view_filter ] --START--
INFO: Run Behavior\WriteHtmlCacheBehavior [ RunTime:0.001000s ]
INFO: [ view_filter ] --END-- [ RunTime:0.001000s ]
INFO: [ app_end ] --START--
INFO: Run Behavior\ShowPageTraceBehavior [ RunTime:0.001000s ]
INFO: [ app_end ] --END-- [ RunTime:0.001000s ]

[ 2016-09-13T18:30:35+08:00 ] 127.0.0.1 /Find/
INFO: [ app_init ] --START--
INFO: Run Behavior\BuildLiteBehavior [ RunTime:0.000000s ]
INFO: [ app_init ] --END-- [ RunTime:0.000000s ]
INFO: [ app_begin ] --START--
INFO: Run Behavior\ReadHtmlCacheBehavior [ RunTime:0.001000s ]
INFO: [ app_begin ] --END-- [ RunTime:0.001000s ]
NOTIC: [8] Undefined variable: dataArr D:\host\a\Find\Application\Home\Model\PlateModel.class.php 第 19 行.
INFO: [ view_parse ] --START--
INFO: [ template_filter ] --START--
INFO: Run Behavior\ContentReplaceBehavior [ RunTime:0.000000s ]
INFO: [ template_filter ] --END-- [ RunTime:0.000000s ]
NOTIC: [8] Undefined variable: user D:\host\a\Find\Application\Runtime\Cache\Home\88cabc94a330a90c907681dda4214225.php 第 38 行.
INFO: Run Behavior\ParseTemplateBehavior [ RunTime:0.020001s ]
INFO: [ view_parse ] --END-- [ RunTime:0.020001s ]
INFO: [ view_filter ] --START--
INFO: Run Behavior\WriteHtmlCacheBehavior [ RunTime:0.000000s ]
INFO: [ view_filter ] --END-- [ RunTime:0.000000s ]
INFO: [ app_end ] --START--
INFO: Run Behavior\ShowPageTraceBehavior [ RunTime:0.000000s ]
INFO: [ app_end ] --END-- [ RunTime:0.000000s ]

[ 2016-09-13T18:30:35+08:00 ] 127.0.0.1 /Find/index.php?m=Home&c=index&a=index
INFO: [ app_init ] --START--
INFO: Run Behavior\BuildLiteBehavior [ RunTime:0.000000s ]
INFO: [ app_init ] --END-- [ RunTime:0.001001s ]
INFO: [ app_begin ] --START--
INFO: Run Behavior\ReadHtmlCacheBehavior [ RunTime:0.001000s ]
INFO: [ app_begin ] --END-- [ RunTime:0.001000s ]
NOTIC: [8] Undefined variable: dataArr D:\host\a\Find\Application\Home\Model\PlateModel.class.php 第 19 行.
INFO: [ view_parse ] --START--
INFO: [ template_filter ] --START--
INFO: Run Behavior\ContentReplaceBehavior [ RunTime:0.000000s ]
INFO: [ template_filter ] --END-- [ RunTime:0.000000s ]
NOTIC: [8] Undefined variable: user D:\host\a\Find\Application\Runtime\Cache\Home\88cabc94a330a90c907681dda4214225.php 第 38 行.
INFO: Run Behavior\ParseTemplateBehavior [ RunTime:0.021001s ]
INFO: [ view_parse ] --END-- [ RunTime:0.021001s ]
INFO: [ view_filter ] --START--
INFO: Run Behavior\WriteHtmlCacheBehavior [ RunTime:0.000000s ]
INFO: [ view_filter ] --END-- [ RunTime:0.000000s ]
INFO: [ app_end ] --START--
INFO: Run Behavior\ShowPageTraceBehavior [ RunTime:0.000000s ]
INFO: [ app_end ] --END-- [ RunTime:0.000000s ]

[ 2016-09-13T18:30:36+08:00 ] 127.0.0.1 /Find/index.php?m=Home&c=Article&a=post
INFO: [ app_init ] --START--
INFO: Run Behavior\BuildLiteBehavior [ RunTime:0.000000s ]
INFO: [ app_init ] --END-- [ RunTime:0.001000s ]
INFO: [ app_begin ] --START--
INFO: Run Behavior\ReadHtmlCacheBehavior [ RunTime:0.000000s ]
INFO: [ app_begin ] --END-- [ RunTime:0.001000s ]
NOTIC: [2048] Declaration of Home\Controller\ArticleController::show() should be compatible with Think\Controller::show($content, $charset = '', $contentType = '', $prefix = '') D:\host\a\Find\Application\Home\Controller\ArticleController.class.php 第 4 行.
NOTIC: [8] Undefined index: text D:\host\a\Find\Application\Home\Controller\ArticleController.class.php 第 52 行.
NOTIC: [8] Undefined index: id D:\host\a\Find\Application\Home\Controller\ArticleController.class.php 第 60 行.
INFO: [ view_parse ] --START--
INFO: [ template_filter ] --START--
INFO: Run Behavior\ContentReplaceBehavior [ RunTime:0.000000s ]
INFO: [ template_filter ] --END-- [ RunTime:0.000000s ]
NOTIC: [8] Undefined variable: user D:\host\a\Find\Application\Runtime\Cache\Home\aee0150121f89938ba123f4119dd472e.php 第 39 行.
INFO: Run Behavior\ParseTemplateBehavior [ RunTime:0.025001s ]
INFO: [ view_parse ] --END-- [ RunTime:0.025001s ]
INFO: [ view_filter ] --START--
INFO: Run Behavior\WriteHtmlCacheBehavior [ RunTime:0.001000s ]
INFO: [ view_filter ] --END-- [ RunTime:0.001000s ]
INFO: [ app_end ] --START--
INFO: Run Behavior\ShowPageTraceBehavior [ RunTime:0.001000s ]
INFO: [ app_end ] --END-- [ RunTime:0.001000s ]

[ 2016-09-13T18:30:37+08:00 ] 127.0.0.1 /Find/index.php?m=Home&c=index&a=index
INFO: [ app_init ] --START--
INFO: Run Behavior\BuildLiteBehavior [ RunTime:0.000000s ]
INFO: [ app_init ] --END-- [ RunTime:0.000000s ]
INFO: [ app_begin ] --START--
INFO: Run Behavior\ReadHtmlCacheBehavior [ RunTime:0.000000s ]
INFO: [ app_begin ] --END-- [ RunTime:0.001000s ]
NOTIC: [8] Undefined variable: dataArr D:\host\a\Find\Application\Home\Model\PlateModel.class.php 第 19 行.
INFO: [ view_parse ] --START--
INFO: [ template_filter ] --START--
INFO: Run Behavior\ContentReplaceBehavior [ RunTime:0.000000s ]
INFO: [ template_filter ] --END-- [ RunTime:0.000000s ]
NOTIC: [8] Undefined variable: user D:\host\a\Find\Application\Runtime\Cache\Home\88cabc94a330a90c907681dda4214225.php 第 38 行.
INFO: Run Behavior\ParseTemplateBehavior [ RunTime:0.020002s ]
INFO: [ view_parse ] --END-- [ RunTime:0.020002s ]
INFO: [ view_filter ] --START--
INFO: Run Behavior\WriteHtmlCacheBehavior [ RunTime:0.001000s ]
INFO: [ view_filter ] --END-- [ RunTime:0.001000s ]
INFO: [ app_end ] --START--
INFO: Run Behavior\ShowPageTraceBehavior [ RunTime:0.001000s ]
INFO: [ app_end ] --END-- [ RunTime:0.001000s ]

[ 2016-09-13T18:30:37+08:00 ] 127.0.0.1 /Find/index.php?m=Home&c=Article&a=post
INFO: [ app_init ] --START--
INFO: Run Behavior\BuildLiteBehavior [ RunTime:0.000000s ]
INFO: [ app_init ] --END-- [ RunTime:0.001000s ]
INFO: [ app_begin ] --START--
INFO: Run Behavior\ReadHtmlCacheBehavior [ RunTime:0.001000s ]
INFO: [ app_begin ] --END-- [ RunTime:0.001000s ]
NOTIC: [2048] Declaration of Home\Controller\ArticleController::show() should be compatible with Think\Controller::show($content, $charset = '', $contentType = '', $prefix = '') D:\host\a\Find\Application\Home\Controller\ArticleController.class.php 第 4 行.
NOTIC: [8] Undefined index: text D:\host\a\Find\Application\Home\Controller\ArticleController.class.php 第 52 行.
NOTIC: [8] Undefined index: id D:\host\a\Find\Application\Home\Controller\ArticleController.class.php 第 60 行.
INFO: [ view_parse ] --START--
INFO: [ template_filter ] --START--
INFO: Run Behavior\ContentReplaceBehavior [ RunTime:0.000000s ]
INFO: [ template_filter ] --END-- [ RunTime:0.000000s ]
NOTIC: [8] Undefined variable: user D:\host\a\Find\Application\Runtime\Cache\Home\aee0150121f89938ba123f4119dd472e.php 第 39 行.
INFO: Run Behavior\ParseTemplateBehavior [ RunTime:0.013001s ]
INFO: [ view_parse ] --END-- [ RunTime:0.013001s ]
INFO: [ view_filter ] --START--
INFO: Run Behavior\WriteHtmlCacheBehavior [ RunTime:0.001000s ]
INFO: [ view_filter ] --END-- [ RunTime:0.001000s ]
INFO: [ app_end ] --START--
INFO: Run Behavior\ShowPageTraceBehavior [ RunTime:0.000000s ]
INFO: [ app_end ] --END-- [ RunTime:0.001000s ]

[ 2016-09-13T18:30:47+08:00 ] 127.0.0.1 /Find/index.php?m=Home&c=Article&a=post
INFO: [ app_init ] --START--
INFO: Run Behavior\BuildLiteBehavior [ RunTime:0.000000s ]
INFO: [ app_init ] --END-- [ RunTime:0.000000s ]
INFO: [ app_begin ] --START--
INFO: Run Behavior\ReadHtmlCacheBehavior [ RunTime:0.000000s ]
INFO: [ app_begin ] --END-- [ RunTime:0.000000s ]
NOTIC: [2048] Declaration of Home\Controller\ArticleController::show() should be compatible with Think\Controller::show($content, $charset = '', $contentType = '', $prefix = '') D:\host\a\Find\Application\Home\Controller\ArticleController.class.php 第 4 行.
NOTIC: [8] Undefined index: text D:\host\a\Find\Application\Home\Controller\ArticleController.class.php 第 52 行.
NOTIC: [8] Undefined index: id D:\host\a\Find\Application\Home\Controller\ArticleController.class.php 第 60 行.
INFO: [ view_parse ] --START--
INFO: [ template_filter ] --START--
INFO: Run Behavior\ContentReplaceBehavior [ RunTime:0.000000s ]
INFO: [ template_filter ] --END-- [ RunTime:0.000000s ]
NOTIC: [8] Undefined variable: user D:\host\a\Find\Application\Runtime\Cache\Home\aee0150121f89938ba123f4119dd472e.php 第 39 行.
INFO: Run Behavior\ParseTemplateBehavior [ RunTime:0.014001s ]
INFO: [ view_parse ] --END-- [ RunTime:0.014001s ]
INFO: [ view_filter ] --START--
INFO: Run Behavior\WriteHtmlCacheBehavior [ RunTime:0.000000s ]
INFO: [ view_filter ] --END-- [ RunTime:0.000000s ]
INFO: [ app_end ] --START--
INFO: Run Behavior\ShowPageTraceBehavior [ RunTime:0.001000s ]
INFO: [ app_end ] --END-- [ RunTime:0.001000s ]

[ 2016-09-13T18:35:31+08:00 ] 127.0.0.1 /Find/index.php?m=Home&c=Article&a=post
INFO: [ app_init ] --START--
INFO: Run Behavior\BuildLiteBehavior [ RunTime:0.000000s ]
INFO: [ app_init ] --END-- [ RunTime:0.001000s ]
INFO: [ app_begin ] --START--
INFO: Run Behavior\ReadHtmlCacheBehavior [ RunTime:0.000000s ]
INFO: [ app_begin ] --END-- [ RunTime:0.001000s ]
NOTIC: [2048] Declaration of Home\Controller\ArticleController::show() should be compatible with Think\Controller::show($content, $charset = '', $contentType = '', $prefix = '') D:\host\a\Find\Application\Home\Controller\ArticleController.class.php 第 4 行.
NOTIC: [8] Undefined index: text D:\host\a\Find\Application\Home\Controller\ArticleController.class.php 第 52 行.
NOTIC: [8] Undefined index: id D:\host\a\Find\Application\Home\Controller\ArticleController.class.php 第 60 行.
INFO: [ view_parse ] --START--
INFO: [ template_filter ] --START--
INFO: Run Behavior\ContentReplaceBehavior [ RunTime:0.000000s ]
INFO: [ template_filter ] --END-- [ RunTime:0.000000s ]
NOTIC: [8] Undefined variable: user D:\host\a\Find\Application\Runtime\Cache\Home\aee0150121f89938ba123f4119dd472e.php 第 39 行.
INFO: Run Behavior\ParseTemplateBehavior [ RunTime:0.014001s ]
INFO: [ view_parse ] --END-- [ RunTime:0.014001s ]
INFO: [ view_filter ] --START--
INFO: Run Behavior\WriteHtmlCacheBehavior [ RunTime:0.000000s ]
INFO: [ view_filter ] --END-- [ RunTime:0.000000s ]
INFO: [ app_end ] --START--
INFO: Run Behavior\ShowPageTraceBehavior [ RunTime:0.001000s ]
INFO: [ app_end ] --END-- [ RunTime:0.001000s ]

[ 2016-09-13T18:35:32+08:00 ] 127.0.0.1 /Find/index.php?m=Home&c=Article&a=post
INFO: [ app_init ] --START--
INFO: Run Behavior\BuildLiteBehavior [ RunTime:0.000000s ]
INFO: [ app_init ] --END-- [ RunTime:0.001000s ]
INFO: [ app_begin ] --START--
INFO: Run Behavior\ReadHtmlCacheBehavior [ RunTime:0.000000s ]
INFO: [ app_begin ] --END-- [ RunTime:0.000000s ]
NOTIC: [2048] Declaration of Home\Controller\ArticleController::show() should be compatible with Think\Controller::show($content, $charset = '', $contentType = '', $prefix = '') D:\host\a\Find\Application\Home\Controller\ArticleController.class.php 第 4 行.
NOTIC: [8] Undefined index: text D:\host\a\Find\Application\Home\Controller\ArticleController.class.php 第 52 行.
NOTIC: [8] Undefined index: id D:\host\a\Find\Application\Home\Controller\ArticleController.class.php 第 60 行.
INFO: [ view_parse ] --START--
INFO: [ template_filter ] --START--
INFO: Run Behavior\ContentReplaceBehavior [ RunTime:0.000000s ]
INFO: [ template_filter ] --END-- [ RunTime:0.000000s ]
NOTIC: [8] Undefined variable: user D:\host\a\Find\Application\Runtime\Cache\Home\aee0150121f89938ba123f4119dd472e.php 第 39 行.
INFO: Run Behavior\ParseTemplateBehavior [ RunTime:0.012001s ]
INFO: [ view_parse ] --END-- [ RunTime:0.013001s ]
INFO: [ view_filter ] --START--
INFO: Run Behavior\WriteHtmlCacheBehavior [ RunTime:0.001000s ]
INFO: [ view_filter ] --END-- [ RunTime:0.001000s ]
INFO: [ app_end ] --START--
INFO: Run Behavior\ShowPageTraceBehavior [ RunTime:0.000000s ]
INFO: [ app_end ] --END-- [ RunTime:0.000000s ]

[ 2016-09-13T18:35:32+08:00 ] 127.0.0.1 /Find/index.php?m=Home&c=index&a=index
INFO: [ app_init ] --START--
INFO: Run Behavior\BuildLiteBehavior [ RunTime:0.000000s ]
INFO: [ app_init ] --END-- [ RunTime:0.001000s ]
INFO: [ app_begin ] --START--
INFO: Run Behavior\ReadHtmlCacheBehavior [ RunTime:0.001000s ]
INFO: [ app_begin ] --END-- [ RunTime:0.002000s ]
NOTIC: [8] Undefined variable: dataArr D:\host\a\Find\Application\Home\Model\PlateModel.class.php 第 19 行.
INFO: [ view_parse ] --START--
INFO: [ template_filter ] --START--
INFO: Run Behavior\ContentReplaceBehavior [ RunTime:0.000000s ]
INFO: [ template_filter ] --END-- [ RunTime:0.001000s ]
NOTIC: [8] Undefined variable: user D:\host\a\Find\Application\Runtime\Cache\Home\88cabc94a330a90c907681dda4214225.php 第 38 行.
INFO: Run Behavior\ParseTemplateBehavior [ RunTime:0.026001s ]
INFO: [ view_parse ] --END-- [ RunTime:0.026001s ]
INFO: [ view_filter ] --START--
INFO: Run Behavior\WriteHtmlCacheBehavior [ RunTime:0.001000s ]
INFO: [ view_filter ] --END-- [ RunTime:0.001000s ]
INFO: [ app_end ] --START--
INFO: Run Behavior\ShowPageTraceBehavior [ RunTime:0.000000s ]
INFO: [ app_end ] --END-- [ RunTime:0.001000s ]

[ 2016-09-13T18:35:33+08:00 ] 127.0.0.1 /Find/index.php?m=Home&c=index&a=index
INFO: [ app_init ] --START--
INFO: Run Behavior\BuildLiteBehavior [ RunTime:0.000000s ]
INFO: [ app_init ] --END-- [ RunTime:0.000000s ]
INFO: [ app_begin ] --START--
INFO: Run Behavior\ReadHtmlCacheBehavior [ RunTime:0.001000s ]
INFO: [ app_begin ] --END-- [ RunTime:0.001000s ]
NOTIC: [8] Undefined variable: dataArr D:\host\a\Find\Application\Home\Model\PlateModel.class.php 第 19 行.
INFO: [ view_parse ] --START--
INFO: [ template_filter ] --START--
INFO: Run Behavior\ContentReplaceBehavior [ RunTime:0.000000s ]
INFO: [ template_filter ] --END-- [ RunTime:0.001000s ]
NOTIC: [8] Undefined variable: user D:\host\a\Find\Application\Runtime\Cache\Home\88cabc94a330a90c907681dda4214225.php 第 38 行.
INFO: Run Behavior\ParseTemplateBehavior [ RunTime:0.020002s ]
INFO: [ view_parse ] --END-- [ RunTime:0.021002s ]
INFO: [ view_filter ] --START--
INFO: Run Behavior\WriteHtmlCacheBehavior [ RunTime:0.000000s ]
INFO: [ view_filter ] --END-- [ RunTime:0.000000s ]
INFO: [ app_end ] --START--
INFO: Run Behavior\ShowPageTraceBehavior [ RunTime:0.001000s ]
INFO: [ app_end ] --END-- [ RunTime:0.001000s ]

[ 2016-09-13T18:35:33+08:00 ] 127.0.0.1 /Find/index.php?m=Home&c=index&a=index
INFO: [ app_init ] --START--
INFO: Run Behavior\BuildLiteBehavior [ RunTime:0.000000s ]
INFO: [ app_init ] --END-- [ RunTime:0.000000s ]
INFO: [ app_begin ] --START--
INFO: Run Behavior\ReadHtmlCacheBehavior [ RunTime:0.000000s ]
INFO: [ app_begin ] --END-- [ RunTime:0.001000s ]
NOTIC: [8] Undefined variable: dataArr D:\host\a\Find\Application\Home\Model\PlateModel.class.php 第 19 行.
INFO: [ view_parse ] --START--
INFO: [ template_filter ] --START--
INFO: Run Behavior\ContentReplaceBehavior [ RunTime:0.000000s ]
INFO: [ template_filter ] --END-- [ RunTime:0.000000s ]
NOTIC: [8] Undefined variable: user D:\host\a\Find\Application\Runtime\Cache\Home\88cabc94a330a90c907681dda4214225.php 第 38 行.
INFO: Run Behavior\ParseTemplateBehavior [ RunTime:0.022001s ]
INFO: [ view_parse ] --END-- [ RunTime:0.023001s ]
INFO: [ view_filter ] --START--
INFO: Run Behavior\WriteHtmlCacheBehavior [ RunTime:0.001001s ]
INFO: [ view_filter ] --END-- [ RunTime:0.001001s ]
INFO: [ app_end ] --START--
INFO: Run Behavior\ShowPageTraceBehavior [ RunTime:0.000000s ]
INFO: [ app_end ] --END-- [ RunTime:0.001000s ]

[ 2016-09-13T18:35:33+08:00 ] 127.0.0.1 /Find/index.php?m=Home&c=index&a=index
INFO: [ app_init ] --START--
INFO: Run Behavior\BuildLiteBehavior [ RunTime:0.000000s ]
INFO: [ app_init ] --END-- [ RunTime:0.001000s ]
INFO: [ app_begin ] --START--
INFO: Run Behavior\ReadHtmlCacheBehavior [ RunTime:0.001000s ]
INFO: [ app_begin ] --END-- [ RunTime:0.001000s ]
NOTIC: [8] Undefined variable: dataArr D:\host\a\Find\Application\Home\Model\PlateModel.class.php 第 19 行.
INFO: [ view_parse ] --START--
INFO: [ template_filter ] --START--
INFO: Run Behavior\ContentReplaceBehavior [ RunTime:0.001000s ]
INFO: [ template_filter ] --END-- [ RunTime:0.001000s ]
NOTIC: [8] Undefined variable: user D:\host\a\Find\Application\Runtime\Cache\Home\88cabc94a330a90c907681dda4214225.php 第 38 行.
INFO: Run Behavior\ParseTemplateBehavior [ RunTime:0.020001s ]
INFO: [ view_parse ] --END-- [ RunTime:0.020001s ]
INFO: [ view_filter ] --START--
INFO: Run Behavior\WriteHtmlCacheBehavior [ RunTime:0.001000s ]
INFO: [ view_filter ] --END-- [ RunTime:0.001000s ]
INFO: [ app_end ] --START--
INFO: Run Behavior\ShowPageTraceBehavior [ RunTime:0.001000s ]
INFO: [ app_end ] --END-- [ RunTime:0.001000s ]

[ 2016-09-13T18:35:34+08:00 ] 127.0.0.1 /Find/index.php?m=Home&c=index&a=index
INFO: [ app_init ] --START--
INFO: Run Behavior\BuildLiteBehavior [ RunTime:0.000000s ]
INFO: [ app_init ] --END-- [ RunTime:0.001000s ]
INFO: [ app_begin ] --START--
INFO: Run Behavior\ReadHtmlCacheBehavior [ RunTime:0.000000s ]
INFO: [ app_begin ] --END-- [ RunTime:0.001000s ]
NOTIC: [8] Undefined variable: dataArr D:\host\a\Find\Application\Home\Model\PlateModel.class.php 第 19 行.
INFO: [ view_parse ] --START--
INFO: [ template_filter ] --START--
INFO: Run Behavior\ContentReplaceBehavior [ RunTime:0.000000s ]
INFO: [ template_filter ] --END-- [ RunTime:0.000000s ]
NOTIC: [8] Undefined variable: user D:\host\a\Find\Application\Runtime\Cache\Home\88cabc94a330a90c907681dda4214225.php 第 38 行.
INFO: Run Behavior\ParseTemplateBehavior [ RunTime:0.023002s ]
INFO: [ view_parse ] --END-- [ RunTime:0.024002s ]
INFO: [ view_filter ] --START--
INFO: Run Behavior\WriteHtmlCacheBehavior [ RunTime:0.000000s ]
INFO: [ view_filter ] --END-- [ RunTime:0.000000s ]
INFO: [ app_end ] --START--
INFO: Run Behavior\ShowPageTraceBehavior [ RunTime:0.000000s ]
INFO: [ app_end ] --END-- [ RunTime:0.001000s ]

[ 2016-09-13T18:35:34+08:00 ] 127.0.0.1 /Find/index.php?m=Home&c=index&a=index
INFO: [ app_init ] --START--
INFO: Run Behavior\BuildLiteBehavior [ RunTime:0.000000s ]
INFO: [ app_init ] --END-- [ RunTime:0.000000s ]
INFO: [ app_begin ] --START--
INFO: Run Behavior\ReadHtmlCacheBehavior [ RunTime:0.000000s ]
INFO: [ app_begin ] --END-- [ RunTime:0.000000s ]
NOTIC: [8] Undefined variable: dataArr D:\host\a\Find\Application\Home\Model\PlateModel.class.php 第 19 行.
INFO: [ view_parse ] --START--
INFO: [ template_filter ] --START--
INFO: Run Behavior\ContentReplaceBehavior [ RunTime:0.000000s ]
INFO: [ template_filter ] --END-- [ RunTime:0.000000s ]
NOTIC: [8] Undefined variable: user D:\host\a\Find\Application\Runtime\Cache\Home\88cabc94a330a90c907681dda4214225.php 第 38 行.
INFO: Run Behavior\ParseTemplateBehavior [ RunTime:0.026001s ]
INFO: [ view_parse ] --END-- [ RunTime:0.026001s ]
INFO: [ view_filter ] --START--
INFO: Run Behavior\WriteHtmlCacheBehavior [ RunTime:0.001000s ]
INFO: [ view_filter ] --END-- [ RunTime:0.001000s ]
INFO: [ app_end ] --START--
INFO: Run Behavior\ShowPageTraceBehavior [ RunTime:0.000000s ]
INFO: [ app_end ] --END-- [ RunTime:0.000000s ]

[ 2016-09-13T18:35:34+08:00 ] 127.0.0.1 /Find/index.php?m=Home&c=index&a=index
INFO: [ app_init ] --START--
INFO: Run Behavior\BuildLiteBehavior [ RunTime:0.000000s ]
INFO: [ app_init ] --END-- [ RunTime:0.001000s ]
INFO: [ app_begin ] --START--
INFO: Run Behavior\ReadHtmlCacheBehavior [ RunTime:0.001000s ]
INFO: [ app_begin ] --END-- [ RunTime:0.001000s ]
NOTIC: [8] Undefined variable: dataArr D:\host\a\Find\Application\Home\Model\PlateModel.class.php 第 19 行.
INFO: [ view_parse ] --START--
INFO: [ template_filter ] --START--
INFO: Run Behavior\ContentReplaceBehavior [ RunTime:0.000000s ]
INFO: [ template_filter ] --END-- [ RunTime:0.000000s ]
NOTIC: [8] Undefined variable: user D:\host\a\Find\Application\Runtime\Cache\Home\88cabc94a330a90c907681dda4214225.php 第 38 行.
INFO: Run Behavior\ParseTemplateBehavior [ RunTime:0.020001s ]
INFO: [ view_parse ] --END-- [ RunTime:0.020001s ]
INFO: [ view_filter ] --START--
INFO: Run Behavior\WriteHtmlCacheBehavior [ RunTime:0.000000s ]
INFO: [ view_filter ] --END-- [ RunTime:0.001000s ]
INFO: [ app_end ] --START--
INFO: Run Behavior\ShowPageTraceBehavior [ RunTime:0.000000s ]
INFO: [ app_end ] --END-- [ RunTime:0.000000s ]

[ 2016-09-13T18:35:34+08:00 ] 127.0.0.1 /Find/index.php?m=Home&c=index&a=index
INFO: [ app_init ] --START--
INFO: Run Behavior\BuildLiteBehavior [ RunTime:0.000000s ]
INFO: [ app_init ] --END-- [ RunTime:0.001000s ]
INFO: [ app_begin ] --START--
INFO: Run Behavior\ReadHtmlCacheBehavior [ RunTime:0.001000s ]
INFO: [ app_begin ] --END-- [ RunTime:0.001000s ]
NOTIC: [8] Undefined variable: dataArr D:\host\a\Find\Application\Home\Model\PlateModel.class.php 第 19 行.
INFO: [ view_parse ] --START--
INFO: [ template_filter ] --START--
INFO: Run Behavior\ContentReplaceBehavior [ RunTime:0.000000s ]
INFO: [ template_filter ] --END-- [ RunTime:0.000000s ]
NOTIC: [8] Undefined variable: user D:\host\a\Find\Application\Runtime\Cache\Home\88cabc94a330a90c907681dda4214225.php 第 38 行.
INFO: Run Behavior\ParseTemplateBehavior [ RunTime:0.020001s ]
INFO: [ view_parse ] --END-- [ RunTime:0.020001s ]
INFO: [ view_filter ] --START--
INFO: Run Behavior\WriteHtmlCacheBehavior [ RunTime:0.000000s ]
INFO: [ view_filter ] --END-- [ RunTime:0.001000s ]
INFO: [ app_end ] --START--
INFO: Run Behavior\ShowPageTraceBehavior [ RunTime:0.001000s ]
INFO: [ app_end ] --END-- [ RunTime:0.001000s ]

[ 2016-09-13T18:36:36+08:00 ] 127.0.0.1 /Find/index.php?m=Home&c=index&a=index
INFO: [ app_init ] --START--
INFO: Run Behavior\BuildLiteBehavior [ RunTime:0.000000s ]
INFO: [ app_init ] --END-- [ RunTime:0.000000s ]
INFO: [ app_begin ] --START--
INFO: Run Behavior\ReadHtmlCacheBehavior [ RunTime:0.000000s ]
INFO: [ app_begin ] --END-- [ RunTime:0.000000s ]
NOTIC: [8] Undefined offset: 0 D:\host\a\Find\ThinkPHP\Library\Think\Db\Driver.class.php 第 113 行.
NOTIC: [8] Undefined offset: 0 D:\host\a\Find\ThinkPHP\Library\Think\Db\Driver.class.php 第 113 行.
NOTIC: [8] Undefined offset: 0 D:\host\a\Find\ThinkPHP\Library\Think\Db\Driver.class.php 第 113 行.
NOTIC: [8] Undefined offset: 0 D:\host\a\Find\ThinkPHP\Library\Think\Db\Driver.class.php 第 113 行.
NOTIC: [8] Undefined offset: 0 D:\host\a\Find\ThinkPHP\Library\Think\Db\Driver.class.php 第 113 行.
NOTIC: [8] Undefined offset: 0 D:\host\a\Find\ThinkPHP\Library\Think\Db\Driver.class.php 第 113 行.
NOTIC: [2] Invalid argument supplied for foreach() D:\host\a\Find\Application\Home\Model\PlateModel.class.php 第 7 行.
NOTIC: [8] Undefined variable: dataArr D:\host\a\Find\Application\Home\Model\PlateModel.class.php 第 19 行.
NOTIC: [8] Undefined offset: 0 D:\host\a\Find\ThinkPHP\Library\Think\Db\Driver.class.php 第 113 行.
NOTIC: [8] Undefined offset: 0 D:\host\a\Find\ThinkPHP\Library\Think\Db\Driver.class.php 第 113 行.
NOTIC: [8] Undefined offset: 0 D:\host\a\Find\ThinkPHP\Library\Think\Db\Driver.class.php 第 113 行.
NOTIC: [8] Undefined offset: 0 D:\host\a\Find\ThinkPHP\Library\Think\Db\Driver.class.php 第 113 行.
NOTIC: [8] Undefined offset: 0 D:\host\a\Find\ThinkPHP\Library\Think\Db\Driver.class.php 第 113 行.
NOTIC: [8] Undefined offset: 0 D:\host\a\Find\ThinkPHP\Library\Think\Db\Driver.class.php 第 113 行.
INFO: [ view_parse ] --START--
INFO: [ template_filter ] --START--
INFO: Run Behavior\ContentReplaceBehavior [ RunTime:0.000000s ]
INFO: [ template_filter ] --END-- [ RunTime:0.000000s ]
NOTIC: [8] Undefined variable: user D:\host\a\Find\Application\Runtime\Cache\Home\88cabc94a330a90c907681dda4214225.php 第 38 行.
INFO: Run Behavior\ParseTemplateBehavior [ RunTime:0.024001s ]
INFO: [ view_parse ] --END-- [ RunTime:0.024001s ]
INFO: [ view_filter ] --START--
INFO: Run Behavior\WriteHtmlCacheBehavior [ RunTime:0.000000s ]
INFO: [ view_filter ] --END-- [ RunTime:0.000000s ]
INFO: [ app_end ] --START--
INFO: Run Behavior\ShowPageTraceBehavior [ RunTime:0.000000s ]
INFO: [ app_end ] --END-- [ RunTime:0.000000s ]

[ 2016-09-13T18:37:23+08:00 ] 127.0.0.1 /Find/
INFO: [ app_init ] --START--
INFO: Run Behavior\BuildLiteBehavior [ RunTime:0.000000s ]
INFO: [ app_init ] --END-- [ RunTime:0.002000s ]
INFO: [ app_begin ] --START--
INFO: Run Behavior\ReadHtmlCacheBehavior [ RunTime:0.001000s ]
INFO: [ app_begin ] --END-- [ RunTime:0.001000s ]
NOTIC: [8] Undefined variable: dataArr D:\host\a\Find\Application\Home\Model\PlateModel.class.php 第 19 行.
INFO: [ view_parse ] --START--
INFO: [ template_filter ] --START--
INFO: Run Behavior\ContentReplaceBehavior [ RunTime:0.000000s ]
INFO: [ template_filter ] --END-- [ RunTime:0.000000s ]
NOTIC: [8] Undefined variable: user D:\host\a\Find\Application\Runtime\Cache\Home\88cabc94a330a90c907681dda4214225.php 第 38 行.
INFO: Run Behavior\ParseTemplateBehavior [ RunTime:0.020001s ]
INFO: [ view_parse ] --END-- [ RunTime:0.020001s ]
INFO: [ view_filter ] --START--
INFO: Run Behavior\WriteHtmlCacheBehavior [ RunTime:0.000000s ]
INFO: [ view_filter ] --END-- [ RunTime:0.000000s ]
INFO: [ app_end ] --START--
INFO: Run Behavior\ShowPageTraceBehavior [ RunTime:0.000000s ]
INFO: [ app_end ] --END-- [ RunTime:0.000000s ]

[ 2016-09-13T18:37:24+08:00 ] 127.0.0.1 /Find/
INFO: [ app_init ] --START--
INFO: Run Behavior\BuildLiteBehavior [ RunTime:0.000000s ]
INFO: [ app_init ] --END-- [ RunTime:0.001000s ]
INFO: [ app_begin ] --START--
INFO: Run Behavior\ReadHtmlCacheBehavior [ RunTime:0.001000s ]
INFO: [ app_begin ] --END-- [ RunTime:0.001000s ]
NOTIC: [8] Undefined variable: dataArr D:\host\a\Find\Application\Home\Model\PlateModel.class.php 第 19 行.
INFO: [ view_parse ] --START--
INFO: [ template_filter ] --START--
INFO: Run Behavior\ContentReplaceBehavior [ RunTime:0.000000s ]
INFO: [ template_filter ] --END-- [ RunTime:0.000000s ]
NOTIC: [8] Undefined variable: user D:\host\a\Find\Application\Runtime\Cache\Home\88cabc94a330a90c907681dda4214225.php 第 38 行.
INFO: Run Behavior\ParseTemplateBehavior [ RunTime:0.019001s ]
INFO: [ view_parse ] --END-- [ RunTime:0.019001s ]
INFO: [ view_filter ] --START--
INFO: Run Behavior\WriteHtmlCacheBehavior [ RunTime:0.000000s ]
INFO: [ view_filter ] --END-- [ RunTime:0.001000s ]
INFO: [ app_end ] --START--
INFO: Run Behavior\ShowPageTraceBehavior [ RunTime:0.001000s ]
INFO: [ app_end ] --END-- [ RunTime:0.001000s ]

[ 2016-09-13T18:37:25+08:00 ] 127.0.0.1 /Find/
INFO: [ app_init ] --START--
INFO: Run Behavior\BuildLiteBehavior [ RunTime:0.001000s ]
INFO: [ app_init ] --END-- [ RunTime:0.001000s ]
INFO: [ app_begin ] --START--
INFO: Run Behavior\ReadHtmlCacheBehavior [ RunTime:0.000000s ]
INFO: [ app_begin ] --END-- [ RunTime:0.001000s ]
NOTIC: [8] Undefined variable: dataArr D:\host\a\Find\Application\Home\Model\PlateModel.class.php 第 19 行.
INFO: [ view_parse ] --START--
INFO: [ template_filter ] --START--
INFO: Run Behavior\ContentReplaceBehavior [ RunTime:0.000000s ]
INFO: [ template_filter ] --END-- [ RunTime:0.000000s ]
NOTIC: [8] Undefined variable: user D:\host\a\Find\Application\Runtime\Cache\Home\88cabc94a330a90c907681dda4214225.php 第 38 行.
INFO: Run Behavior\ParseTemplateBehavior [ RunTime:0.019001s ]
INFO: [ view_parse ] --END-- [ RunTime:0.019001s ]
INFO: [ view_filter ] --START--
INFO: Run Behavior\WriteHtmlCacheBehavior [ RunTime:0.000000s ]
INFO: [ view_filter ] --END-- [ RunTime:0.000000s ]
INFO: [ app_end ] --START--
INFO: Run Behavior\ShowPageTraceBehavior [ RunTime:0.001000s ]
INFO: [ app_end ] --END-- [ RunTime:0.001000s ]

[ 2016-09-13T18:37:26+08:00 ] 127.0.0.1 /Find/
INFO: [ app_init ] --START--
INFO: Run Behavior\BuildLiteBehavior [ RunTime:0.000000s ]
INFO: [ app_init ] --END-- [ RunTime:0.001000s ]
INFO: [ app_begin ] --START--
INFO: Run Behavior\ReadHtmlCacheBehavior [ RunTime:0.001000s ]
INFO: [ app_begin ] --END-- [ RunTime:0.001000s ]
NOTIC: [8] Undefined variable: dataArr D:\host\a\Find\Application\Home\Model\PlateModel.class.php 第 19 行.
INFO: [ view_parse ] --START--
INFO: [ template_filter ] --START--
INFO: Run Behavior\ContentReplaceBehavior [ RunTime:0.000000s ]
INFO: [ template_filter ] --END-- [ RunTime:0.000000s ]
NOTIC: [8] Undefined variable: user D:\host\a\Find\Application\Runtime\Cache\Home\88cabc94a330a90c907681dda4214225.php 第 38 行.
INFO: Run Behavior\ParseTemplateBehavior [ RunTime:0.019001s ]
INFO: [ view_parse ] --END-- [ RunTime:0.019001s ]
INFO: [ view_filter ] --START--
INFO: Run Behavior\WriteHtmlCacheBehavior [ RunTime:0.001000s ]
INFO: [ view_filter ] --END-- [ RunTime:0.001000s ]
INFO: [ app_end ] --START--
INFO: Run Behavior\ShowPageTraceBehavior [ RunTime:0.001001s ]
INFO: [ app_end ] --END-- [ RunTime:0.001001s ]

[ 2016-09-13T18:37:26+08:00 ] 127.0.0.1 /Find/
INFO: [ app_init ] --START--
INFO: Run Behavior\BuildLiteBehavior [ RunTime:0.000000s ]
INFO: [ app_init ] --END-- [ RunTime:0.001000s ]
INFO: [ app_begin ] --START--
INFO: Run Behavior\ReadHtmlCacheBehavior [ RunTime:0.001000s ]
INFO: [ app_begin ] --END-- [ RunTime:0.001000s ]
NOTIC: [8] Undefined variable: dataArr D:\host\a\Find\Application\Home\Model\PlateModel.class.php 第 19 行.
INFO: [ view_parse ] --START--
INFO: [ template_filter ] --START--
INFO: Run Behavior\ContentReplaceBehavior [ RunTime:0.000000s ]
INFO: [ template_filter ] --END-- [ RunTime:0.000000s ]
NOTIC: [8] Undefined variable: user D:\host\a\Find\Application\Runtime\Cache\Home\88cabc94a330a90c907681dda4214225.php 第 38 行.
INFO: Run Behavior\ParseTemplateBehavior [ RunTime:0.019001s ]
INFO: [ view_parse ] --END-- [ RunTime:0.020002s ]
INFO: [ view_filter ] --START--
INFO: Run Behavior\WriteHtmlCacheBehavior [ RunTime:0.001000s ]
INFO: [ view_filter ] --END-- [ RunTime:0.001000s ]
INFO: [ app_end ] --START--
INFO: Run Behavior\ShowPageTraceBehavior [ RunTime:0.001000s ]
INFO: [ app_end ] --END-- [ RunTime:0.001000s ]

[ 2016-09-13T18:37:27+08:00 ] 127.0.0.1 /Find/
INFO: [ app_init ] --START--
INFO: Run Behavior\BuildLiteBehavior [ RunTime:0.000000s ]
INFO: [ app_init ] --END-- [ RunTime:0.000000s ]
INFO: [ app_begin ] --START--
INFO: Run Behavior\ReadHtmlCacheBehavior [ RunTime:0.000000s ]
INFO: [ app_begin ] --END-- [ RunTime:0.000000s ]
NOTIC: [8] Undefined variable: dataArr D:\host\a\Find\Application\Home\Model\PlateModel.class.php 第 19 行.
INFO: [ view_parse ] --START--
INFO: [ template_filter ] --START--
INFO: Run Behavior\ContentReplaceBehavior [ RunTime:0.000000s ]
INFO: [ template_filter ] --END-- [ RunTime:0.001000s ]
NOTIC: [8] Undefined variable: user D:\host\a\Find\Application\Runtime\Cache\Home\88cabc94a330a90c907681dda4214225.php 第 38 行.
INFO: Run Behavior\ParseTemplateBehavior [ RunTime:0.020001s ]
INFO: [ view_parse ] --END-- [ RunTime:0.020001s ]
INFO: [ view_filter ] --START--
INFO: Run Behavior\WriteHtmlCacheBehavior [ RunTime:0.000000s ]
INFO: [ view_filter ] --END-- [ RunTime:0.000000s ]
INFO: [ app_end ] --START--
INFO: Run Behavior\ShowPageTraceBehavior [ RunTime:0.000000s ]
INFO: [ app_end ] --END-- [ RunTime:0.000000s ]

[ 2016-09-13T18:37:27+08:00 ] 127.0.0.1 /Find/
INFO: [ app_init ] --START--
INFO: Run Behavior\BuildLiteBehavior [ RunTime:0.000000s ]
INFO: [ app_init ] --END-- [ RunTime:0.000000s ]
INFO: [ app_begin ] --START--
INFO: Run Behavior\ReadHtmlCacheBehavior [ RunTime:0.000000s ]
INFO: [ app_begin ] --END-- [ RunTime:0.000000s ]
NOTIC: [8] Undefined variable: dataArr D:\host\a\Find\Application\Home\Model\PlateModel.class.php 第 19 行.
INFO: [ view_parse ] --START--
INFO: [ template_filter ] --START--
INFO: Run Behavior\ContentReplaceBehavior [ RunTime:0.000000s ]
INFO: [ template_filter ] --END-- [ RunTime:0.000000s ]
NOTIC: [8] Undefined variable: user D:\host\a\Find\Application\Runtime\Cache\Home\88cabc94a330a90c907681dda4214225.php 第 38 行.
INFO: Run Behavior\ParseTemplateBehavior [ RunTime:0.019001s ]
INFO: [ view_parse ] --END-- [ RunTime:0.019001s ]
INFO: [ view_filter ] --START--
INFO: Run Behavior\WriteHtmlCacheBehavior [ RunTime:0.000000s ]
INFO: [ view_filter ] --END-- [ RunTime:0.000000s ]
INFO: [ app_end ] --START--
INFO: Run Behavior\ShowPageTraceBehavior [ RunTime:0.001001s ]
INFO: [ app_end ] --END-- [ RunTime:0.001001s ]

[ 2016-09-13T18:37:28+08:00 ] 127.0.0.1 /Find/
INFO: [ app_init ] --START--
INFO: Run Behavior\BuildLiteBehavior [ RunTime:0.000000s ]
INFO: [ app_init ] --END-- [ RunTime:0.001000s ]
INFO: [ app_begin ] --START--
INFO: Run Behavior\ReadHtmlCacheBehavior [ RunTime:0.000000s ]
INFO: [ app_begin ] --END-- [ RunTime:0.000000s ]
NOTIC: [8] Undefined variable: dataArr D:\host\a\Find\Application\Home\Model\PlateModel.class.php 第 19 行.
INFO: [ view_parse ] --START--
INFO: [ template_filter ] --START--
INFO: Run Behavior\ContentReplaceBehavior [ RunTime:0.000000s ]
INFO: [ template_filter ] --END-- [ RunTime:0.001000s ]
NOTIC: [8] Undefined variable: user D:\host\a\Find\Application\Runtime\Cache\Home\88cabc94a330a90c907681dda4214225.php 第 38 行.
INFO: Run Behavior\ParseTemplateBehavior [ RunTime:0.019002s ]
INFO: [ view_parse ] --END-- [ RunTime:0.019002s ]
INFO: [ view_filter ] --START--
INFO: Run Behavior\WriteHtmlCacheBehavior [ RunTime:0.001000s ]
INFO: [ view_filter ] --END-- [ RunTime:0.001000s ]
INFO: [ app_end ] --START--
INFO: Run Behavior\ShowPageTraceBehavior [ RunTime:0.001000s ]
INFO: [ app_end ] --END-- [ RunTime:0.001000s ]

